Current working directory
/zfs/projects/darc/wolee_edehaan_suzienoh-exploratory-ml/kevin
source venv/bin/activate
which python3
/zfs/projects/darc/wolee_edehaan_suzienoh-exploratory-ml/kevin/venv/bin/python3
Intel(R) Extension for Scikit-learn* enabled (https://github.com/intel/scikit-learn-intelex)
Intel(R) Extension for Scikit-learn* enabled (https://github.com/intel/scikit-learn-intelex)
INFO:preprocess_data_nn.py:

Loading and preprocessing data...

DEBUG:preprocess_data_nn.py:      date  permno
0  1980-01   10006
1  1980-01   10057
2  1980-01   10103
3  1980-01   10137
4  1980-01   10145
DEBUG:preprocess_data_nn.py:--------------------------------------------------
INFO:main.py:preprocessed df: (2216189, 158)
INFO:preprocess_data_nn.py:

Applying secondary data preprocessing..

INFO:main.py:secondary preprocessed df: (2165515, 158)
INFO:main.py:df sample:    permno  gvkey   adatadate  fyear  sic2     spi       mve_f  ...     zerotrade      beta    betasq      rsq1  pricedelay   idiovol  pyear
0   10006   1010  12/31/1978   1978    37  0.0000  269.308500  ...  1.115306e-07  1.060420  1.124491  0.343408    0.029859  0.025576   1980
1   10057   1098  09/30/1978   1978    36  0.0000   97.372000  ...  6.199128e-08  1.526013  2.328716  0.307905    0.092667  0.037473   1980
2   10103   1012  10/31/1978   1978    33     NaN    1.697500  ...           NaN  1.759493  3.095816  0.096753    0.221851  0.087020   1980
3   10137   1279  12/31/1978   1978    49     NaN  537.524500  ...  9.726790e-08  0.492885  0.242936  0.189693    0.125777  0.017540   1980
4   10145   1300  12/31/1978   1978    99 -0.0031  805.633282  ...  6.190654e-08  1.139163  1.297691  0.279437    0.024228  0.031201   1980

[5 rows x 158 columns]
INFO:main.py:

Transform data

INFO:transform_data_nn.py:Train data years: [1980, 1981, 1982, 1983, 1984, 1985, 1986]
INFO:transform_data_nn.py:Train_data: (341783, 158)

INFO:transform_data_nn.py:Test data years: [1987]
INFO:transform_data_nn.py:Test_data: (53899, 158)

INFO:transform_data_nn.py:Retrain data years: [1980, 1981, 1982, 1983, 1984, 1985, 1986, 1987]
INFO:transform_data_nn.py:Retrain_data: (395682, 158)

INFO:transform_data_nn.py:Prediction data years: [1988]
INFO:transform_data_nn.py:Prediction_data: (56005, 158)

DEBUG:main.py:Pipeline built: Pipeline(steps=[('Time_period_mean_imputation',
                 _TimePeriodMeanTransformer(date_column='date',
                                            numeric_columns=['absacc', 'acc',
                                                             'aeavol', 'age',
                                                             'agr', 'baspread',
                                                             'beta', 'betasq',
                                                             'bm', 'bm_ia',
                                                             'cash', 'cashdebt',
                                                             'cashpr', 'cfp',
                                                             'cfp_ia',
                                                             'chatoia',
                                                             'chcsho',
                                                             'chempia',
                                                             'chfeps', 'chinv',
                                                             'chmom',
                                                             'chnanalyst',
                                                             'chpmia', 'chtx',
                                                             'cinvest',
                                                             'currat', 'depr',
                                                             'disp', 'dolvo...
                                                   'chempia', 'chfeps', 'chinv',
                                                   'chmom', 'chnanalyst',
                                                   'chpmia', 'chtx', 'cinvest',
                                                   'currat', 'depr', 'disp',
                                                   'dolvol', 'dy', ...]),
                                                 ('cat',
                                                  Pipeline(steps=[('impute_cat',
                                                                   SimpleImputer(fill_value=0,
                                                                                 strategy='constant'))]),
                                                  ['convind', 'divi', 'divo',
                                                   'ipo', 'rd', 'securedind',
                                                   'sin']),
                                                 ('embed',
                                                  Pipeline(steps=[('impute_embed',
                                                                   SimpleImputer(fill_value=0,
                                                                                 strategy='constant'))]),
                                                  ['permno'])]))])
INFO:main.py:

Generate X and y with train_data and test_data

DEBUG:main.py:Save the reload the tensors for much faster debugging
INFO:main.py:Tensors directory already exists at: /zfs/projects/darc/wolee_edehaan_suzienoh-exploratory-ml/kevin/tensors
DEBUG:main.py:Load the tensors
INFO:main.py:
        x_train_tf: torch.Size([341783, 103])
        y_train_tf: torch.Size([341783])

        x_test_tf: torch.Size([53899, 103])
        y_test_tf: torch.Size([53899])

    
INFO:main.py:
        x_retrain_tf: torch.Size([395682, 103])
        y_retrain_tf: torch.Size([395682])

        x_prediction_tf: torch.Size([56005, 103])
        y_prediction_tf: torch.Size([56005])

    
INFO:main.py:Create train_dataset
INFO:main.py:train_dataset first example: (tensor([ 0.2614,  0.5034,  0.2386, -0.6303,  0.0469, -0.5241, -0.0284, -0.2584,
         0.3866,  0.1910, -0.8830,  0.0062, -0.5088, -0.1862, -0.0053,  0.0250,
        -0.4235,  0.1175,  0.0000,  0.6719, -0.3586,  0.0000,  0.0257,  0.0166,
         0.0370, -0.2229, -0.6756,  0.0000,  0.5764,  1.1873,  0.6227, -0.1414,
         0.5064,  0.0000, -0.5226, -0.2165,  0.1496,  0.1907,  0.1020, -1.1512,
        -0.3211,  0.0239,  0.3191, -0.0440, -0.0208, -0.6509, -0.0216, -0.0993,
        -0.6609, -0.2278, -0.1547,  0.9190, -0.1748,  0.0000,  0.0265, -0.3809,
        -0.9466, -0.0875, -0.6362, -0.1616,  0.1008, -0.6415, -0.3684, -0.1993,
        -0.2698, -0.5237,  0.0996, -0.1018, -0.1900, -0.4132, -0.7240, -0.3249,
         0.0346, -0.8136,  0.1052, -1.0783,  0.2870,  0.2369,  0.6056,  0.1760,
        -0.4392, -0.2020, -0.0110,  0.0000, -0.0826, -0.0538, -0.3134, -0.6841,
        -0.4092, -0.4207,  0.1949, -0.2766,  0.1496, -0.1756, -0.5206,  0.0000,
         0.0000,  0.0000,  0.0000,  0.0000,  0.0000,  0.0000]), tensor([4658]), tensor(0.2117))
INFO:main.py:Create test_dataset
INFO:main.py:test_dataset first example: (tensor([-6.9920e-03,  8.9557e-03, -3.4033e-01, -1.6683e+00,  4.0069e-03,
         1.0097e+00, -2.5891e-03, -1.0957e-02, -9.5448e-01,  1.8591e-01,
         3.8505e-01,  6.2086e-01,  1.9972e-01,  2.1500e-02, -2.2037e-05,
         6.4081e-03, -7.8682e-03,  1.2509e-02,  0.0000e+00,  2.2175e-02,
        -7.5173e-02,  0.0000e+00, -1.5533e-02,  1.2460e-02,  3.1036e-02,
         1.3005e-01, -2.3377e-01,  0.0000e+00, -4.6695e-01, -7.7328e-01,
        -6.6426e-01,  6.0568e-03, -1.6879e-02,  0.0000e+00,  1.5509e-02,
        -1.9876e-03,  9.2778e-03, -4.6920e-01,  6.8878e-04, -2.7767e-02,
        -1.1036e-01, -6.2118e-01,  1.3711e-02, -4.6129e-01, -4.5306e-03,
         2.2998e+00,  1.6293e-02, -1.3041e+00,  5.4224e-02, -1.1150e-03,
        -8.5550e-01, -1.1288e+00, -3.1813e-01,  0.0000e+00, -8.7597e-01,
         1.4499e-02,  3.0605e-02,  1.3658e-02, -8.7689e-03, -1.7061e-02,
         1.2506e-02, -1.1364e-02, -2.6022e-03,  1.5424e-03, -6.5274e-04,
        -7.4535e-03, -6.8802e-03, -2.2825e-02,  2.5533e-02,  1.5004e-01,
        -1.1726e-02, -2.4365e-02,  3.4575e-02,  1.6018e+00, -3.4779e+00,
        -7.2764e-02, -2.0625e+00,  4.1949e-01, -3.2436e-01, -4.6815e-01,
        -4.0800e-01, -3.1863e-01,  1.6746e+00,  0.0000e+00, -3.2632e-03,
        -6.4726e-01,  8.8510e-02,  5.2651e-01, -4.4860e-02, -4.4852e-02,
        -2.1688e-01,  1.4353e+00,  1.8772e-01,  3.0461e-01, -5.2065e-01,
         0.0000e+00,  0.0000e+00,  0.0000e+00,  1.0000e+00,  0.0000e+00,
         1.0000e+00,  0.0000e+00]), tensor([3315]), tensor(-0.5200))
INFO:main.py:Create retrain_dataset
INFO:main.py:retrain_dataset first example: (tensor([ 2.4375e-01,  4.9617e-01,  2.3474e-01, -6.5108e-01,  3.9445e-02,
        -5.2971e-01, -3.2399e-02, -2.6454e-01,  4.4939e-01,  1.9404e-01,
        -8.7559e-01,  2.9982e-02, -5.1678e-01, -1.7870e-01,  2.8057e-02,
         2.6105e-02, -4.2786e-01,  1.3802e-01,  0.0000e+00,  6.8093e-01,
        -3.5624e-01,  0.0000e+00,  3.2302e-02, -4.2100e-03,  2.3124e-02,
        -2.2767e-01, -6.6230e-01,  0.0000e+00,  5.4395e-01,  1.2575e+00,
         6.0546e-01, -1.2386e-01,  5.1282e-01,  0.0000e+00, -5.0374e-01,
        -2.0934e-01,  1.6390e-01,  1.9552e-01,  8.7618e-02, -1.1469e+00,
        -3.1720e-01,  6.2132e-02,  3.3133e-01, -2.5122e-02, -3.4593e-02,
        -6.5851e-01,  4.2816e-04, -7.2423e-02, -6.5629e-01, -2.1883e-01,
        -1.4935e-01,  8.9773e-01, -1.5623e-01,  0.0000e+00,  2.4546e-02,
        -3.5709e-01, -9.4222e-01, -1.1718e-01, -6.1813e-01, -1.7652e-01,
         1.0460e-01, -6.2822e-01, -3.6749e-01, -1.8878e-01, -2.6630e-01,
        -5.2445e-01,  7.6502e-02, -1.0615e-01, -1.6425e-01, -4.0413e-01,
        -7.2657e-01, -3.3089e-01,  3.7161e-02, -8.1525e-01,  1.3346e-01,
        -9.9192e-01,  2.9311e-01,  2.4566e-01,  6.3414e-01,  1.7033e-01,
        -4.4184e-01, -2.0106e-01, -3.8979e-03,  0.0000e+00, -7.9384e-02,
        -1.3757e-02, -3.2263e-01, -6.8126e-01, -1.6517e-01, -1.5155e-01,
         1.8087e-01, -2.6300e-01,  1.4201e-01, -2.0741e-01, -5.1845e-01,
         0.0000e+00,  0.0000e+00,  0.0000e+00,  0.0000e+00,  0.0000e+00,
         0.0000e+00,  0.0000e+00]), tensor([5107]), tensor(0.2117))
INFO:main.py:Create prediction_dataset
INFO:main.py:prediction_dataset first example: (tensor([-9.6036e-01, -4.9283e-01, -4.7202e-01, -1.2875e+00, -5.9088e-01,
        -3.4143e-01, -1.7353e+00, -1.0156e+00,  6.0711e-02,  1.9547e-01,
        -4.0377e-01, -9.2351e-03, -4.1386e-03, -3.5552e-02,  1.6291e-02,
         4.4557e-03, -4.1867e-01,  1.1388e-02,  0.0000e+00, -2.8223e-01,
        -1.5983e-01,  0.0000e+00,  8.3143e-02,  4.9025e-02, -1.0656e-02,
        -6.2313e-01, -8.2264e-01,  0.0000e+00, -5.7750e-01,  1.3797e+00,
        -1.6007e+00, -3.2115e-01,  1.1211e-01,  0.0000e+00, -1.0634e+00,
         3.8040e-03, -5.2228e-01, -8.2825e-01, -2.7243e-01, -8.6950e-01,
         5.3128e-01, -8.5044e-01, -3.8617e-01, -2.6063e-01, -4.5432e-01,
        -1.9406e-01,  1.0492e-02, -3.0692e-01,  5.1011e-03, -9.7349e-03,
        -8.4332e-01, -1.1018e+00, -1.1294e+00,  0.0000e+00, -8.6923e-01,
        -9.1403e-01,  2.6640e-02, -1.2260e-01, -3.3319e-01, -3.9018e-02,
        -1.9560e-01, -3.4380e-01, -1.7398e-01,  3.2079e-01, -1.7674e-03,
        -4.6619e-01, -2.1413e-01,  1.4636e+00, -8.8986e-01, -3.8259e-01,
        -9.5638e-03, -3.3089e-02,  3.7161e-02,  3.0098e-02, -4.4583e-01,
        -7.1099e-02, -3.4420e-01,  8.4362e-02, -6.3088e-01, -2.8029e-01,
         4.2441e+00,  3.3876e-01, -3.8979e-03,  0.0000e+00, -7.6692e-01,
        -6.3231e-02,  2.3258e+00,  5.0224e+00, -3.6348e-02, -4.6659e-02,
         2.0041e-01, -8.0320e-01, -4.0666e-01,  3.0623e-01,  1.1257e+00,
         0.0000e+00,  0.0000e+00,  0.0000e+00,  0.0000e+00,  0.0000e+00,
         0.0000e+00,  0.0000e+00]), tensor([743]), tensor(0.0638))
INFO:main.py:train and test dataloader
INFO:main.py:train_loader first example: [tensor([[-1.0088e+00, -5.4216e-01, -4.3827e-01,  ...,  0.0000e+00,
          0.0000e+00,  0.0000e+00],
        [-6.9240e-01, -2.8173e-01, -2.2381e-03,  ...,  0.0000e+00,
          0.0000e+00,  0.0000e+00],
        [-2.1133e-01,  1.1428e-01, -3.3944e-01,  ...,  0.0000e+00,
          0.0000e+00,  0.0000e+00],
        ...,
        [ 4.2181e+00,  3.3445e+00, -9.9015e-01,  ...,  1.0000e+00,
          1.0000e+00,  0.0000e+00],
        [-2.6579e-01,  6.9446e-02,  2.2379e-01,  ...,  0.0000e+00,
          0.0000e+00,  0.0000e+00],
        [-5.0509e-01, -1.2754e-01, -3.0765e-01,  ...,  1.0000e+00,
          1.0000e+00,  0.0000e+00]]), tensor([[ 744],
        [6406],
        [4041],
        [5012],
        [3544],
        [4236],
        [6607],
        [4539],
        [5727],
        [3836],
        [3768],
        [3586],
        [1462],
        [4370],
        [5168],
        [2264],
        [5308],
        [2104],
        [1272],
        [2800],
        [3804],
        [1771],
        [5532],
        [5696],
        [2918],
        [2102],
        [4159],
        [4624],
        [5925],
        [ 922],
        [3846],
        [2478]]), tensor([ 0.0655, -0.0700,  0.0394,  0.0787,  0.1803, -0.0815, -0.2308,  0.0750,
         0.0774,  0.0566,  0.1026,  0.0150, -0.0853, -0.0414,  0.0484,  0.0000,
         0.1579,  0.1905,  0.0409, -0.0023, -0.0377,  0.3750, -0.0077,  0.0000,
         0.0371,  0.0653,  0.2111,  0.0000, -0.1364,  0.0000, -0.0100,  0.1071])]

INFO:main.py:test_loader first example: [tensor([[-6.9920e-03,  8.9557e-03, -3.4033e-01,  ...,  0.0000e+00,
          1.0000e+00,  0.0000e+00],
        [-6.9920e-03,  8.9557e-03, -6.7673e-04,  ...,  0.0000e+00,
          0.0000e+00,  0.0000e+00],
        [-6.9920e-03,  8.9557e-03,  1.0606e-01,  ...,  0.0000e+00,
          0.0000e+00,  0.0000e+00],
        ...,
        [-3.9113e-01, -3.3732e-02, -8.1276e-01,  ...,  0.0000e+00,
          1.0000e+00,  1.0000e+00],
        [-9.6154e-01, -5.0328e-01, -6.0189e-01,  ...,  0.0000e+00,
          0.0000e+00,  0.0000e+00],
        [ 3.6633e+00,  3.3038e+00,  1.8561e+00,  ...,  0.0000e+00,
          0.0000e+00,  0.0000e+00]]), tensor([[3315],
        [2425],
        [1247],
        [3335],
        [ 932],
        [ 496],
        [ 596],
        [1865],
        [ 148],
        [ 107],
        [1118],
        [  91],
        [3151],
        [ 688],
        [ 138],
        [1802],
        [2698],
        [4661],
        [2867],
        [4254],
        [1152],
        [1012],
        [2176],
        [ 535],
        [4450],
        [3869],
        [2930],
        [ 385],
        [2748],
        [1881],
        [2031],
        [2570]]), tensor([-0.5200,  0.0000, -0.0217,  0.0909,  0.0417, -0.2105,  0.1136,  0.3243,
         0.0667,  0.2500,  0.1060,  0.1562,  0.4306,  0.1304, -0.0133, -0.0222,
        -0.2667, -0.1571,  0.1707,  0.0667,  0.0847,  0.1776,  0.2695,  0.0476,
         0.1163,  0.2268, -0.1351,  0.0000,  0.3103,  0.1769,  0.1379,  0.2647])]

INFO:main.py:retrain and prediction dataloader
INFO:main.py:retrain_loader first example: [tensor([[-6.4251e-01, -2.3176e-01, -1.2428e-02,  ...,  0.0000e+00,
          1.0000e+00,  0.0000e+00],
        [ 6.6112e-03, -8.9386e-04,  1.0027e-01,  ...,  0.0000e+00,
          1.0000e+00,  0.0000e+00],
        [-1.1822e+00, -7.7625e-01,  4.7390e-02,  ...,  0.0000e+00,
          1.0000e+00,  0.0000e+00],
        ...,
        [ 1.7761e+00,  1.7547e+00,  7.9389e-03,  ...,  0.0000e+00,
          0.0000e+00,  0.0000e+00],
        [-4.8290e-01, -1.0067e-01,  1.6989e+00,  ...,  0.0000e+00,
          1.0000e+00,  0.0000e+00],
        [ 5.6217e-03, -3.3511e-03, -8.8565e-01,  ...,  0.0000e+00,
          0.0000e+00,  0.0000e+00]]), tensor([[4569],
        [  84],
        [4955],
        [1890],
        [ 402],
        [  16],
        [4092],
        [4858],
        [ 634],
        [ 671],
        [6155],
        [4961],
        [1739],
        [6747],
        [3727],
        [2826],
        [3058],
        [2447],
        [5003],
        [ 187],
        [3564],
        [3393],
        [6584],
        [ 745],
        [4290],
        [5363],
        [2200],
        [2043],
        [1202],
        [3936],
        [6561],
        [3205]]), tensor([-0.0385,  0.0476, -0.1154,  0.0000,  0.3143,  0.3333,  0.2000,  0.1145,
         0.1567,  0.1346,  0.0615, -0.1176,  0.1224, -0.0654,  0.1617,  0.0000,
         0.0312,  0.0342, -0.0789,  0.3538,  0.1223,  0.0124,  0.1680,  0.0000,
         0.1739, -0.0413, -0.0680,  0.0992,  0.0638, -0.1042,  0.0435,  0.0425])]

INFO:main.py:prediction_loader first example: [tensor([[-0.9604, -0.4928, -0.4720,  ...,  0.0000,  0.0000,  0.0000],
        [-0.0053,  0.0067,  3.1135,  ...,  0.0000,  0.0000,  0.0000],
        [-0.0053,  0.0067, -0.1770,  ...,  0.0000,  1.0000,  0.0000],
        ...,
        [ 0.0554,  0.3415, -0.3227,  ...,  0.0000,  1.0000,  0.0000],
        [-0.0053,  0.0067, -0.3629,  ...,  0.0000,  1.0000,  0.0000],
        [-0.0053,  0.0067,  1.4540,  ...,  0.0000,  1.0000,  0.0000]]), tensor([[ 743],
        [3829],
        [4020],
        [1448],
        [3463],
        [ 474],
        [1251],
        [1075],
        [2604],
        [1828],
        [1750],
        [1310],
        [3224],
        [2001],
        [3481],
        [2706],
        [ 612],
        [ 974],
        [1443],
        [ 430],
        [4586],
        [3357],
        [1247],
        [ 527],
        [3280],
        [ 626],
        [1951],
        [ 502],
        [3744],
        [ 156],
        [3261],
        [4985]]), tensor([ 0.0638,  0.1111,  0.1190, -0.0606,  0.0769,  0.0467, -0.0147, -0.1111,
        -0.0345,  0.0000, -0.1304, -0.0476,  0.0682,  0.0517,  0.2500, -0.1176,
        -0.0357,  0.0000,  0.2500,  0.2075, -0.3333,  0.0000, -0.0909, -0.3077,
         0.1212, -0.0556,  0.2353, -0.1923, -0.0952, -0.0845,  0.6875,  0.0800])]

INFO:main.py:Hyperparameters tuning with Ray Tune
INFO:main.py:Training data years: [1980, 1981, 1982, 1983, 1984, 1985, 1986]
INFO:main.py:Testing data year: 1987
2024-07-02 22:54:43,898	INFO worker.py:1753 -- Started a local Ray instance.
2024-07-02 22:54:43,926	INFO packaging.py:530 -- Creating a file package for local directory '/zfs/projects/darc/wolee_edehaan_suzienoh-exploratory-ml/kevin/src'.
2024-07-02 22:54:43,951	INFO packaging.py:358 -- Pushing file package 'gcs://_ray_pkg_355028f0108691b8.zip' (1.19MiB) to Ray cluster...
2024-07-02 22:54:43,960	INFO packaging.py:371 -- Successfully pushed file package 'gcs://_ray_pkg_355028f0108691b8.zip'.
2024-07-02 22:54:45,911	WARNING tune.py:902 -- AIR_VERBOSITY is set, ignoring passed-in ProgressReporter for now.
2024-07-02 22:54:54,006	ERROR tune_controller.py:1331 -- Trial task failed for trial train_fnn_13ce7_00001
Traceback (most recent call last):
  File "/zfs/projects/darc/wolee_edehaan_suzienoh-exploratory-ml/kevin/venv/lib/python3.10/site-packages/ray/air/execution/_internal/event_manager.py", line 110, in resolve_future
    result = ray.get(future)
  File "/zfs/projects/darc/wolee_edehaan_suzienoh-exploratory-ml/kevin/venv/lib/python3.10/site-packages/ray/_private/auto_init_hook.py", line 21, in auto_init_wrapper
    return fn(*args, **kwargs)
  File "/zfs/projects/darc/wolee_edehaan_suzienoh-exploratory-ml/kevin/venv/lib/python3.10/site-packages/ray/_private/client_mode_hook.py", line 103, in wrapper
    return func(*args, **kwargs)
  File "/zfs/projects/darc/wolee_edehaan_suzienoh-exploratory-ml/kevin/venv/lib/python3.10/site-packages/ray/_private/worker.py", line 2613, in get
    values, debugger_breakpoint = worker.get_objects(object_refs, timeout=timeout)
  File "/zfs/projects/darc/wolee_edehaan_suzienoh-exploratory-ml/kevin/venv/lib/python3.10/site-packages/ray/_private/worker.py", line 861, in get_objects
    raise value.as_instanceof_cause()
ray.exceptions.RayTaskError(AttributeError): [36mray::ImplicitFunc.train()[39m (pid=3489640, ip=10.112.2.40, actor_id=e71fe2de039bfbea3b0e94b101000000, repr=train_fnn)
  File "/zfs/projects/darc/wolee_edehaan_suzienoh-exploratory-ml/kevin/venv/lib/python3.10/site-packages/ray/tune/trainable/trainable.py", line 331, in train
    raise skipped from exception_cause(skipped)
  File "/zfs/projects/darc/wolee_edehaan_suzienoh-exploratory-ml/kevin/venv/lib/python3.10/site-packages/ray/air/_internal/util.py", line 98, in run
    self._ret = self._target(*self._args, **self._kwargs)
  File "/zfs/projects/darc/wolee_edehaan_suzienoh-exploratory-ml/kevin/venv/lib/python3.10/site-packages/ray/tune/trainable/function_trainable.py", line 45, in <lambda>
    training_func=lambda: self._trainable_func(self.config),
  File "/zfs/projects/darc/wolee_edehaan_suzienoh-exploratory-ml/kevin/venv/lib/python3.10/site-packages/ray/tune/trainable/function_trainable.py", line 248, in _trainable_func
    output = fn()
  File "/zfs/projects/darc/wolee_edehaan_suzienoh-exploratory-ml/kevin/venv/lib/python3.10/site-packages/ray/tune/trainable/util.py", line 130, in inner
    return trainable(config, **fn_kwargs)
  File "/tmp/ray/session_2024-07-02_22-54-41_444445_3481399/runtime_resources/working_dir_files/_ray_pkg_355028f0108691b8/model_data_nn.py", line 159, in train_fnn
    loss_function = nn.MSE
AttributeError: module 'torch.nn' has no attribute 'MSE'
2024-07-02 22:54:54,016	ERROR tune_controller.py:1331 -- Trial task failed for trial train_fnn_13ce7_00000
Traceback (most recent call last):
  File "/zfs/projects/darc/wolee_edehaan_suzienoh-exploratory-ml/kevin/venv/lib/python3.10/site-packages/ray/air/execution/_internal/event_manager.py", line 110, in resolve_future
    result = ray.get(future)
  File "/zfs/projects/darc/wolee_edehaan_suzienoh-exploratory-ml/kevin/venv/lib/python3.10/site-packages/ray/_private/auto_init_hook.py", line 21, in auto_init_wrapper
    return fn(*args, **kwargs)
  File "/zfs/projects/darc/wolee_edehaan_suzienoh-exploratory-ml/kevin/venv/lib/python3.10/site-packages/ray/_private/client_mode_hook.py", line 103, in wrapper
    return func(*args, **kwargs)
  File "/zfs/projects/darc/wolee_edehaan_suzienoh-exploratory-ml/kevin/venv/lib/python3.10/site-packages/ray/_private/worker.py", line 2613, in get
    values, debugger_breakpoint = worker.get_objects(object_refs, timeout=timeout)
  File "/zfs/projects/darc/wolee_edehaan_suzienoh-exploratory-ml/kevin/venv/lib/python3.10/site-packages/ray/_private/worker.py", line 861, in get_objects
    raise value.as_instanceof_cause()
ray.exceptions.RayTaskError(AttributeError): [36mray::ImplicitFunc.train()[39m (pid=3489639, ip=10.112.2.40, actor_id=6196c3a597afc6c1be513c2501000000, repr=train_fnn)
  File "/zfs/projects/darc/wolee_edehaan_suzienoh-exploratory-ml/kevin/venv/lib/python3.10/site-packages/ray/tune/trainable/trainable.py", line 331, in train
    raise skipped from exception_cause(skipped)
  File "/zfs/projects/darc/wolee_edehaan_suzienoh-exploratory-ml/kevin/venv/lib/python3.10/site-packages/ray/air/_internal/util.py", line 98, in run
    self._ret = self._target(*self._args, **self._kwargs)
  File "/zfs/projects/darc/wolee_edehaan_suzienoh-exploratory-ml/kevin/venv/lib/python3.10/site-packages/ray/tune/trainable/function_trainable.py", line 45, in <lambda>
    training_func=lambda: self._trainable_func(self.config),
  File "/zfs/projects/darc/wolee_edehaan_suzienoh-exploratory-ml/kevin/venv/lib/python3.10/site-packages/ray/tune/trainable/function_trainable.py", line 248, in _trainable_func
    output = fn()
  File "/zfs/projects/darc/wolee_edehaan_suzienoh-exploratory-ml/kevin/venv/lib/python3.10/site-packages/ray/tune/trainable/util.py", line 130, in inner
    return trainable(config, **fn_kwargs)
  File "/tmp/ray/session_2024-07-02_22-54-41_444445_3481399/runtime_resources/working_dir_files/_ray_pkg_355028f0108691b8/model_data_nn.py", line 159, in train_fnn
    loss_function = nn.MSE
AttributeError: module 'torch.nn' has no attribute 'MSE'
2024-07-02 22:54:59,714	ERROR tune_controller.py:1331 -- Trial task failed for trial train_fnn_13ce7_00002
Traceback (most recent call last):
  File "/zfs/projects/darc/wolee_edehaan_suzienoh-exploratory-ml/kevin/venv/lib/python3.10/site-packages/ray/air/execution/_internal/event_manager.py", line 110, in resolve_future
    result = ray.get(future)
  File "/zfs/projects/darc/wolee_edehaan_suzienoh-exploratory-ml/kevin/venv/lib/python3.10/site-packages/ray/_private/auto_init_hook.py", line 21, in auto_init_wrapper
    return fn(*args, **kwargs)
  File "/zfs/projects/darc/wolee_edehaan_suzienoh-exploratory-ml/kevin/venv/lib/python3.10/site-packages/ray/_private/client_mode_hook.py", line 103, in wrapper
    return func(*args, **kwargs)
  File "/zfs/projects/darc/wolee_edehaan_suzienoh-exploratory-ml/kevin/venv/lib/python3.10/site-packages/ray/_private/worker.py", line 2613, in get
    values, debugger_breakpoint = worker.get_objects(object_refs, timeout=timeout)
  File "/zfs/projects/darc/wolee_edehaan_suzienoh-exploratory-ml/kevin/venv/lib/python3.10/site-packages/ray/_private/worker.py", line 861, in get_objects
    raise value.as_instanceof_cause()
ray.exceptions.RayTaskError(AttributeError): [36mray::ImplicitFunc.train()[39m (pid=3489876, ip=10.112.2.40, actor_id=56ce4668d5581b2939c2b8c601000000, repr=train_fnn)
  File "/zfs/projects/darc/wolee_edehaan_suzienoh-exploratory-ml/kevin/venv/lib/python3.10/site-packages/ray/tune/trainable/trainable.py", line 331, in train
    raise skipped from exception_cause(skipped)
  File "/zfs/projects/darc/wolee_edehaan_suzienoh-exploratory-ml/kevin/venv/lib/python3.10/site-packages/ray/air/_internal/util.py", line 98, in run
    self._ret = self._target(*self._args, **self._kwargs)
  File "/zfs/projects/darc/wolee_edehaan_suzienoh-exploratory-ml/kevin/venv/lib/python3.10/site-packages/ray/tune/trainable/function_trainable.py", line 45, in <lambda>
    training_func=lambda: self._trainable_func(self.config),
  File "/zfs/projects/darc/wolee_edehaan_suzienoh-exploratory-ml/kevin/venv/lib/python3.10/site-packages/ray/tune/trainable/function_trainable.py", line 248, in _trainable_func
    output = fn()
  File "/zfs/projects/darc/wolee_edehaan_suzienoh-exploratory-ml/kevin/venv/lib/python3.10/site-packages/ray/tune/trainable/util.py", line 130, in inner
    return trainable(config, **fn_kwargs)
  File "/tmp/ray/session_2024-07-02_22-54-41_444445_3481399/runtime_resources/working_dir_files/_ray_pkg_355028f0108691b8/model_data_nn.py", line 159, in train_fnn
    loss_function = nn.MSE
AttributeError: module 'torch.nn' has no attribute 'MSE'
2024-07-02 22:54:59,734	ERROR tune_controller.py:1331 -- Trial task failed for trial train_fnn_13ce7_00003
Traceback (most recent call last):
  File "/zfs/projects/darc/wolee_edehaan_suzienoh-exploratory-ml/kevin/venv/lib/python3.10/site-packages/ray/air/execution/_internal/event_manager.py", line 110, in resolve_future
    result = ray.get(future)
  File "/zfs/projects/darc/wolee_edehaan_suzienoh-exploratory-ml/kevin/venv/lib/python3.10/site-packages/ray/_private/auto_init_hook.py", line 21, in auto_init_wrapper
    return fn(*args, **kwargs)
  File "/zfs/projects/darc/wolee_edehaan_suzienoh-exploratory-ml/kevin/venv/lib/python3.10/site-packages/ray/_private/client_mode_hook.py", line 103, in wrapper
    return func(*args, **kwargs)
  File "/zfs/projects/darc/wolee_edehaan_suzienoh-exploratory-ml/kevin/venv/lib/python3.10/site-packages/ray/_private/worker.py", line 2613, in get
    values, debugger_breakpoint = worker.get_objects(object_refs, timeout=timeout)
  File "/zfs/projects/darc/wolee_edehaan_suzienoh-exploratory-ml/kevin/venv/lib/python3.10/site-packages/ray/_private/worker.py", line 861, in get_objects
    raise value.as_instanceof_cause()
ray.exceptions.RayTaskError(AttributeError): [36mray::ImplicitFunc.train()[39m (pid=3489877, ip=10.112.2.40, actor_id=f1e73f77ed5e73a0d25d6d6201000000, repr=train_fnn)
  File "/zfs/projects/darc/wolee_edehaan_suzienoh-exploratory-ml/kevin/venv/lib/python3.10/site-packages/ray/tune/trainable/trainable.py", line 331, in train
    raise skipped from exception_cause(skipped)
  File "/zfs/projects/darc/wolee_edehaan_suzienoh-exploratory-ml/kevin/venv/lib/python3.10/site-packages/ray/air/_internal/util.py", line 98, in run
    self._ret = self._target(*self._args, **self._kwargs)
  File "/zfs/projects/darc/wolee_edehaan_suzienoh-exploratory-ml/kevin/venv/lib/python3.10/site-packages/ray/tune/trainable/function_trainable.py", line 45, in <lambda>
    training_func=lambda: self._trainable_func(self.config),
  File "/zfs/projects/darc/wolee_edehaan_suzienoh-exploratory-ml/kevin/venv/lib/python3.10/site-packages/ray/tune/trainable/function_trainable.py", line 248, in _trainable_func
    output = fn()
  File "/zfs/projects/darc/wolee_edehaan_suzienoh-exploratory-ml/kevin/venv/lib/python3.10/site-packages/ray/tune/trainable/util.py", line 130, in inner
    return trainable(config, **fn_kwargs)
  File "/tmp/ray/session_2024-07-02_22-54-41_444445_3481399/runtime_resources/working_dir_files/_ray_pkg_355028f0108691b8/model_data_nn.py", line 159, in train_fnn
    loss_function = nn.MSE
AttributeError: module 'torch.nn' has no attribute 'MSE'
2024-07-02 22:55:05,915	ERROR tune_controller.py:1331 -- Trial task failed for trial train_fnn_13ce7_00005
Traceback (most recent call last):
  File "/zfs/projects/darc/wolee_edehaan_suzienoh-exploratory-ml/kevin/venv/lib/python3.10/site-packages/ray/air/execution/_internal/event_manager.py", line 110, in resolve_future
    result = ray.get(future)
  File "/zfs/projects/darc/wolee_edehaan_suzienoh-exploratory-ml/kevin/venv/lib/python3.10/site-packages/ray/_private/auto_init_hook.py", line 21, in auto_init_wrapper
    return fn(*args, **kwargs)
  File "/zfs/projects/darc/wolee_edehaan_suzienoh-exploratory-ml/kevin/venv/lib/python3.10/site-packages/ray/_private/client_mode_hook.py", line 103, in wrapper
    return func(*args, **kwargs)
  File "/zfs/projects/darc/wolee_edehaan_suzienoh-exploratory-ml/kevin/venv/lib/python3.10/site-packages/ray/_private/worker.py", line 2613, in get
    values, debugger_breakpoint = worker.get_objects(object_refs, timeout=timeout)
  File "/zfs/projects/darc/wolee_edehaan_suzienoh-exploratory-ml/kevin/venv/lib/python3.10/site-packages/ray/_private/worker.py", line 861, in get_objects
    raise value.as_instanceof_cause()
ray.exceptions.RayTaskError(AttributeError): [36mray::ImplicitFunc.train()[39m (pid=3490041, ip=10.112.2.40, actor_id=18e959027df6c6dae968b28a01000000, repr=train_fnn)
  File "/zfs/projects/darc/wolee_edehaan_suzienoh-exploratory-ml/kevin/venv/lib/python3.10/site-packages/ray/tune/trainable/trainable.py", line 331, in train
    raise skipped from exception_cause(skipped)
  File "/zfs/projects/darc/wolee_edehaan_suzienoh-exploratory-ml/kevin/venv/lib/python3.10/site-packages/ray/air/_internal/util.py", line 98, in run
    self._ret = self._target(*self._args, **self._kwargs)
  File "/zfs/projects/darc/wolee_edehaan_suzienoh-exploratory-ml/kevin/venv/lib/python3.10/site-packages/ray/tune/trainable/function_trainable.py", line 45, in <lambda>
    training_func=lambda: self._trainable_func(self.config),
  File "/zfs/projects/darc/wolee_edehaan_suzienoh-exploratory-ml/kevin/venv/lib/python3.10/site-packages/ray/tune/trainable/function_trainable.py", line 248, in _trainable_func
    output = fn()
  File "/zfs/projects/darc/wolee_edehaan_suzienoh-exploratory-ml/kevin/venv/lib/python3.10/site-packages/ray/tune/trainable/util.py", line 130, in inner
    return trainable(config, **fn_kwargs)
  File "/tmp/ray/session_2024-07-02_22-54-41_444445_3481399/runtime_resources/working_dir_files/_ray_pkg_355028f0108691b8/model_data_nn.py", line 159, in train_fnn
    loss_function = nn.MSE
AttributeError: module 'torch.nn' has no attribute 'MSE'
2024-07-02 22:55:05,925	ERROR tune_controller.py:1331 -- Trial task failed for trial train_fnn_13ce7_00004
Traceback (most recent call last):
  File "/zfs/projects/darc/wolee_edehaan_suzienoh-exploratory-ml/kevin/venv/lib/python3.10/site-packages/ray/air/execution/_internal/event_manager.py", line 110, in resolve_future
    result = ray.get(future)
  File "/zfs/projects/darc/wolee_edehaan_suzienoh-exploratory-ml/kevin/venv/lib/python3.10/site-packages/ray/_private/auto_init_hook.py", line 21, in auto_init_wrapper
    return fn(*args, **kwargs)
  File "/zfs/projects/darc/wolee_edehaan_suzienoh-exploratory-ml/kevin/venv/lib/python3.10/site-packages/ray/_private/client_mode_hook.py", line 103, in wrapper
    return func(*args, **kwargs)
  File "/zfs/projects/darc/wolee_edehaan_suzienoh-exploratory-ml/kevin/venv/lib/python3.10/site-packages/ray/_private/worker.py", line 2613, in get
    values, debugger_breakpoint = worker.get_objects(object_refs, timeout=timeout)
  File "/zfs/projects/darc/wolee_edehaan_suzienoh-exploratory-ml/kevin/venv/lib/python3.10/site-packages/ray/_private/worker.py", line 861, in get_objects
    raise value.as_instanceof_cause()
ray.exceptions.RayTaskError(AttributeError): [36mray::ImplicitFunc.train()[39m (pid=3490040, ip=10.112.2.40, actor_id=262561994931d051154a221101000000, repr=train_fnn)
  File "/zfs/projects/darc/wolee_edehaan_suzienoh-exploratory-ml/kevin/venv/lib/python3.10/site-packages/ray/tune/trainable/trainable.py", line 331, in train
    raise skipped from exception_cause(skipped)
  File "/zfs/projects/darc/wolee_edehaan_suzienoh-exploratory-ml/kevin/venv/lib/python3.10/site-packages/ray/air/_internal/util.py", line 98, in run
    self._ret = self._target(*self._args, **self._kwargs)
  File "/zfs/projects/darc/wolee_edehaan_suzienoh-exploratory-ml/kevin/venv/lib/python3.10/site-packages/ray/tune/trainable/function_trainable.py", line 45, in <lambda>
    training_func=lambda: self._trainable_func(self.config),
  File "/zfs/projects/darc/wolee_edehaan_suzienoh-exploratory-ml/kevin/venv/lib/python3.10/site-packages/ray/tune/trainable/function_trainable.py", line 248, in _trainable_func
    output = fn()
  File "/zfs/projects/darc/wolee_edehaan_suzienoh-exploratory-ml/kevin/venv/lib/python3.10/site-packages/ray/tune/trainable/util.py", line 130, in inner
    return trainable(config, **fn_kwargs)
  File "/tmp/ray/session_2024-07-02_22-54-41_444445_3481399/runtime_resources/working_dir_files/_ray_pkg_355028f0108691b8/model_data_nn.py", line 159, in train_fnn
    loss_function = nn.MSE
AttributeError: module 'torch.nn' has no attribute 'MSE'
2024-07-02 22:55:12,421	ERROR tune_controller.py:1331 -- Trial task failed for trial train_fnn_13ce7_00006
Traceback (most recent call last):
  File "/zfs/projects/darc/wolee_edehaan_suzienoh-exploratory-ml/kevin/venv/lib/python3.10/site-packages/ray/air/execution/_internal/event_manager.py", line 110, in resolve_future
    result = ray.get(future)
  File "/zfs/projects/darc/wolee_edehaan_suzienoh-exploratory-ml/kevin/venv/lib/python3.10/site-packages/ray/_private/auto_init_hook.py", line 21, in auto_init_wrapper
    return fn(*args, **kwargs)
  File "/zfs/projects/darc/wolee_edehaan_suzienoh-exploratory-ml/kevin/venv/lib/python3.10/site-packages/ray/_private/client_mode_hook.py", line 103, in wrapper
    return func(*args, **kwargs)
  File "/zfs/projects/darc/wolee_edehaan_suzienoh-exploratory-ml/kevin/venv/lib/python3.10/site-packages/ray/_private/worker.py", line 2613, in get
    values, debugger_breakpoint = worker.get_objects(object_refs, timeout=timeout)
  File "/zfs/projects/darc/wolee_edehaan_suzienoh-exploratory-ml/kevin/venv/lib/python3.10/site-packages/ray/_private/worker.py", line 861, in get_objects
    raise value.as_instanceof_cause()
ray.exceptions.RayTaskError(AttributeError): [36mray::ImplicitFunc.train()[39m (pid=3496474, ip=10.112.2.40, actor_id=7191aec00751b701ad57e63801000000, repr=train_fnn)
  File "/zfs/projects/darc/wolee_edehaan_suzienoh-exploratory-ml/kevin/venv/lib/python3.10/site-packages/ray/tune/trainable/trainable.py", line 331, in train
    raise skipped from exception_cause(skipped)
  File "/zfs/projects/darc/wolee_edehaan_suzienoh-exploratory-ml/kevin/venv/lib/python3.10/site-packages/ray/air/_internal/util.py", line 98, in run
    self._ret = self._target(*self._args, **self._kwargs)
  File "/zfs/projects/darc/wolee_edehaan_suzienoh-exploratory-ml/kevin/venv/lib/python3.10/site-packages/ray/tune/trainable/function_trainable.py", line 45, in <lambda>
    training_func=lambda: self._trainable_func(self.config),
  File "/zfs/projects/darc/wolee_edehaan_suzienoh-exploratory-ml/kevin/venv/lib/python3.10/site-packages/ray/tune/trainable/function_trainable.py", line 248, in _trainable_func
    output = fn()
  File "/zfs/projects/darc/wolee_edehaan_suzienoh-exploratory-ml/kevin/venv/lib/python3.10/site-packages/ray/tune/trainable/util.py", line 130, in inner
    return trainable(config, **fn_kwargs)
  File "/tmp/ray/session_2024-07-02_22-54-41_444445_3481399/runtime_resources/working_dir_files/_ray_pkg_355028f0108691b8/model_data_nn.py", line 159, in train_fnn
    loss_function = nn.MSE
AttributeError: module 'torch.nn' has no attribute 'MSE'
2024-07-02 22:55:12,552	ERROR tune_controller.py:1331 -- Trial task failed for trial train_fnn_13ce7_00007
Traceback (most recent call last):
  File "/zfs/projects/darc/wolee_edehaan_suzienoh-exploratory-ml/kevin/venv/lib/python3.10/site-packages/ray/air/execution/_internal/event_manager.py", line 110, in resolve_future
    result = ray.get(future)
  File "/zfs/projects/darc/wolee_edehaan_suzienoh-exploratory-ml/kevin/venv/lib/python3.10/site-packages/ray/_private/auto_init_hook.py", line 21, in auto_init_wrapper
    return fn(*args, **kwargs)
  File "/zfs/projects/darc/wolee_edehaan_suzienoh-exploratory-ml/kevin/venv/lib/python3.10/site-packages/ray/_private/client_mode_hook.py", line 103, in wrapper
    return func(*args, **kwargs)
  File "/zfs/projects/darc/wolee_edehaan_suzienoh-exploratory-ml/kevin/venv/lib/python3.10/site-packages/ray/_private/worker.py", line 2613, in get
    values, debugger_breakpoint = worker.get_objects(object_refs, timeout=timeout)
  File "/zfs/projects/darc/wolee_edehaan_suzienoh-exploratory-ml/kevin/venv/lib/python3.10/site-packages/ray/_private/worker.py", line 861, in get_objects
    raise value.as_instanceof_cause()
ray.exceptions.RayTaskError(AttributeError): [36mray::ImplicitFunc.train()[39m (pid=3496485, ip=10.112.2.40, actor_id=6f716b70060cb5c8b7b6638201000000, repr=train_fnn)
  File "/zfs/projects/darc/wolee_edehaan_suzienoh-exploratory-ml/kevin/venv/lib/python3.10/site-packages/ray/tune/trainable/trainable.py", line 331, in train
    raise skipped from exception_cause(skipped)
  File "/zfs/projects/darc/wolee_edehaan_suzienoh-exploratory-ml/kevin/venv/lib/python3.10/site-packages/ray/air/_internal/util.py", line 98, in run
    self._ret = self._target(*self._args, **self._kwargs)
  File "/zfs/projects/darc/wolee_edehaan_suzienoh-exploratory-ml/kevin/venv/lib/python3.10/site-packages/ray/tune/trainable/function_trainable.py", line 45, in <lambda>
    training_func=lambda: self._trainable_func(self.config),
  File "/zfs/projects/darc/wolee_edehaan_suzienoh-exploratory-ml/kevin/venv/lib/python3.10/site-packages/ray/tune/trainable/function_trainable.py", line 248, in _trainable_func
    output = fn()
  File "/zfs/projects/darc/wolee_edehaan_suzienoh-exploratory-ml/kevin/venv/lib/python3.10/site-packages/ray/tune/trainable/util.py", line 130, in inner
    return trainable(config, **fn_kwargs)
  File "/tmp/ray/session_2024-07-02_22-54-41_444445_3481399/runtime_resources/working_dir_files/_ray_pkg_355028f0108691b8/model_data_nn.py", line 159, in train_fnn
    loss_function = nn.MSE
AttributeError: module 'torch.nn' has no attribute 'MSE'
2024-07-02 22:55:17,745	ERROR tune_controller.py:1331 -- Trial task failed for trial train_fnn_13ce7_00009
Traceback (most recent call last):
  File "/zfs/projects/darc/wolee_edehaan_suzienoh-exploratory-ml/kevin/venv/lib/python3.10/site-packages/ray/air/execution/_internal/event_manager.py", line 110, in resolve_future
    result = ray.get(future)
  File "/zfs/projects/darc/wolee_edehaan_suzienoh-exploratory-ml/kevin/venv/lib/python3.10/site-packages/ray/_private/auto_init_hook.py", line 21, in auto_init_wrapper
    return fn(*args, **kwargs)
  File "/zfs/projects/darc/wolee_edehaan_suzienoh-exploratory-ml/kevin/venv/lib/python3.10/site-packages/ray/_private/client_mode_hook.py", line 103, in wrapper
    return func(*args, **kwargs)
  File "/zfs/projects/darc/wolee_edehaan_suzienoh-exploratory-ml/kevin/venv/lib/python3.10/site-packages/ray/_private/worker.py", line 2613, in get
    values, debugger_breakpoint = worker.get_objects(object_refs, timeout=timeout)
  File "/zfs/projects/darc/wolee_edehaan_suzienoh-exploratory-ml/kevin/venv/lib/python3.10/site-packages/ray/_private/worker.py", line 861, in get_objects
    raise value.as_instanceof_cause()
ray.exceptions.RayTaskError(AttributeError): [36mray::ImplicitFunc.train()[39m (pid=3498407, ip=10.112.2.40, actor_id=8beef59374c6e1b104e8bc3b01000000, repr=train_fnn)
  File "/zfs/projects/darc/wolee_edehaan_suzienoh-exploratory-ml/kevin/venv/lib/python3.10/site-packages/ray/tune/trainable/trainable.py", line 331, in train
    raise skipped from exception_cause(skipped)
  File "/zfs/projects/darc/wolee_edehaan_suzienoh-exploratory-ml/kevin/venv/lib/python3.10/site-packages/ray/air/_internal/util.py", line 98, in run
    self._ret = self._target(*self._args, **self._kwargs)
  File "/zfs/projects/darc/wolee_edehaan_suzienoh-exploratory-ml/kevin/venv/lib/python3.10/site-packages/ray/tune/trainable/function_trainable.py", line 45, in <lambda>
    training_func=lambda: self._trainable_func(self.config),
  File "/zfs/projects/darc/wolee_edehaan_suzienoh-exploratory-ml/kevin/venv/lib/python3.10/site-packages/ray/tune/trainable/function_trainable.py", line 248, in _trainable_func
    output = fn()
  File "/zfs/projects/darc/wolee_edehaan_suzienoh-exploratory-ml/kevin/venv/lib/python3.10/site-packages/ray/tune/trainable/util.py", line 130, in inner
    return trainable(config, **fn_kwargs)
  File "/tmp/ray/session_2024-07-02_22-54-41_444445_3481399/runtime_resources/working_dir_files/_ray_pkg_355028f0108691b8/model_data_nn.py", line 159, in train_fnn
    loss_function = nn.MSE
AttributeError: module 'torch.nn' has no attribute 'MSE'
2024-07-02 22:55:17,754	ERROR tune_controller.py:1331 -- Trial task failed for trial train_fnn_13ce7_00008
Traceback (most recent call last):
  File "/zfs/projects/darc/wolee_edehaan_suzienoh-exploratory-ml/kevin/venv/lib/python3.10/site-packages/ray/air/execution/_internal/event_manager.py", line 110, in resolve_future
    result = ray.get(future)
  File "/zfs/projects/darc/wolee_edehaan_suzienoh-exploratory-ml/kevin/venv/lib/python3.10/site-packages/ray/_private/auto_init_hook.py", line 21, in auto_init_wrapper
    return fn(*args, **kwargs)
  File "/zfs/projects/darc/wolee_edehaan_suzienoh-exploratory-ml/kevin/venv/lib/python3.10/site-packages/ray/_private/client_mode_hook.py", line 103, in wrapper
    return func(*args, **kwargs)
  File "/zfs/projects/darc/wolee_edehaan_suzienoh-exploratory-ml/kevin/venv/lib/python3.10/site-packages/ray/_private/worker.py", line 2613, in get
    values, debugger_breakpoint = worker.get_objects(object_refs, timeout=timeout)
  File "/zfs/projects/darc/wolee_edehaan_suzienoh-exploratory-ml/kevin/venv/lib/python3.10/site-packages/ray/_private/worker.py", line 861, in get_objects
    raise value.as_instanceof_cause()
ray.exceptions.RayTaskError(AttributeError): [36mray::ImplicitFunc.train()[39m (pid=3498406, ip=10.112.2.40, actor_id=dc83b1fff1084799e945347601000000, repr=train_fnn)
  File "/zfs/projects/darc/wolee_edehaan_suzienoh-exploratory-ml/kevin/venv/lib/python3.10/site-packages/ray/tune/trainable/trainable.py", line 331, in train
    raise skipped from exception_cause(skipped)
  File "/zfs/projects/darc/wolee_edehaan_suzienoh-exploratory-ml/kevin/venv/lib/python3.10/site-packages/ray/air/_internal/util.py", line 98, in run
    self._ret = self._target(*self._args, **self._kwargs)
  File "/zfs/projects/darc/wolee_edehaan_suzienoh-exploratory-ml/kevin/venv/lib/python3.10/site-packages/ray/tune/trainable/function_trainable.py", line 45, in <lambda>
    training_func=lambda: self._trainable_func(self.config),
  File "/zfs/projects/darc/wolee_edehaan_suzienoh-exploratory-ml/kevin/venv/lib/python3.10/site-packages/ray/tune/trainable/function_trainable.py", line 248, in _trainable_func
    output = fn()
  File "/zfs/projects/darc/wolee_edehaan_suzienoh-exploratory-ml/kevin/venv/lib/python3.10/site-packages/ray/tune/trainable/util.py", line 130, in inner
    return trainable(config, **fn_kwargs)
  File "/tmp/ray/session_2024-07-02_22-54-41_444445_3481399/runtime_resources/working_dir_files/_ray_pkg_355028f0108691b8/model_data_nn.py", line 159, in train_fnn
    loss_function = nn.MSE
AttributeError: module 'torch.nn' has no attribute 'MSE'
2024-07-02 22:55:24,501	ERROR tune_controller.py:1331 -- Trial task failed for trial train_fnn_13ce7_00010
Traceback (most recent call last):
  File "/zfs/projects/darc/wolee_edehaan_suzienoh-exploratory-ml/kevin/venv/lib/python3.10/site-packages/ray/air/execution/_internal/event_manager.py", line 110, in resolve_future
    result = ray.get(future)
  File "/zfs/projects/darc/wolee_edehaan_suzienoh-exploratory-ml/kevin/venv/lib/python3.10/site-packages/ray/_private/auto_init_hook.py", line 21, in auto_init_wrapper
    return fn(*args, **kwargs)
  File "/zfs/projects/darc/wolee_edehaan_suzienoh-exploratory-ml/kevin/venv/lib/python3.10/site-packages/ray/_private/client_mode_hook.py", line 103, in wrapper
    return func(*args, **kwargs)
  File "/zfs/projects/darc/wolee_edehaan_suzienoh-exploratory-ml/kevin/venv/lib/python3.10/site-packages/ray/_private/worker.py", line 2613, in get
    values, debugger_breakpoint = worker.get_objects(object_refs, timeout=timeout)
  File "/zfs/projects/darc/wolee_edehaan_suzienoh-exploratory-ml/kevin/venv/lib/python3.10/site-packages/ray/_private/worker.py", line 861, in get_objects
    raise value.as_instanceof_cause()
ray.exceptions.RayTaskError(AttributeError): [36mray::ImplicitFunc.train()[39m (pid=3498567, ip=10.112.2.40, actor_id=e0a1816933647dbd465d35eb01000000, repr=train_fnn)
  File "/zfs/projects/darc/wolee_edehaan_suzienoh-exploratory-ml/kevin/venv/lib/python3.10/site-packages/ray/tune/trainable/trainable.py", line 331, in train
    raise skipped from exception_cause(skipped)
  File "/zfs/projects/darc/wolee_edehaan_suzienoh-exploratory-ml/kevin/venv/lib/python3.10/site-packages/ray/air/_internal/util.py", line 98, in run
    self._ret = self._target(*self._args, **self._kwargs)
  File "/zfs/projects/darc/wolee_edehaan_suzienoh-exploratory-ml/kevin/venv/lib/python3.10/site-packages/ray/tune/trainable/function_trainable.py", line 45, in <lambda>
    training_func=lambda: self._trainable_func(self.config),
  File "/zfs/projects/darc/wolee_edehaan_suzienoh-exploratory-ml/kevin/venv/lib/python3.10/site-packages/ray/tune/trainable/function_trainable.py", line 248, in _trainable_func
    output = fn()
  File "/zfs/projects/darc/wolee_edehaan_suzienoh-exploratory-ml/kevin/venv/lib/python3.10/site-packages/ray/tune/trainable/util.py", line 130, in inner
    return trainable(config, **fn_kwargs)
  File "/tmp/ray/session_2024-07-02_22-54-41_444445_3481399/runtime_resources/working_dir_files/_ray_pkg_355028f0108691b8/model_data_nn.py", line 159, in train_fnn
    loss_function = nn.MSE
AttributeError: module 'torch.nn' has no attribute 'MSE'
2024-07-02 22:55:24,509	ERROR tune_controller.py:1331 -- Trial task failed for trial train_fnn_13ce7_00011
Traceback (most recent call last):
  File "/zfs/projects/darc/wolee_edehaan_suzienoh-exploratory-ml/kevin/venv/lib/python3.10/site-packages/ray/air/execution/_internal/event_manager.py", line 110, in resolve_future
    result = ray.get(future)
  File "/zfs/projects/darc/wolee_edehaan_suzienoh-exploratory-ml/kevin/venv/lib/python3.10/site-packages/ray/_private/auto_init_hook.py", line 21, in auto_init_wrapper
    return fn(*args, **kwargs)
  File "/zfs/projects/darc/wolee_edehaan_suzienoh-exploratory-ml/kevin/venv/lib/python3.10/site-packages/ray/_private/client_mode_hook.py", line 103, in wrapper
    return func(*args, **kwargs)
  File "/zfs/projects/darc/wolee_edehaan_suzienoh-exploratory-ml/kevin/venv/lib/python3.10/site-packages/ray/_private/worker.py", line 2613, in get
    values, debugger_breakpoint = worker.get_objects(object_refs, timeout=timeout)
  File "/zfs/projects/darc/wolee_edehaan_suzienoh-exploratory-ml/kevin/venv/lib/python3.10/site-packages/ray/_private/worker.py", line 861, in get_objects
    raise value.as_instanceof_cause()
ray.exceptions.RayTaskError(AttributeError): [36mray::ImplicitFunc.train()[39m (pid=3498568, ip=10.112.2.40, actor_id=190e0ded6ef7c94e0da4314c01000000, repr=train_fnn)
  File "/zfs/projects/darc/wolee_edehaan_suzienoh-exploratory-ml/kevin/venv/lib/python3.10/site-packages/ray/tune/trainable/trainable.py", line 331, in train
    raise skipped from exception_cause(skipped)
  File "/zfs/projects/darc/wolee_edehaan_suzienoh-exploratory-ml/kevin/venv/lib/python3.10/site-packages/ray/air/_internal/util.py", line 98, in run
    self._ret = self._target(*self._args, **self._kwargs)
  File "/zfs/projects/darc/wolee_edehaan_suzienoh-exploratory-ml/kevin/venv/lib/python3.10/site-packages/ray/tune/trainable/function_trainable.py", line 45, in <lambda>
    training_func=lambda: self._trainable_func(self.config),
  File "/zfs/projects/darc/wolee_edehaan_suzienoh-exploratory-ml/kevin/venv/lib/python3.10/site-packages/ray/tune/trainable/function_trainable.py", line 248, in _trainable_func
    output = fn()
  File "/zfs/projects/darc/wolee_edehaan_suzienoh-exploratory-ml/kevin/venv/lib/python3.10/site-packages/ray/tune/trainable/util.py", line 130, in inner
    return trainable(config, **fn_kwargs)
  File "/tmp/ray/session_2024-07-02_22-54-41_444445_3481399/runtime_resources/working_dir_files/_ray_pkg_355028f0108691b8/model_data_nn.py", line 159, in train_fnn
    loss_function = nn.MSE
AttributeError: module 'torch.nn' has no attribute 'MSE'
2024-07-02 22:55:30,799	ERROR tune_controller.py:1331 -- Trial task failed for trial train_fnn_13ce7_00012
Traceback (most recent call last):
  File "/zfs/projects/darc/wolee_edehaan_suzienoh-exploratory-ml/kevin/venv/lib/python3.10/site-packages/ray/air/execution/_internal/event_manager.py", line 110, in resolve_future
    result = ray.get(future)
  File "/zfs/projects/darc/wolee_edehaan_suzienoh-exploratory-ml/kevin/venv/lib/python3.10/site-packages/ray/_private/auto_init_hook.py", line 21, in auto_init_wrapper
    return fn(*args, **kwargs)
  File "/zfs/projects/darc/wolee_edehaan_suzienoh-exploratory-ml/kevin/venv/lib/python3.10/site-packages/ray/_private/client_mode_hook.py", line 103, in wrapper
    return func(*args, **kwargs)
  File "/zfs/projects/darc/wolee_edehaan_suzienoh-exploratory-ml/kevin/venv/lib/python3.10/site-packages/ray/_private/worker.py", line 2613, in get
    values, debugger_breakpoint = worker.get_objects(object_refs, timeout=timeout)
  File "/zfs/projects/darc/wolee_edehaan_suzienoh-exploratory-ml/kevin/venv/lib/python3.10/site-packages/ray/_private/worker.py", line 861, in get_objects
    raise value.as_instanceof_cause()
ray.exceptions.RayTaskError(AttributeError): [36mray::ImplicitFunc.train()[39m (pid=3498728, ip=10.112.2.40, actor_id=ba93148fdbe8814d70d9114801000000, repr=train_fnn)
  File "/zfs/projects/darc/wolee_edehaan_suzienoh-exploratory-ml/kevin/venv/lib/python3.10/site-packages/ray/tune/trainable/trainable.py", line 331, in train
    raise skipped from exception_cause(skipped)
  File "/zfs/projects/darc/wolee_edehaan_suzienoh-exploratory-ml/kevin/venv/lib/python3.10/site-packages/ray/air/_internal/util.py", line 98, in run
    self._ret = self._target(*self._args, **self._kwargs)
  File "/zfs/projects/darc/wolee_edehaan_suzienoh-exploratory-ml/kevin/venv/lib/python3.10/site-packages/ray/tune/trainable/function_trainable.py", line 45, in <lambda>
    training_func=lambda: self._trainable_func(self.config),
  File "/zfs/projects/darc/wolee_edehaan_suzienoh-exploratory-ml/kevin/venv/lib/python3.10/site-packages/ray/tune/trainable/function_trainable.py", line 248, in _trainable_func
    output = fn()
  File "/zfs/projects/darc/wolee_edehaan_suzienoh-exploratory-ml/kevin/venv/lib/python3.10/site-packages/ray/tune/trainable/util.py", line 130, in inner
    return trainable(config, **fn_kwargs)
  File "/tmp/ray/session_2024-07-02_22-54-41_444445_3481399/runtime_resources/working_dir_files/_ray_pkg_355028f0108691b8/model_data_nn.py", line 159, in train_fnn
    loss_function = nn.MSE
AttributeError: module 'torch.nn' has no attribute 'MSE'
2024-07-02 22:55:30,808	ERROR tune_controller.py:1331 -- Trial task failed for trial train_fnn_13ce7_00013
Traceback (most recent call last):
  File "/zfs/projects/darc/wolee_edehaan_suzienoh-exploratory-ml/kevin/venv/lib/python3.10/site-packages/ray/air/execution/_internal/event_manager.py", line 110, in resolve_future
    result = ray.get(future)
  File "/zfs/projects/darc/wolee_edehaan_suzienoh-exploratory-ml/kevin/venv/lib/python3.10/site-packages/ray/_private/auto_init_hook.py", line 21, in auto_init_wrapper
    return fn(*args, **kwargs)
  File "/zfs/projects/darc/wolee_edehaan_suzienoh-exploratory-ml/kevin/venv/lib/python3.10/site-packages/ray/_private/client_mode_hook.py", line 103, in wrapper
    return func(*args, **kwargs)
  File "/zfs/projects/darc/wolee_edehaan_suzienoh-exploratory-ml/kevin/venv/lib/python3.10/site-packages/ray/_private/worker.py", line 2613, in get
    values, debugger_breakpoint = worker.get_objects(object_refs, timeout=timeout)
  File "/zfs/projects/darc/wolee_edehaan_suzienoh-exploratory-ml/kevin/venv/lib/python3.10/site-packages/ray/_private/worker.py", line 861, in get_objects
    raise value.as_instanceof_cause()
ray.exceptions.RayTaskError(AttributeError): [36mray::ImplicitFunc.train()[39m (pid=3498729, ip=10.112.2.40, actor_id=41ce29b23722cc9f0138161601000000, repr=train_fnn)
  File "/zfs/projects/darc/wolee_edehaan_suzienoh-exploratory-ml/kevin/venv/lib/python3.10/site-packages/ray/tune/trainable/trainable.py", line 331, in train
    raise skipped from exception_cause(skipped)
  File "/zfs/projects/darc/wolee_edehaan_suzienoh-exploratory-ml/kevin/venv/lib/python3.10/site-packages/ray/air/_internal/util.py", line 98, in run
    self._ret = self._target(*self._args, **self._kwargs)
  File "/zfs/projects/darc/wolee_edehaan_suzienoh-exploratory-ml/kevin/venv/lib/python3.10/site-packages/ray/tune/trainable/function_trainable.py", line 45, in <lambda>
    training_func=lambda: self._trainable_func(self.config),
  File "/zfs/projects/darc/wolee_edehaan_suzienoh-exploratory-ml/kevin/venv/lib/python3.10/site-packages/ray/tune/trainable/function_trainable.py", line 248, in _trainable_func
    output = fn()
  File "/zfs/projects/darc/wolee_edehaan_suzienoh-exploratory-ml/kevin/venv/lib/python3.10/site-packages/ray/tune/trainable/util.py", line 130, in inner
    return trainable(config, **fn_kwargs)
  File "/tmp/ray/session_2024-07-02_22-54-41_444445_3481399/runtime_resources/working_dir_files/_ray_pkg_355028f0108691b8/model_data_nn.py", line 159, in train_fnn
    loss_function = nn.MSE
AttributeError: module 'torch.nn' has no attribute 'MSE'
2024-07-02 22:55:37,155	ERROR tune_controller.py:1331 -- Trial task failed for trial train_fnn_13ce7_00015
Traceback (most recent call last):
  File "/zfs/projects/darc/wolee_edehaan_suzienoh-exploratory-ml/kevin/venv/lib/python3.10/site-packages/ray/air/execution/_internal/event_manager.py", line 110, in resolve_future
    result = ray.get(future)
  File "/zfs/projects/darc/wolee_edehaan_suzienoh-exploratory-ml/kevin/venv/lib/python3.10/site-packages/ray/_private/auto_init_hook.py", line 21, in auto_init_wrapper
    return fn(*args, **kwargs)
  File "/zfs/projects/darc/wolee_edehaan_suzienoh-exploratory-ml/kevin/venv/lib/python3.10/site-packages/ray/_private/client_mode_hook.py", line 103, in wrapper
    return func(*args, **kwargs)
  File "/zfs/projects/darc/wolee_edehaan_suzienoh-exploratory-ml/kevin/venv/lib/python3.10/site-packages/ray/_private/worker.py", line 2613, in get
    values, debugger_breakpoint = worker.get_objects(object_refs, timeout=timeout)
  File "/zfs/projects/darc/wolee_edehaan_suzienoh-exploratory-ml/kevin/venv/lib/python3.10/site-packages/ray/_private/worker.py", line 861, in get_objects
    raise value.as_instanceof_cause()
ray.exceptions.RayTaskError(AttributeError): [36mray::ImplicitFunc.train()[39m (pid=3498893, ip=10.112.2.40, actor_id=4546acd9a010a3be68fc4dad01000000, repr=train_fnn)
  File "/zfs/projects/darc/wolee_edehaan_suzienoh-exploratory-ml/kevin/venv/lib/python3.10/site-packages/ray/tune/trainable/trainable.py", line 331, in train
    raise skipped from exception_cause(skipped)
  File "/zfs/projects/darc/wolee_edehaan_suzienoh-exploratory-ml/kevin/venv/lib/python3.10/site-packages/ray/air/_internal/util.py", line 98, in run
    self._ret = self._target(*self._args, **self._kwargs)
  File "/zfs/projects/darc/wolee_edehaan_suzienoh-exploratory-ml/kevin/venv/lib/python3.10/site-packages/ray/tune/trainable/function_trainable.py", line 45, in <lambda>
    training_func=lambda: self._trainable_func(self.config),
  File "/zfs/projects/darc/wolee_edehaan_suzienoh-exploratory-ml/kevin/venv/lib/python3.10/site-packages/ray/tune/trainable/function_trainable.py", line 248, in _trainable_func
    output = fn()
  File "/zfs/projects/darc/wolee_edehaan_suzienoh-exploratory-ml/kevin/venv/lib/python3.10/site-packages/ray/tune/trainable/util.py", line 130, in inner
    return trainable(config, **fn_kwargs)
  File "/tmp/ray/session_2024-07-02_22-54-41_444445_3481399/runtime_resources/working_dir_files/_ray_pkg_355028f0108691b8/model_data_nn.py", line 159, in train_fnn
    loss_function = nn.MSE
AttributeError: module 'torch.nn' has no attribute 'MSE'
2024-07-02 22:55:37,266	ERROR tune_controller.py:1331 -- Trial task failed for trial train_fnn_13ce7_00014
Traceback (most recent call last):
  File "/zfs/projects/darc/wolee_edehaan_suzienoh-exploratory-ml/kevin/venv/lib/python3.10/site-packages/ray/air/execution/_internal/event_manager.py", line 110, in resolve_future
    result = ray.get(future)
  File "/zfs/projects/darc/wolee_edehaan_suzienoh-exploratory-ml/kevin/venv/lib/python3.10/site-packages/ray/_private/auto_init_hook.py", line 21, in auto_init_wrapper
    return fn(*args, **kwargs)
  File "/zfs/projects/darc/wolee_edehaan_suzienoh-exploratory-ml/kevin/venv/lib/python3.10/site-packages/ray/_private/client_mode_hook.py", line 103, in wrapper
    return func(*args, **kwargs)
  File "/zfs/projects/darc/wolee_edehaan_suzienoh-exploratory-ml/kevin/venv/lib/python3.10/site-packages/ray/_private/worker.py", line 2613, in get
    values, debugger_breakpoint = worker.get_objects(object_refs, timeout=timeout)
  File "/zfs/projects/darc/wolee_edehaan_suzienoh-exploratory-ml/kevin/venv/lib/python3.10/site-packages/ray/_private/worker.py", line 861, in get_objects
    raise value.as_instanceof_cause()
ray.exceptions.RayTaskError(AttributeError): [36mray::ImplicitFunc.train()[39m (pid=3498892, ip=10.112.2.40, actor_id=6e3402e7955c58233c6b3a2401000000, repr=train_fnn)
  File "/zfs/projects/darc/wolee_edehaan_suzienoh-exploratory-ml/kevin/venv/lib/python3.10/site-packages/ray/tune/trainable/trainable.py", line 331, in train
    raise skipped from exception_cause(skipped)
  File "/zfs/projects/darc/wolee_edehaan_suzienoh-exploratory-ml/kevin/venv/lib/python3.10/site-packages/ray/air/_internal/util.py", line 98, in run
    self._ret = self._target(*self._args, **self._kwargs)
  File "/zfs/projects/darc/wolee_edehaan_suzienoh-exploratory-ml/kevin/venv/lib/python3.10/site-packages/ray/tune/trainable/function_trainable.py", line 45, in <lambda>
    training_func=lambda: self._trainable_func(self.config),
  File "/zfs/projects/darc/wolee_edehaan_suzienoh-exploratory-ml/kevin/venv/lib/python3.10/site-packages/ray/tune/trainable/function_trainable.py", line 248, in _trainable_func
    output = fn()
  File "/zfs/projects/darc/wolee_edehaan_suzienoh-exploratory-ml/kevin/venv/lib/python3.10/site-packages/ray/tune/trainable/util.py", line 130, in inner
    return trainable(config, **fn_kwargs)
  File "/tmp/ray/session_2024-07-02_22-54-41_444445_3481399/runtime_resources/working_dir_files/_ray_pkg_355028f0108691b8/model_data_nn.py", line 159, in train_fnn
    loss_function = nn.MSE
AttributeError: module 'torch.nn' has no attribute 'MSE'
2024-07-02 22:55:42,751	ERROR tune_controller.py:1331 -- Trial task failed for trial train_fnn_13ce7_00016
Traceback (most recent call last):
  File "/zfs/projects/darc/wolee_edehaan_suzienoh-exploratory-ml/kevin/venv/lib/python3.10/site-packages/ray/air/execution/_internal/event_manager.py", line 110, in resolve_future
    result = ray.get(future)
  File "/zfs/projects/darc/wolee_edehaan_suzienoh-exploratory-ml/kevin/venv/lib/python3.10/site-packages/ray/_private/auto_init_hook.py", line 21, in auto_init_wrapper
    return fn(*args, **kwargs)
  File "/zfs/projects/darc/wolee_edehaan_suzienoh-exploratory-ml/kevin/venv/lib/python3.10/site-packages/ray/_private/client_mode_hook.py", line 103, in wrapper
    return func(*args, **kwargs)
  File "/zfs/projects/darc/wolee_edehaan_suzienoh-exploratory-ml/kevin/venv/lib/python3.10/site-packages/ray/_private/worker.py", line 2613, in get
    values, debugger_breakpoint = worker.get_objects(object_refs, timeout=timeout)
  File "/zfs/projects/darc/wolee_edehaan_suzienoh-exploratory-ml/kevin/venv/lib/python3.10/site-packages/ray/_private/worker.py", line 861, in get_objects
    raise value.as_instanceof_cause()
ray.exceptions.RayTaskError(AttributeError): [36mray::ImplicitFunc.train()[39m (pid=3499069, ip=10.112.2.40, actor_id=fb1c575da6b02ab51ba21b8001000000, repr=train_fnn)
  File "/zfs/projects/darc/wolee_edehaan_suzienoh-exploratory-ml/kevin/venv/lib/python3.10/site-packages/ray/tune/trainable/trainable.py", line 331, in train
    raise skipped from exception_cause(skipped)
  File "/zfs/projects/darc/wolee_edehaan_suzienoh-exploratory-ml/kevin/venv/lib/python3.10/site-packages/ray/air/_internal/util.py", line 98, in run
    self._ret = self._target(*self._args, **self._kwargs)
  File "/zfs/projects/darc/wolee_edehaan_suzienoh-exploratory-ml/kevin/venv/lib/python3.10/site-packages/ray/tune/trainable/function_trainable.py", line 45, in <lambda>
    training_func=lambda: self._trainable_func(self.config),
  File "/zfs/projects/darc/wolee_edehaan_suzienoh-exploratory-ml/kevin/venv/lib/python3.10/site-packages/ray/tune/trainable/function_trainable.py", line 248, in _trainable_func
    output = fn()
  File "/zfs/projects/darc/wolee_edehaan_suzienoh-exploratory-ml/kevin/venv/lib/python3.10/site-packages/ray/tune/trainable/util.py", line 130, in inner
    return trainable(config, **fn_kwargs)
  File "/tmp/ray/session_2024-07-02_22-54-41_444445_3481399/runtime_resources/working_dir_files/_ray_pkg_355028f0108691b8/model_data_nn.py", line 159, in train_fnn
    loss_function = nn.MSE
AttributeError: module 'torch.nn' has no attribute 'MSE'
2024-07-02 22:55:42,832	ERROR tune_controller.py:1331 -- Trial task failed for trial train_fnn_13ce7_00017
Traceback (most recent call last):
  File "/zfs/projects/darc/wolee_edehaan_suzienoh-exploratory-ml/kevin/venv/lib/python3.10/site-packages/ray/air/execution/_internal/event_manager.py", line 110, in resolve_future
    result = ray.get(future)
  File "/zfs/projects/darc/wolee_edehaan_suzienoh-exploratory-ml/kevin/venv/lib/python3.10/site-packages/ray/_private/auto_init_hook.py", line 21, in auto_init_wrapper
    return fn(*args, **kwargs)
  File "/zfs/projects/darc/wolee_edehaan_suzienoh-exploratory-ml/kevin/venv/lib/python3.10/site-packages/ray/_private/client_mode_hook.py", line 103, in wrapper
    return func(*args, **kwargs)
  File "/zfs/projects/darc/wolee_edehaan_suzienoh-exploratory-ml/kevin/venv/lib/python3.10/site-packages/ray/_private/worker.py", line 2613, in get
    values, debugger_breakpoint = worker.get_objects(object_refs, timeout=timeout)
  File "/zfs/projects/darc/wolee_edehaan_suzienoh-exploratory-ml/kevin/venv/lib/python3.10/site-packages/ray/_private/worker.py", line 861, in get_objects
    raise value.as_instanceof_cause()
ray.exceptions.RayTaskError(AttributeError): [36mray::ImplicitFunc.train()[39m (pid=3499070, ip=10.112.2.40, actor_id=5178106daaae4bcf65e5a6a901000000, repr=train_fnn)
  File "/zfs/projects/darc/wolee_edehaan_suzienoh-exploratory-ml/kevin/venv/lib/python3.10/site-packages/ray/tune/trainable/trainable.py", line 331, in train
    raise skipped from exception_cause(skipped)
  File "/zfs/projects/darc/wolee_edehaan_suzienoh-exploratory-ml/kevin/venv/lib/python3.10/site-packages/ray/air/_internal/util.py", line 98, in run
    self._ret = self._target(*self._args, **self._kwargs)
  File "/zfs/projects/darc/wolee_edehaan_suzienoh-exploratory-ml/kevin/venv/lib/python3.10/site-packages/ray/tune/trainable/function_trainable.py", line 45, in <lambda>
    training_func=lambda: self._trainable_func(self.config),
  File "/zfs/projects/darc/wolee_edehaan_suzienoh-exploratory-ml/kevin/venv/lib/python3.10/site-packages/ray/tune/trainable/function_trainable.py", line 248, in _trainable_func
    output = fn()
  File "/zfs/projects/darc/wolee_edehaan_suzienoh-exploratory-ml/kevin/venv/lib/python3.10/site-packages/ray/tune/trainable/util.py", line 130, in inner
    return trainable(config, **fn_kwargs)
  File "/tmp/ray/session_2024-07-02_22-54-41_444445_3481399/runtime_resources/working_dir_files/_ray_pkg_355028f0108691b8/model_data_nn.py", line 159, in train_fnn
    loss_function = nn.MSE
AttributeError: module 'torch.nn' has no attribute 'MSE'
2024-07-02 22:55:48,109	ERROR tune_controller.py:1331 -- Trial task failed for trial train_fnn_13ce7_00018
Traceback (most recent call last):
  File "/zfs/projects/darc/wolee_edehaan_suzienoh-exploratory-ml/kevin/venv/lib/python3.10/site-packages/ray/air/execution/_internal/event_manager.py", line 110, in resolve_future
    result = ray.get(future)
  File "/zfs/projects/darc/wolee_edehaan_suzienoh-exploratory-ml/kevin/venv/lib/python3.10/site-packages/ray/_private/auto_init_hook.py", line 21, in auto_init_wrapper
    return fn(*args, **kwargs)
  File "/zfs/projects/darc/wolee_edehaan_suzienoh-exploratory-ml/kevin/venv/lib/python3.10/site-packages/ray/_private/client_mode_hook.py", line 103, in wrapper
    return func(*args, **kwargs)
  File "/zfs/projects/darc/wolee_edehaan_suzienoh-exploratory-ml/kevin/venv/lib/python3.10/site-packages/ray/_private/worker.py", line 2613, in get
    values, debugger_breakpoint = worker.get_objects(object_refs, timeout=timeout)
  File "/zfs/projects/darc/wolee_edehaan_suzienoh-exploratory-ml/kevin/venv/lib/python3.10/site-packages/ray/_private/worker.py", line 861, in get_objects
    raise value.as_instanceof_cause()
ray.exceptions.RayTaskError(AttributeError): [36mray::ImplicitFunc.train()[39m (pid=3501517, ip=10.112.2.40, actor_id=8e6a054cc8c3f006cefd064501000000, repr=train_fnn)
  File "/zfs/projects/darc/wolee_edehaan_suzienoh-exploratory-ml/kevin/venv/lib/python3.10/site-packages/ray/tune/trainable/trainable.py", line 331, in train
    raise skipped from exception_cause(skipped)
  File "/zfs/projects/darc/wolee_edehaan_suzienoh-exploratory-ml/kevin/venv/lib/python3.10/site-packages/ray/air/_internal/util.py", line 98, in run
    self._ret = self._target(*self._args, **self._kwargs)
  File "/zfs/projects/darc/wolee_edehaan_suzienoh-exploratory-ml/kevin/venv/lib/python3.10/site-packages/ray/tune/trainable/function_trainable.py", line 45, in <lambda>
    training_func=lambda: self._trainable_func(self.config),
  File "/zfs/projects/darc/wolee_edehaan_suzienoh-exploratory-ml/kevin/venv/lib/python3.10/site-packages/ray/tune/trainable/function_trainable.py", line 248, in _trainable_func
    output = fn()
  File "/zfs/projects/darc/wolee_edehaan_suzienoh-exploratory-ml/kevin/venv/lib/python3.10/site-packages/ray/tune/trainable/util.py", line 130, in inner
    return trainable(config, **fn_kwargs)
  File "/tmp/ray/session_2024-07-02_22-54-41_444445_3481399/runtime_resources/working_dir_files/_ray_pkg_355028f0108691b8/model_data_nn.py", line 159, in train_fnn
    loss_function = nn.MSE
AttributeError: module 'torch.nn' has no attribute 'MSE'
2024-07-02 22:55:48,219	ERROR tune_controller.py:1331 -- Trial task failed for trial train_fnn_13ce7_00019
Traceback (most recent call last):
  File "/zfs/projects/darc/wolee_edehaan_suzienoh-exploratory-ml/kevin/venv/lib/python3.10/site-packages/ray/air/execution/_internal/event_manager.py", line 110, in resolve_future
    result = ray.get(future)
  File "/zfs/projects/darc/wolee_edehaan_suzienoh-exploratory-ml/kevin/venv/lib/python3.10/site-packages/ray/_private/auto_init_hook.py", line 21, in auto_init_wrapper
    return fn(*args, **kwargs)
  File "/zfs/projects/darc/wolee_edehaan_suzienoh-exploratory-ml/kevin/venv/lib/python3.10/site-packages/ray/_private/client_mode_hook.py", line 103, in wrapper
    return func(*args, **kwargs)
  File "/zfs/projects/darc/wolee_edehaan_suzienoh-exploratory-ml/kevin/venv/lib/python3.10/site-packages/ray/_private/worker.py", line 2613, in get
    values, debugger_breakpoint = worker.get_objects(object_refs, timeout=timeout)
  File "/zfs/projects/darc/wolee_edehaan_suzienoh-exploratory-ml/kevin/venv/lib/python3.10/site-packages/ray/_private/worker.py", line 861, in get_objects
    raise value.as_instanceof_cause()
ray.exceptions.RayTaskError(AttributeError): [36mray::ImplicitFunc.train()[39m (pid=3501525, ip=10.112.2.40, actor_id=727d2f5cc836b25e5356c17b01000000, repr=train_fnn)
  File "/zfs/projects/darc/wolee_edehaan_suzienoh-exploratory-ml/kevin/venv/lib/python3.10/site-packages/ray/tune/trainable/trainable.py", line 331, in train
    raise skipped from exception_cause(skipped)
  File "/zfs/projects/darc/wolee_edehaan_suzienoh-exploratory-ml/kevin/venv/lib/python3.10/site-packages/ray/air/_internal/util.py", line 98, in run
    self._ret = self._target(*self._args, **self._kwargs)
  File "/zfs/projects/darc/wolee_edehaan_suzienoh-exploratory-ml/kevin/venv/lib/python3.10/site-packages/ray/tune/trainable/function_trainable.py", line 45, in <lambda>
    training_func=lambda: self._trainable_func(self.config),
  File "/zfs/projects/darc/wolee_edehaan_suzienoh-exploratory-ml/kevin/venv/lib/python3.10/site-packages/ray/tune/trainable/function_trainable.py", line 248, in _trainable_func
    output = fn()
  File "/zfs/projects/darc/wolee_edehaan_suzienoh-exploratory-ml/kevin/venv/lib/python3.10/site-packages/ray/tune/trainable/util.py", line 130, in inner
    return trainable(config, **fn_kwargs)
  File "/tmp/ray/session_2024-07-02_22-54-41_444445_3481399/runtime_resources/working_dir_files/_ray_pkg_355028f0108691b8/model_data_nn.py", line 159, in train_fnn
    loss_function = nn.MSE
AttributeError: module 'torch.nn' has no attribute 'MSE'
2024-07-02 22:55:53,441	ERROR tune_controller.py:1331 -- Trial task failed for trial train_fnn_13ce7_00021
Traceback (most recent call last):
  File "/zfs/projects/darc/wolee_edehaan_suzienoh-exploratory-ml/kevin/venv/lib/python3.10/site-packages/ray/air/execution/_internal/event_manager.py", line 110, in resolve_future
    result = ray.get(future)
  File "/zfs/projects/darc/wolee_edehaan_suzienoh-exploratory-ml/kevin/venv/lib/python3.10/site-packages/ray/_private/auto_init_hook.py", line 21, in auto_init_wrapper
    return fn(*args, **kwargs)
  File "/zfs/projects/darc/wolee_edehaan_suzienoh-exploratory-ml/kevin/venv/lib/python3.10/site-packages/ray/_private/client_mode_hook.py", line 103, in wrapper
    return func(*args, **kwargs)
  File "/zfs/projects/darc/wolee_edehaan_suzienoh-exploratory-ml/kevin/venv/lib/python3.10/site-packages/ray/_private/worker.py", line 2613, in get
    values, debugger_breakpoint = worker.get_objects(object_refs, timeout=timeout)
  File "/zfs/projects/darc/wolee_edehaan_suzienoh-exploratory-ml/kevin/venv/lib/python3.10/site-packages/ray/_private/worker.py", line 861, in get_objects
    raise value.as_instanceof_cause()
ray.exceptions.RayTaskError(AttributeError): [36mray::ImplicitFunc.train()[39m (pid=3505130, ip=10.112.2.40, actor_id=7697b13204cabd05c36d85be01000000, repr=train_fnn)
  File "/zfs/projects/darc/wolee_edehaan_suzienoh-exploratory-ml/kevin/venv/lib/python3.10/site-packages/ray/tune/trainable/trainable.py", line 331, in train
    raise skipped from exception_cause(skipped)
  File "/zfs/projects/darc/wolee_edehaan_suzienoh-exploratory-ml/kevin/venv/lib/python3.10/site-packages/ray/air/_internal/util.py", line 98, in run
    self._ret = self._target(*self._args, **self._kwargs)
  File "/zfs/projects/darc/wolee_edehaan_suzienoh-exploratory-ml/kevin/venv/lib/python3.10/site-packages/ray/tune/trainable/function_trainable.py", line 45, in <lambda>
    training_func=lambda: self._trainable_func(self.config),
  File "/zfs/projects/darc/wolee_edehaan_suzienoh-exploratory-ml/kevin/venv/lib/python3.10/site-packages/ray/tune/trainable/function_trainable.py", line 248, in _trainable_func
    output = fn()
  File "/zfs/projects/darc/wolee_edehaan_suzienoh-exploratory-ml/kevin/venv/lib/python3.10/site-packages/ray/tune/trainable/util.py", line 130, in inner
    return trainable(config, **fn_kwargs)
  File "/tmp/ray/session_2024-07-02_22-54-41_444445_3481399/runtime_resources/working_dir_files/_ray_pkg_355028f0108691b8/model_data_nn.py", line 159, in train_fnn
    loss_function = nn.MSE
AttributeError: module 'torch.nn' has no attribute 'MSE'
2024-07-02 22:55:54,876	ERROR tune_controller.py:1331 -- Trial task failed for trial train_fnn_13ce7_00020
Traceback (most recent call last):
  File "/zfs/projects/darc/wolee_edehaan_suzienoh-exploratory-ml/kevin/venv/lib/python3.10/site-packages/ray/air/execution/_internal/event_manager.py", line 110, in resolve_future
    result = ray.get(future)
  File "/zfs/projects/darc/wolee_edehaan_suzienoh-exploratory-ml/kevin/venv/lib/python3.10/site-packages/ray/_private/auto_init_hook.py", line 21, in auto_init_wrapper
    return fn(*args, **kwargs)
  File "/zfs/projects/darc/wolee_edehaan_suzienoh-exploratory-ml/kevin/venv/lib/python3.10/site-packages/ray/_private/client_mode_hook.py", line 103, in wrapper
    return func(*args, **kwargs)
  File "/zfs/projects/darc/wolee_edehaan_suzienoh-exploratory-ml/kevin/venv/lib/python3.10/site-packages/ray/_private/worker.py", line 2613, in get
    values, debugger_breakpoint = worker.get_objects(object_refs, timeout=timeout)
  File "/zfs/projects/darc/wolee_edehaan_suzienoh-exploratory-ml/kevin/venv/lib/python3.10/site-packages/ray/_private/worker.py", line 861, in get_objects
    raise value.as_instanceof_cause()
ray.exceptions.RayTaskError(AttributeError): [36mray::ImplicitFunc.train()[39m (pid=3505129, ip=10.112.2.40, actor_id=80d5fab075481d432acb1e2a01000000, repr=train_fnn)
  File "/zfs/projects/darc/wolee_edehaan_suzienoh-exploratory-ml/kevin/venv/lib/python3.10/site-packages/ray/tune/trainable/trainable.py", line 331, in train
    raise skipped from exception_cause(skipped)
  File "/zfs/projects/darc/wolee_edehaan_suzienoh-exploratory-ml/kevin/venv/lib/python3.10/site-packages/ray/air/_internal/util.py", line 98, in run
    self._ret = self._target(*self._args, **self._kwargs)
  File "/zfs/projects/darc/wolee_edehaan_suzienoh-exploratory-ml/kevin/venv/lib/python3.10/site-packages/ray/tune/trainable/function_trainable.py", line 45, in <lambda>
    training_func=lambda: self._trainable_func(self.config),
  File "/zfs/projects/darc/wolee_edehaan_suzienoh-exploratory-ml/kevin/venv/lib/python3.10/site-packages/ray/tune/trainable/function_trainable.py", line 248, in _trainable_func
    output = fn()
  File "/zfs/projects/darc/wolee_edehaan_suzienoh-exploratory-ml/kevin/venv/lib/python3.10/site-packages/ray/tune/trainable/util.py", line 130, in inner
    return trainable(config, **fn_kwargs)
  File "/tmp/ray/session_2024-07-02_22-54-41_444445_3481399/runtime_resources/working_dir_files/_ray_pkg_355028f0108691b8/model_data_nn.py", line 159, in train_fnn
    loss_function = nn.MSE
AttributeError: module 'torch.nn' has no attribute 'MSE'
2024-07-02 22:55:59,322	ERROR tune_controller.py:1331 -- Trial task failed for trial train_fnn_13ce7_00022
Traceback (most recent call last):
  File "/zfs/projects/darc/wolee_edehaan_suzienoh-exploratory-ml/kevin/venv/lib/python3.10/site-packages/ray/air/execution/_internal/event_manager.py", line 110, in resolve_future
    result = ray.get(future)
  File "/zfs/projects/darc/wolee_edehaan_suzienoh-exploratory-ml/kevin/venv/lib/python3.10/site-packages/ray/_private/auto_init_hook.py", line 21, in auto_init_wrapper
    return fn(*args, **kwargs)
  File "/zfs/projects/darc/wolee_edehaan_suzienoh-exploratory-ml/kevin/venv/lib/python3.10/site-packages/ray/_private/client_mode_hook.py", line 103, in wrapper
    return func(*args, **kwargs)
  File "/zfs/projects/darc/wolee_edehaan_suzienoh-exploratory-ml/kevin/venv/lib/python3.10/site-packages/ray/_private/worker.py", line 2613, in get
    values, debugger_breakpoint = worker.get_objects(object_refs, timeout=timeout)
  File "/zfs/projects/darc/wolee_edehaan_suzienoh-exploratory-ml/kevin/venv/lib/python3.10/site-packages/ray/_private/worker.py", line 861, in get_objects
    raise value.as_instanceof_cause()
ray.exceptions.RayTaskError(AttributeError): [36mray::ImplicitFunc.train()[39m (pid=3505272, ip=10.112.2.40, actor_id=afa6b2e5b7ecda8746a5059801000000, repr=train_fnn)
  File "/zfs/projects/darc/wolee_edehaan_suzienoh-exploratory-ml/kevin/venv/lib/python3.10/site-packages/ray/tune/trainable/trainable.py", line 331, in train
    raise skipped from exception_cause(skipped)
  File "/zfs/projects/darc/wolee_edehaan_suzienoh-exploratory-ml/kevin/venv/lib/python3.10/site-packages/ray/air/_internal/util.py", line 98, in run
    self._ret = self._target(*self._args, **self._kwargs)
  File "/zfs/projects/darc/wolee_edehaan_suzienoh-exploratory-ml/kevin/venv/lib/python3.10/site-packages/ray/tune/trainable/function_trainable.py", line 45, in <lambda>
    training_func=lambda: self._trainable_func(self.config),
  File "/zfs/projects/darc/wolee_edehaan_suzienoh-exploratory-ml/kevin/venv/lib/python3.10/site-packages/ray/tune/trainable/function_trainable.py", line 248, in _trainable_func
    output = fn()
  File "/zfs/projects/darc/wolee_edehaan_suzienoh-exploratory-ml/kevin/venv/lib/python3.10/site-packages/ray/tune/trainable/util.py", line 130, in inner
    return trainable(config, **fn_kwargs)
  File "/tmp/ray/session_2024-07-02_22-54-41_444445_3481399/runtime_resources/working_dir_files/_ray_pkg_355028f0108691b8/model_data_nn.py", line 159, in train_fnn
    loss_function = nn.MSE
AttributeError: module 'torch.nn' has no attribute 'MSE'
2024-07-02 22:56:01,535	ERROR tune_controller.py:1331 -- Trial task failed for trial train_fnn_13ce7_00023
Traceback (most recent call last):
  File "/zfs/projects/darc/wolee_edehaan_suzienoh-exploratory-ml/kevin/venv/lib/python3.10/site-packages/ray/air/execution/_internal/event_manager.py", line 110, in resolve_future
    result = ray.get(future)
  File "/zfs/projects/darc/wolee_edehaan_suzienoh-exploratory-ml/kevin/venv/lib/python3.10/site-packages/ray/_private/auto_init_hook.py", line 21, in auto_init_wrapper
    return fn(*args, **kwargs)
  File "/zfs/projects/darc/wolee_edehaan_suzienoh-exploratory-ml/kevin/venv/lib/python3.10/site-packages/ray/_private/client_mode_hook.py", line 103, in wrapper
    return func(*args, **kwargs)
  File "/zfs/projects/darc/wolee_edehaan_suzienoh-exploratory-ml/kevin/venv/lib/python3.10/site-packages/ray/_private/worker.py", line 2613, in get
    values, debugger_breakpoint = worker.get_objects(object_refs, timeout=timeout)
  File "/zfs/projects/darc/wolee_edehaan_suzienoh-exploratory-ml/kevin/venv/lib/python3.10/site-packages/ray/_private/worker.py", line 861, in get_objects
    raise value.as_instanceof_cause()
ray.exceptions.RayTaskError(AttributeError): [36mray::ImplicitFunc.train()[39m (pid=3505356, ip=10.112.2.40, actor_id=e270fff8664d4d1c66cf8b0a01000000, repr=train_fnn)
  File "/zfs/projects/darc/wolee_edehaan_suzienoh-exploratory-ml/kevin/venv/lib/python3.10/site-packages/ray/tune/trainable/trainable.py", line 331, in train
    raise skipped from exception_cause(skipped)
  File "/zfs/projects/darc/wolee_edehaan_suzienoh-exploratory-ml/kevin/venv/lib/python3.10/site-packages/ray/air/_internal/util.py", line 98, in run
    self._ret = self._target(*self._args, **self._kwargs)
  File "/zfs/projects/darc/wolee_edehaan_suzienoh-exploratory-ml/kevin/venv/lib/python3.10/site-packages/ray/tune/trainable/function_trainable.py", line 45, in <lambda>
    training_func=lambda: self._trainable_func(self.config),
  File "/zfs/projects/darc/wolee_edehaan_suzienoh-exploratory-ml/kevin/venv/lib/python3.10/site-packages/ray/tune/trainable/function_trainable.py", line 248, in _trainable_func
    output = fn()
  File "/zfs/projects/darc/wolee_edehaan_suzienoh-exploratory-ml/kevin/venv/lib/python3.10/site-packages/ray/tune/trainable/util.py", line 130, in inner
    return trainable(config, **fn_kwargs)
  File "/tmp/ray/session_2024-07-02_22-54-41_444445_3481399/runtime_resources/working_dir_files/_ray_pkg_355028f0108691b8/model_data_nn.py", line 159, in train_fnn
    loss_function = nn.MSE
AttributeError: module 'torch.nn' has no attribute 'MSE'
2024-07-02 22:56:05,418	ERROR tune_controller.py:1331 -- Trial task failed for trial train_fnn_13ce7_00024
Traceback (most recent call last):
  File "/zfs/projects/darc/wolee_edehaan_suzienoh-exploratory-ml/kevin/venv/lib/python3.10/site-packages/ray/air/execution/_internal/event_manager.py", line 110, in resolve_future
    result = ray.get(future)
  File "/zfs/projects/darc/wolee_edehaan_suzienoh-exploratory-ml/kevin/venv/lib/python3.10/site-packages/ray/_private/auto_init_hook.py", line 21, in auto_init_wrapper
    return fn(*args, **kwargs)
  File "/zfs/projects/darc/wolee_edehaan_suzienoh-exploratory-ml/kevin/venv/lib/python3.10/site-packages/ray/_private/client_mode_hook.py", line 103, in wrapper
    return func(*args, **kwargs)
  File "/zfs/projects/darc/wolee_edehaan_suzienoh-exploratory-ml/kevin/venv/lib/python3.10/site-packages/ray/_private/worker.py", line 2613, in get
    values, debugger_breakpoint = worker.get_objects(object_refs, timeout=timeout)
  File "/zfs/projects/darc/wolee_edehaan_suzienoh-exploratory-ml/kevin/venv/lib/python3.10/site-packages/ray/_private/worker.py", line 861, in get_objects
    raise value.as_instanceof_cause()
ray.exceptions.RayTaskError(AttributeError): [36mray::ImplicitFunc.train()[39m (pid=3505437, ip=10.112.2.40, actor_id=c64a6526dc0c4e630738a5dd01000000, repr=train_fnn)
  File "/zfs/projects/darc/wolee_edehaan_suzienoh-exploratory-ml/kevin/venv/lib/python3.10/site-packages/ray/tune/trainable/trainable.py", line 331, in train
    raise skipped from exception_cause(skipped)
  File "/zfs/projects/darc/wolee_edehaan_suzienoh-exploratory-ml/kevin/venv/lib/python3.10/site-packages/ray/air/_internal/util.py", line 98, in run
    self._ret = self._target(*self._args, **self._kwargs)
  File "/zfs/projects/darc/wolee_edehaan_suzienoh-exploratory-ml/kevin/venv/lib/python3.10/site-packages/ray/tune/trainable/function_trainable.py", line 45, in <lambda>
    training_func=lambda: self._trainable_func(self.config),
  File "/zfs/projects/darc/wolee_edehaan_suzienoh-exploratory-ml/kevin/venv/lib/python3.10/site-packages/ray/tune/trainable/function_trainable.py", line 248, in _trainable_func
    output = fn()
  File "/zfs/projects/darc/wolee_edehaan_suzienoh-exploratory-ml/kevin/venv/lib/python3.10/site-packages/ray/tune/trainable/util.py", line 130, in inner
    return trainable(config, **fn_kwargs)
  File "/tmp/ray/session_2024-07-02_22-54-41_444445_3481399/runtime_resources/working_dir_files/_ray_pkg_355028f0108691b8/model_data_nn.py", line 159, in train_fnn
    loss_function = nn.MSE
AttributeError: module 'torch.nn' has no attribute 'MSE'
2024-07-02 22:56:07,453	ERROR tune_controller.py:1331 -- Trial task failed for trial train_fnn_13ce7_00025
Traceback (most recent call last):
  File "/zfs/projects/darc/wolee_edehaan_suzienoh-exploratory-ml/kevin/venv/lib/python3.10/site-packages/ray/air/execution/_internal/event_manager.py", line 110, in resolve_future
    result = ray.get(future)
  File "/zfs/projects/darc/wolee_edehaan_suzienoh-exploratory-ml/kevin/venv/lib/python3.10/site-packages/ray/_private/auto_init_hook.py", line 21, in auto_init_wrapper
    return fn(*args, **kwargs)
  File "/zfs/projects/darc/wolee_edehaan_suzienoh-exploratory-ml/kevin/venv/lib/python3.10/site-packages/ray/_private/client_mode_hook.py", line 103, in wrapper
    return func(*args, **kwargs)
  File "/zfs/projects/darc/wolee_edehaan_suzienoh-exploratory-ml/kevin/venv/lib/python3.10/site-packages/ray/_private/worker.py", line 2613, in get
    values, debugger_breakpoint = worker.get_objects(object_refs, timeout=timeout)
  File "/zfs/projects/darc/wolee_edehaan_suzienoh-exploratory-ml/kevin/venv/lib/python3.10/site-packages/ray/_private/worker.py", line 861, in get_objects
    raise value.as_instanceof_cause()
ray.exceptions.RayTaskError(AttributeError): [36mray::ImplicitFunc.train()[39m (pid=3505518, ip=10.112.2.40, actor_id=ce595df54dd0cd31a19c648601000000, repr=train_fnn)
  File "/zfs/projects/darc/wolee_edehaan_suzienoh-exploratory-ml/kevin/venv/lib/python3.10/site-packages/ray/tune/trainable/trainable.py", line 331, in train
    raise skipped from exception_cause(skipped)
  File "/zfs/projects/darc/wolee_edehaan_suzienoh-exploratory-ml/kevin/venv/lib/python3.10/site-packages/ray/air/_internal/util.py", line 98, in run
    self._ret = self._target(*self._args, **self._kwargs)
  File "/zfs/projects/darc/wolee_edehaan_suzienoh-exploratory-ml/kevin/venv/lib/python3.10/site-packages/ray/tune/trainable/function_trainable.py", line 45, in <lambda>
    training_func=lambda: self._trainable_func(self.config),
  File "/zfs/projects/darc/wolee_edehaan_suzienoh-exploratory-ml/kevin/venv/lib/python3.10/site-packages/ray/tune/trainable/function_trainable.py", line 248, in _trainable_func
    output = fn()
  File "/zfs/projects/darc/wolee_edehaan_suzienoh-exploratory-ml/kevin/venv/lib/python3.10/site-packages/ray/tune/trainable/util.py", line 130, in inner
    return trainable(config, **fn_kwargs)
  File "/tmp/ray/session_2024-07-02_22-54-41_444445_3481399/runtime_resources/working_dir_files/_ray_pkg_355028f0108691b8/model_data_nn.py", line 159, in train_fnn
    loss_function = nn.MSE
AttributeError: module 'torch.nn' has no attribute 'MSE'
2024-07-02 22:56:11,021	ERROR tune_controller.py:1331 -- Trial task failed for trial train_fnn_13ce7_00026
Traceback (most recent call last):
  File "/zfs/projects/darc/wolee_edehaan_suzienoh-exploratory-ml/kevin/venv/lib/python3.10/site-packages/ray/air/execution/_internal/event_manager.py", line 110, in resolve_future
    result = ray.get(future)
  File "/zfs/projects/darc/wolee_edehaan_suzienoh-exploratory-ml/kevin/venv/lib/python3.10/site-packages/ray/_private/auto_init_hook.py", line 21, in auto_init_wrapper
    return fn(*args, **kwargs)
  File "/zfs/projects/darc/wolee_edehaan_suzienoh-exploratory-ml/kevin/venv/lib/python3.10/site-packages/ray/_private/client_mode_hook.py", line 103, in wrapper
    return func(*args, **kwargs)
  File "/zfs/projects/darc/wolee_edehaan_suzienoh-exploratory-ml/kevin/venv/lib/python3.10/site-packages/ray/_private/worker.py", line 2613, in get
    values, debugger_breakpoint = worker.get_objects(object_refs, timeout=timeout)
  File "/zfs/projects/darc/wolee_edehaan_suzienoh-exploratory-ml/kevin/venv/lib/python3.10/site-packages/ray/_private/worker.py", line 861, in get_objects
    raise value.as_instanceof_cause()
ray.exceptions.RayTaskError(AttributeError): [36mray::ImplicitFunc.train()[39m (pid=3505598, ip=10.112.2.40, actor_id=faf61b1850dc437c7569306001000000, repr=train_fnn)
  File "/zfs/projects/darc/wolee_edehaan_suzienoh-exploratory-ml/kevin/venv/lib/python3.10/site-packages/ray/tune/trainable/trainable.py", line 331, in train
    raise skipped from exception_cause(skipped)
  File "/zfs/projects/darc/wolee_edehaan_suzienoh-exploratory-ml/kevin/venv/lib/python3.10/site-packages/ray/air/_internal/util.py", line 98, in run
    self._ret = self._target(*self._args, **self._kwargs)
  File "/zfs/projects/darc/wolee_edehaan_suzienoh-exploratory-ml/kevin/venv/lib/python3.10/site-packages/ray/tune/trainable/function_trainable.py", line 45, in <lambda>
    training_func=lambda: self._trainable_func(self.config),
  File "/zfs/projects/darc/wolee_edehaan_suzienoh-exploratory-ml/kevin/venv/lib/python3.10/site-packages/ray/tune/trainable/function_trainable.py", line 248, in _trainable_func
    output = fn()
  File "/zfs/projects/darc/wolee_edehaan_suzienoh-exploratory-ml/kevin/venv/lib/python3.10/site-packages/ray/tune/trainable/util.py", line 130, in inner
    return trainable(config, **fn_kwargs)
  File "/tmp/ray/session_2024-07-02_22-54-41_444445_3481399/runtime_resources/working_dir_files/_ray_pkg_355028f0108691b8/model_data_nn.py", line 159, in train_fnn
    loss_function = nn.MSE
AttributeError: module 'torch.nn' has no attribute 'MSE'
2024-07-02 22:56:12,815	ERROR tune_controller.py:1331 -- Trial task failed for trial train_fnn_13ce7_00027
Traceback (most recent call last):
  File "/zfs/projects/darc/wolee_edehaan_suzienoh-exploratory-ml/kevin/venv/lib/python3.10/site-packages/ray/air/execution/_internal/event_manager.py", line 110, in resolve_future
    result = ray.get(future)
  File "/zfs/projects/darc/wolee_edehaan_suzienoh-exploratory-ml/kevin/venv/lib/python3.10/site-packages/ray/_private/auto_init_hook.py", line 21, in auto_init_wrapper
    return fn(*args, **kwargs)
  File "/zfs/projects/darc/wolee_edehaan_suzienoh-exploratory-ml/kevin/venv/lib/python3.10/site-packages/ray/_private/client_mode_hook.py", line 103, in wrapper
    return func(*args, **kwargs)
  File "/zfs/projects/darc/wolee_edehaan_suzienoh-exploratory-ml/kevin/venv/lib/python3.10/site-packages/ray/_private/worker.py", line 2613, in get
    values, debugger_breakpoint = worker.get_objects(object_refs, timeout=timeout)
  File "/zfs/projects/darc/wolee_edehaan_suzienoh-exploratory-ml/kevin/venv/lib/python3.10/site-packages/ray/_private/worker.py", line 861, in get_objects
    raise value.as_instanceof_cause()
ray.exceptions.RayTaskError(AttributeError): [36mray::ImplicitFunc.train()[39m (pid=3505679, ip=10.112.2.40, actor_id=20e8d4b0f11813ab905c7d5b01000000, repr=train_fnn)
  File "/zfs/projects/darc/wolee_edehaan_suzienoh-exploratory-ml/kevin/venv/lib/python3.10/site-packages/ray/tune/trainable/trainable.py", line 331, in train
    raise skipped from exception_cause(skipped)
  File "/zfs/projects/darc/wolee_edehaan_suzienoh-exploratory-ml/kevin/venv/lib/python3.10/site-packages/ray/air/_internal/util.py", line 98, in run
    self._ret = self._target(*self._args, **self._kwargs)
  File "/zfs/projects/darc/wolee_edehaan_suzienoh-exploratory-ml/kevin/venv/lib/python3.10/site-packages/ray/tune/trainable/function_trainable.py", line 45, in <lambda>
    training_func=lambda: self._trainable_func(self.config),
  File "/zfs/projects/darc/wolee_edehaan_suzienoh-exploratory-ml/kevin/venv/lib/python3.10/site-packages/ray/tune/trainable/function_trainable.py", line 248, in _trainable_func
    output = fn()
  File "/zfs/projects/darc/wolee_edehaan_suzienoh-exploratory-ml/kevin/venv/lib/python3.10/site-packages/ray/tune/trainable/util.py", line 130, in inner
    return trainable(config, **fn_kwargs)
  File "/tmp/ray/session_2024-07-02_22-54-41_444445_3481399/runtime_resources/working_dir_files/_ray_pkg_355028f0108691b8/model_data_nn.py", line 159, in train_fnn
    loss_function = nn.MSE
AttributeError: module 'torch.nn' has no attribute 'MSE'
2024-07-02 22:56:16,829	ERROR tune_controller.py:1331 -- Trial task failed for trial train_fnn_13ce7_00028
Traceback (most recent call last):
  File "/zfs/projects/darc/wolee_edehaan_suzienoh-exploratory-ml/kevin/venv/lib/python3.10/site-packages/ray/air/execution/_internal/event_manager.py", line 110, in resolve_future
    result = ray.get(future)
  File "/zfs/projects/darc/wolee_edehaan_suzienoh-exploratory-ml/kevin/venv/lib/python3.10/site-packages/ray/_private/auto_init_hook.py", line 21, in auto_init_wrapper
    return fn(*args, **kwargs)
  File "/zfs/projects/darc/wolee_edehaan_suzienoh-exploratory-ml/kevin/venv/lib/python3.10/site-packages/ray/_private/client_mode_hook.py", line 103, in wrapper
    return func(*args, **kwargs)
  File "/zfs/projects/darc/wolee_edehaan_suzienoh-exploratory-ml/kevin/venv/lib/python3.10/site-packages/ray/_private/worker.py", line 2613, in get
    values, debugger_breakpoint = worker.get_objects(object_refs, timeout=timeout)
  File "/zfs/projects/darc/wolee_edehaan_suzienoh-exploratory-ml/kevin/venv/lib/python3.10/site-packages/ray/_private/worker.py", line 861, in get_objects
    raise value.as_instanceof_cause()
ray.exceptions.RayTaskError(AttributeError): [36mray::ImplicitFunc.train()[39m (pid=3505760, ip=10.112.2.40, actor_id=0c908ede1bd0b212bc1332bb01000000, repr=train_fnn)
  File "/zfs/projects/darc/wolee_edehaan_suzienoh-exploratory-ml/kevin/venv/lib/python3.10/site-packages/ray/tune/trainable/trainable.py", line 331, in train
    raise skipped from exception_cause(skipped)
  File "/zfs/projects/darc/wolee_edehaan_suzienoh-exploratory-ml/kevin/venv/lib/python3.10/site-packages/ray/air/_internal/util.py", line 98, in run
    self._ret = self._target(*self._args, **self._kwargs)
  File "/zfs/projects/darc/wolee_edehaan_suzienoh-exploratory-ml/kevin/venv/lib/python3.10/site-packages/ray/tune/trainable/function_trainable.py", line 45, in <lambda>
    training_func=lambda: self._trainable_func(self.config),
  File "/zfs/projects/darc/wolee_edehaan_suzienoh-exploratory-ml/kevin/venv/lib/python3.10/site-packages/ray/tune/trainable/function_trainable.py", line 248, in _trainable_func
    output = fn()
  File "/zfs/projects/darc/wolee_edehaan_suzienoh-exploratory-ml/kevin/venv/lib/python3.10/site-packages/ray/tune/trainable/util.py", line 130, in inner
    return trainable(config, **fn_kwargs)
  File "/tmp/ray/session_2024-07-02_22-54-41_444445_3481399/runtime_resources/working_dir_files/_ray_pkg_355028f0108691b8/model_data_nn.py", line 159, in train_fnn
    loss_function = nn.MSE
AttributeError: module 'torch.nn' has no attribute 'MSE'
2024-07-02 22:56:18,749	ERROR tune_controller.py:1331 -- Trial task failed for trial train_fnn_13ce7_00029
Traceback (most recent call last):
  File "/zfs/projects/darc/wolee_edehaan_suzienoh-exploratory-ml/kevin/venv/lib/python3.10/site-packages/ray/air/execution/_internal/event_manager.py", line 110, in resolve_future
    result = ray.get(future)
  File "/zfs/projects/darc/wolee_edehaan_suzienoh-exploratory-ml/kevin/venv/lib/python3.10/site-packages/ray/_private/auto_init_hook.py", line 21, in auto_init_wrapper
    return fn(*args, **kwargs)
  File "/zfs/projects/darc/wolee_edehaan_suzienoh-exploratory-ml/kevin/venv/lib/python3.10/site-packages/ray/_private/client_mode_hook.py", line 103, in wrapper
    return func(*args, **kwargs)
  File "/zfs/projects/darc/wolee_edehaan_suzienoh-exploratory-ml/kevin/venv/lib/python3.10/site-packages/ray/_private/worker.py", line 2613, in get
    values, debugger_breakpoint = worker.get_objects(object_refs, timeout=timeout)
  File "/zfs/projects/darc/wolee_edehaan_suzienoh-exploratory-ml/kevin/venv/lib/python3.10/site-packages/ray/_private/worker.py", line 861, in get_objects
    raise value.as_instanceof_cause()
ray.exceptions.RayTaskError(AttributeError): [36mray::ImplicitFunc.train()[39m (pid=3505840, ip=10.112.2.40, actor_id=650f2bdfab45e0b26ee8c74901000000, repr=train_fnn)
  File "/zfs/projects/darc/wolee_edehaan_suzienoh-exploratory-ml/kevin/venv/lib/python3.10/site-packages/ray/tune/trainable/trainable.py", line 331, in train
    raise skipped from exception_cause(skipped)
  File "/zfs/projects/darc/wolee_edehaan_suzienoh-exploratory-ml/kevin/venv/lib/python3.10/site-packages/ray/air/_internal/util.py", line 98, in run
    self._ret = self._target(*self._args, **self._kwargs)
  File "/zfs/projects/darc/wolee_edehaan_suzienoh-exploratory-ml/kevin/venv/lib/python3.10/site-packages/ray/tune/trainable/function_trainable.py", line 45, in <lambda>
    training_func=lambda: self._trainable_func(self.config),
  File "/zfs/projects/darc/wolee_edehaan_suzienoh-exploratory-ml/kevin/venv/lib/python3.10/site-packages/ray/tune/trainable/function_trainable.py", line 248, in _trainable_func
    output = fn()
  File "/zfs/projects/darc/wolee_edehaan_suzienoh-exploratory-ml/kevin/venv/lib/python3.10/site-packages/ray/tune/trainable/util.py", line 130, in inner
    return trainable(config, **fn_kwargs)
  File "/tmp/ray/session_2024-07-02_22-54-41_444445_3481399/runtime_resources/working_dir_files/_ray_pkg_355028f0108691b8/model_data_nn.py", line 159, in train_fnn
    loss_function = nn.MSE
AttributeError: module 'torch.nn' has no attribute 'MSE'
2024-07-02 22:56:22,947	ERROR tune_controller.py:1331 -- Trial task failed for trial train_fnn_13ce7_00030
Traceback (most recent call last):
  File "/zfs/projects/darc/wolee_edehaan_suzienoh-exploratory-ml/kevin/venv/lib/python3.10/site-packages/ray/air/execution/_internal/event_manager.py", line 110, in resolve_future
    result = ray.get(future)
  File "/zfs/projects/darc/wolee_edehaan_suzienoh-exploratory-ml/kevin/venv/lib/python3.10/site-packages/ray/_private/auto_init_hook.py", line 21, in auto_init_wrapper
    return fn(*args, **kwargs)
  File "/zfs/projects/darc/wolee_edehaan_suzienoh-exploratory-ml/kevin/venv/lib/python3.10/site-packages/ray/_private/client_mode_hook.py", line 103, in wrapper
    return func(*args, **kwargs)
  File "/zfs/projects/darc/wolee_edehaan_suzienoh-exploratory-ml/kevin/venv/lib/python3.10/site-packages/ray/_private/worker.py", line 2613, in get
    values, debugger_breakpoint = worker.get_objects(object_refs, timeout=timeout)
  File "/zfs/projects/darc/wolee_edehaan_suzienoh-exploratory-ml/kevin/venv/lib/python3.10/site-packages/ray/_private/worker.py", line 861, in get_objects
    raise value.as_instanceof_cause()
ray.exceptions.RayTaskError(AttributeError): [36mray::ImplicitFunc.train()[39m (pid=3505921, ip=10.112.2.40, actor_id=02ba57490a9c7f10cb12fc5f01000000, repr=train_fnn)
  File "/zfs/projects/darc/wolee_edehaan_suzienoh-exploratory-ml/kevin/venv/lib/python3.10/site-packages/ray/tune/trainable/trainable.py", line 331, in train
    raise skipped from exception_cause(skipped)
  File "/zfs/projects/darc/wolee_edehaan_suzienoh-exploratory-ml/kevin/venv/lib/python3.10/site-packages/ray/air/_internal/util.py", line 98, in run
    self._ret = self._target(*self._args, **self._kwargs)
  File "/zfs/projects/darc/wolee_edehaan_suzienoh-exploratory-ml/kevin/venv/lib/python3.10/site-packages/ray/tune/trainable/function_trainable.py", line 45, in <lambda>
    training_func=lambda: self._trainable_func(self.config),
  File "/zfs/projects/darc/wolee_edehaan_suzienoh-exploratory-ml/kevin/venv/lib/python3.10/site-packages/ray/tune/trainable/function_trainable.py", line 248, in _trainable_func
    output = fn()
  File "/zfs/projects/darc/wolee_edehaan_suzienoh-exploratory-ml/kevin/venv/lib/python3.10/site-packages/ray/tune/trainable/util.py", line 130, in inner
    return trainable(config, **fn_kwargs)
  File "/tmp/ray/session_2024-07-02_22-54-41_444445_3481399/runtime_resources/working_dir_files/_ray_pkg_355028f0108691b8/model_data_nn.py", line 159, in train_fnn
    loss_function = nn.MSE
AttributeError: module 'torch.nn' has no attribute 'MSE'
2024-07-02 22:56:25,041	ERROR tune_controller.py:1331 -- Trial task failed for trial train_fnn_13ce7_00031
Traceback (most recent call last):
  File "/zfs/projects/darc/wolee_edehaan_suzienoh-exploratory-ml/kevin/venv/lib/python3.10/site-packages/ray/air/execution/_internal/event_manager.py", line 110, in resolve_future
    result = ray.get(future)
  File "/zfs/projects/darc/wolee_edehaan_suzienoh-exploratory-ml/kevin/venv/lib/python3.10/site-packages/ray/_private/auto_init_hook.py", line 21, in auto_init_wrapper
    return fn(*args, **kwargs)
  File "/zfs/projects/darc/wolee_edehaan_suzienoh-exploratory-ml/kevin/venv/lib/python3.10/site-packages/ray/_private/client_mode_hook.py", line 103, in wrapper
    return func(*args, **kwargs)
  File "/zfs/projects/darc/wolee_edehaan_suzienoh-exploratory-ml/kevin/venv/lib/python3.10/site-packages/ray/_private/worker.py", line 2613, in get
    values, debugger_breakpoint = worker.get_objects(object_refs, timeout=timeout)
  File "/zfs/projects/darc/wolee_edehaan_suzienoh-exploratory-ml/kevin/venv/lib/python3.10/site-packages/ray/_private/worker.py", line 861, in get_objects
    raise value.as_instanceof_cause()
ray.exceptions.RayTaskError(AttributeError): [36mray::ImplicitFunc.train()[39m (pid=3506000, ip=10.112.2.40, actor_id=dbb67bc94a39727f681e613701000000, repr=train_fnn)
  File "/zfs/projects/darc/wolee_edehaan_suzienoh-exploratory-ml/kevin/venv/lib/python3.10/site-packages/ray/tune/trainable/trainable.py", line 331, in train
    raise skipped from exception_cause(skipped)
  File "/zfs/projects/darc/wolee_edehaan_suzienoh-exploratory-ml/kevin/venv/lib/python3.10/site-packages/ray/air/_internal/util.py", line 98, in run
    self._ret = self._target(*self._args, **self._kwargs)
  File "/zfs/projects/darc/wolee_edehaan_suzienoh-exploratory-ml/kevin/venv/lib/python3.10/site-packages/ray/tune/trainable/function_trainable.py", line 45, in <lambda>
    training_func=lambda: self._trainable_func(self.config),
  File "/zfs/projects/darc/wolee_edehaan_suzienoh-exploratory-ml/kevin/venv/lib/python3.10/site-packages/ray/tune/trainable/function_trainable.py", line 248, in _trainable_func
    output = fn()
  File "/zfs/projects/darc/wolee_edehaan_suzienoh-exploratory-ml/kevin/venv/lib/python3.10/site-packages/ray/tune/trainable/util.py", line 130, in inner
    return trainable(config, **fn_kwargs)
  File "/tmp/ray/session_2024-07-02_22-54-41_444445_3481399/runtime_resources/working_dir_files/_ray_pkg_355028f0108691b8/model_data_nn.py", line 159, in train_fnn
    loss_function = nn.MSE
AttributeError: module 'torch.nn' has no attribute 'MSE'
2024-07-02 22:56:28,800	ERROR tune_controller.py:1331 -- Trial task failed for trial train_fnn_13ce7_00032
Traceback (most recent call last):
  File "/zfs/projects/darc/wolee_edehaan_suzienoh-exploratory-ml/kevin/venv/lib/python3.10/site-packages/ray/air/execution/_internal/event_manager.py", line 110, in resolve_future
    result = ray.get(future)
  File "/zfs/projects/darc/wolee_edehaan_suzienoh-exploratory-ml/kevin/venv/lib/python3.10/site-packages/ray/_private/auto_init_hook.py", line 21, in auto_init_wrapper
    return fn(*args, **kwargs)
  File "/zfs/projects/darc/wolee_edehaan_suzienoh-exploratory-ml/kevin/venv/lib/python3.10/site-packages/ray/_private/client_mode_hook.py", line 103, in wrapper
    return func(*args, **kwargs)
  File "/zfs/projects/darc/wolee_edehaan_suzienoh-exploratory-ml/kevin/venv/lib/python3.10/site-packages/ray/_private/worker.py", line 2613, in get
    values, debugger_breakpoint = worker.get_objects(object_refs, timeout=timeout)
  File "/zfs/projects/darc/wolee_edehaan_suzienoh-exploratory-ml/kevin/venv/lib/python3.10/site-packages/ray/_private/worker.py", line 861, in get_objects
    raise value.as_instanceof_cause()
ray.exceptions.RayTaskError(AttributeError): [36mray::ImplicitFunc.train()[39m (pid=3506082, ip=10.112.2.40, actor_id=0155b9b072db7fa94b113a9401000000, repr=train_fnn)
  File "/zfs/projects/darc/wolee_edehaan_suzienoh-exploratory-ml/kevin/venv/lib/python3.10/site-packages/ray/tune/trainable/trainable.py", line 331, in train
    raise skipped from exception_cause(skipped)
  File "/zfs/projects/darc/wolee_edehaan_suzienoh-exploratory-ml/kevin/venv/lib/python3.10/site-packages/ray/air/_internal/util.py", line 98, in run
    self._ret = self._target(*self._args, **self._kwargs)
  File "/zfs/projects/darc/wolee_edehaan_suzienoh-exploratory-ml/kevin/venv/lib/python3.10/site-packages/ray/tune/trainable/function_trainable.py", line 45, in <lambda>
    training_func=lambda: self._trainable_func(self.config),
  File "/zfs/projects/darc/wolee_edehaan_suzienoh-exploratory-ml/kevin/venv/lib/python3.10/site-packages/ray/tune/trainable/function_trainable.py", line 248, in _trainable_func
    output = fn()
  File "/zfs/projects/darc/wolee_edehaan_suzienoh-exploratory-ml/kevin/venv/lib/python3.10/site-packages/ray/tune/trainable/util.py", line 130, in inner
    return trainable(config, **fn_kwargs)
  File "/tmp/ray/session_2024-07-02_22-54-41_444445_3481399/runtime_resources/working_dir_files/_ray_pkg_355028f0108691b8/model_data_nn.py", line 159, in train_fnn
    loss_function = nn.MSE
AttributeError: module 'torch.nn' has no attribute 'MSE'
2024-07-02 22:56:31,248	ERROR tune_controller.py:1331 -- Trial task failed for trial train_fnn_13ce7_00033
Traceback (most recent call last):
  File "/zfs/projects/darc/wolee_edehaan_suzienoh-exploratory-ml/kevin/venv/lib/python3.10/site-packages/ray/air/execution/_internal/event_manager.py", line 110, in resolve_future
    result = ray.get(future)
  File "/zfs/projects/darc/wolee_edehaan_suzienoh-exploratory-ml/kevin/venv/lib/python3.10/site-packages/ray/_private/auto_init_hook.py", line 21, in auto_init_wrapper
    return fn(*args, **kwargs)
  File "/zfs/projects/darc/wolee_edehaan_suzienoh-exploratory-ml/kevin/venv/lib/python3.10/site-packages/ray/_private/client_mode_hook.py", line 103, in wrapper
    return func(*args, **kwargs)
  File "/zfs/projects/darc/wolee_edehaan_suzienoh-exploratory-ml/kevin/venv/lib/python3.10/site-packages/ray/_private/worker.py", line 2613, in get
    values, debugger_breakpoint = worker.get_objects(object_refs, timeout=timeout)
  File "/zfs/projects/darc/wolee_edehaan_suzienoh-exploratory-ml/kevin/venv/lib/python3.10/site-packages/ray/_private/worker.py", line 861, in get_objects
    raise value.as_instanceof_cause()
ray.exceptions.RayTaskError(AttributeError): [36mray::ImplicitFunc.train()[39m (pid=3506162, ip=10.112.2.40, actor_id=c2e659edcf64f8becaac7e7801000000, repr=train_fnn)
  File "/zfs/projects/darc/wolee_edehaan_suzienoh-exploratory-ml/kevin/venv/lib/python3.10/site-packages/ray/tune/trainable/trainable.py", line 331, in train
    raise skipped from exception_cause(skipped)
  File "/zfs/projects/darc/wolee_edehaan_suzienoh-exploratory-ml/kevin/venv/lib/python3.10/site-packages/ray/air/_internal/util.py", line 98, in run
    self._ret = self._target(*self._args, **self._kwargs)
  File "/zfs/projects/darc/wolee_edehaan_suzienoh-exploratory-ml/kevin/venv/lib/python3.10/site-packages/ray/tune/trainable/function_trainable.py", line 45, in <lambda>
    training_func=lambda: self._trainable_func(self.config),
  File "/zfs/projects/darc/wolee_edehaan_suzienoh-exploratory-ml/kevin/venv/lib/python3.10/site-packages/ray/tune/trainable/function_trainable.py", line 248, in _trainable_func
    output = fn()
  File "/zfs/projects/darc/wolee_edehaan_suzienoh-exploratory-ml/kevin/venv/lib/python3.10/site-packages/ray/tune/trainable/util.py", line 130, in inner
    return trainable(config, **fn_kwargs)
  File "/tmp/ray/session_2024-07-02_22-54-41_444445_3481399/runtime_resources/working_dir_files/_ray_pkg_355028f0108691b8/model_data_nn.py", line 159, in train_fnn
    loss_function = nn.MSE
AttributeError: module 'torch.nn' has no attribute 'MSE'
2024-07-02 22:56:34,196	ERROR tune_controller.py:1331 -- Trial task failed for trial train_fnn_13ce7_00034
Traceback (most recent call last):
  File "/zfs/projects/darc/wolee_edehaan_suzienoh-exploratory-ml/kevin/venv/lib/python3.10/site-packages/ray/air/execution/_internal/event_manager.py", line 110, in resolve_future
    result = ray.get(future)
  File "/zfs/projects/darc/wolee_edehaan_suzienoh-exploratory-ml/kevin/venv/lib/python3.10/site-packages/ray/_private/auto_init_hook.py", line 21, in auto_init_wrapper
    return fn(*args, **kwargs)
  File "/zfs/projects/darc/wolee_edehaan_suzienoh-exploratory-ml/kevin/venv/lib/python3.10/site-packages/ray/_private/client_mode_hook.py", line 103, in wrapper
    return func(*args, **kwargs)
  File "/zfs/projects/darc/wolee_edehaan_suzienoh-exploratory-ml/kevin/venv/lib/python3.10/site-packages/ray/_private/worker.py", line 2613, in get
    values, debugger_breakpoint = worker.get_objects(object_refs, timeout=timeout)
  File "/zfs/projects/darc/wolee_edehaan_suzienoh-exploratory-ml/kevin/venv/lib/python3.10/site-packages/ray/_private/worker.py", line 861, in get_objects
    raise value.as_instanceof_cause()
ray.exceptions.RayTaskError(AttributeError): [36mray::ImplicitFunc.train()[39m (pid=3506250, ip=10.112.2.40, actor_id=2a4c35f94093667440ee5a4701000000, repr=train_fnn)
  File "/zfs/projects/darc/wolee_edehaan_suzienoh-exploratory-ml/kevin/venv/lib/python3.10/site-packages/ray/tune/trainable/trainable.py", line 331, in train
    raise skipped from exception_cause(skipped)
  File "/zfs/projects/darc/wolee_edehaan_suzienoh-exploratory-ml/kevin/venv/lib/python3.10/site-packages/ray/air/_internal/util.py", line 98, in run
    self._ret = self._target(*self._args, **self._kwargs)
  File "/zfs/projects/darc/wolee_edehaan_suzienoh-exploratory-ml/kevin/venv/lib/python3.10/site-packages/ray/tune/trainable/function_trainable.py", line 45, in <lambda>
    training_func=lambda: self._trainable_func(self.config),
  File "/zfs/projects/darc/wolee_edehaan_suzienoh-exploratory-ml/kevin/venv/lib/python3.10/site-packages/ray/tune/trainable/function_trainable.py", line 248, in _trainable_func
    output = fn()
  File "/zfs/projects/darc/wolee_edehaan_suzienoh-exploratory-ml/kevin/venv/lib/python3.10/site-packages/ray/tune/trainable/util.py", line 130, in inner
    return trainable(config, **fn_kwargs)
  File "/tmp/ray/session_2024-07-02_22-54-41_444445_3481399/runtime_resources/working_dir_files/_ray_pkg_355028f0108691b8/model_data_nn.py", line 159, in train_fnn
    loss_function = nn.MSE
AttributeError: module 'torch.nn' has no attribute 'MSE'
2024-07-02 22:56:37,063	ERROR tune_controller.py:1331 -- Trial task failed for trial train_fnn_13ce7_00035
Traceback (most recent call last):
  File "/zfs/projects/darc/wolee_edehaan_suzienoh-exploratory-ml/kevin/venv/lib/python3.10/site-packages/ray/air/execution/_internal/event_manager.py", line 110, in resolve_future
    result = ray.get(future)
  File "/zfs/projects/darc/wolee_edehaan_suzienoh-exploratory-ml/kevin/venv/lib/python3.10/site-packages/ray/_private/auto_init_hook.py", line 21, in auto_init_wrapper
    return fn(*args, **kwargs)
  File "/zfs/projects/darc/wolee_edehaan_suzienoh-exploratory-ml/kevin/venv/lib/python3.10/site-packages/ray/_private/client_mode_hook.py", line 103, in wrapper
    return func(*args, **kwargs)
  File "/zfs/projects/darc/wolee_edehaan_suzienoh-exploratory-ml/kevin/venv/lib/python3.10/site-packages/ray/_private/worker.py", line 2613, in get
    values, debugger_breakpoint = worker.get_objects(object_refs, timeout=timeout)
  File "/zfs/projects/darc/wolee_edehaan_suzienoh-exploratory-ml/kevin/venv/lib/python3.10/site-packages/ray/_private/worker.py", line 861, in get_objects
    raise value.as_instanceof_cause()
ray.exceptions.RayTaskError(AttributeError): [36mray::ImplicitFunc.train()[39m (pid=3506332, ip=10.112.2.40, actor_id=a0487a1d871383956db5c74301000000, repr=train_fnn)
  File "/zfs/projects/darc/wolee_edehaan_suzienoh-exploratory-ml/kevin/venv/lib/python3.10/site-packages/ray/tune/trainable/trainable.py", line 331, in train
    raise skipped from exception_cause(skipped)
  File "/zfs/projects/darc/wolee_edehaan_suzienoh-exploratory-ml/kevin/venv/lib/python3.10/site-packages/ray/air/_internal/util.py", line 98, in run
    self._ret = self._target(*self._args, **self._kwargs)
  File "/zfs/projects/darc/wolee_edehaan_suzienoh-exploratory-ml/kevin/venv/lib/python3.10/site-packages/ray/tune/trainable/function_trainable.py", line 45, in <lambda>
    training_func=lambda: self._trainable_func(self.config),
  File "/zfs/projects/darc/wolee_edehaan_suzienoh-exploratory-ml/kevin/venv/lib/python3.10/site-packages/ray/tune/trainable/function_trainable.py", line 248, in _trainable_func
    output = fn()
  File "/zfs/projects/darc/wolee_edehaan_suzienoh-exploratory-ml/kevin/venv/lib/python3.10/site-packages/ray/tune/trainable/util.py", line 130, in inner
    return trainable(config, **fn_kwargs)
  File "/tmp/ray/session_2024-07-02_22-54-41_444445_3481399/runtime_resources/working_dir_files/_ray_pkg_355028f0108691b8/model_data_nn.py", line 159, in train_fnn
    loss_function = nn.MSE
AttributeError: module 'torch.nn' has no attribute 'MSE'
2024-07-02 22:56:39,481	ERROR tune_controller.py:1331 -- Trial task failed for trial train_fnn_13ce7_00036
Traceback (most recent call last):
  File "/zfs/projects/darc/wolee_edehaan_suzienoh-exploratory-ml/kevin/venv/lib/python3.10/site-packages/ray/air/execution/_internal/event_manager.py", line 110, in resolve_future
    result = ray.get(future)
  File "/zfs/projects/darc/wolee_edehaan_suzienoh-exploratory-ml/kevin/venv/lib/python3.10/site-packages/ray/_private/auto_init_hook.py", line 21, in auto_init_wrapper
    return fn(*args, **kwargs)
  File "/zfs/projects/darc/wolee_edehaan_suzienoh-exploratory-ml/kevin/venv/lib/python3.10/site-packages/ray/_private/client_mode_hook.py", line 103, in wrapper
    return func(*args, **kwargs)
  File "/zfs/projects/darc/wolee_edehaan_suzienoh-exploratory-ml/kevin/venv/lib/python3.10/site-packages/ray/_private/worker.py", line 2613, in get
    values, debugger_breakpoint = worker.get_objects(object_refs, timeout=timeout)
  File "/zfs/projects/darc/wolee_edehaan_suzienoh-exploratory-ml/kevin/venv/lib/python3.10/site-packages/ray/_private/worker.py", line 861, in get_objects
    raise value.as_instanceof_cause()
ray.exceptions.RayTaskError(AttributeError): [36mray::ImplicitFunc.train()[39m (pid=3506412, ip=10.112.2.40, actor_id=ad5e42b4339e4227f7b93c3301000000, repr=train_fnn)
  File "/zfs/projects/darc/wolee_edehaan_suzienoh-exploratory-ml/kevin/venv/lib/python3.10/site-packages/ray/tune/trainable/trainable.py", line 331, in train
    raise skipped from exception_cause(skipped)
  File "/zfs/projects/darc/wolee_edehaan_suzienoh-exploratory-ml/kevin/venv/lib/python3.10/site-packages/ray/air/_internal/util.py", line 98, in run
    self._ret = self._target(*self._args, **self._kwargs)
  File "/zfs/projects/darc/wolee_edehaan_suzienoh-exploratory-ml/kevin/venv/lib/python3.10/site-packages/ray/tune/trainable/function_trainable.py", line 45, in <lambda>
    training_func=lambda: self._trainable_func(self.config),
  File "/zfs/projects/darc/wolee_edehaan_suzienoh-exploratory-ml/kevin/venv/lib/python3.10/site-packages/ray/tune/trainable/function_trainable.py", line 248, in _trainable_func
    output = fn()
  File "/zfs/projects/darc/wolee_edehaan_suzienoh-exploratory-ml/kevin/venv/lib/python3.10/site-packages/ray/tune/trainable/util.py", line 130, in inner
    return trainable(config, **fn_kwargs)
  File "/tmp/ray/session_2024-07-02_22-54-41_444445_3481399/runtime_resources/working_dir_files/_ray_pkg_355028f0108691b8/model_data_nn.py", line 159, in train_fnn
    loss_function = nn.MSE
AttributeError: module 'torch.nn' has no attribute 'MSE'
2024-07-02 22:56:43,524	ERROR tune_controller.py:1331 -- Trial task failed for trial train_fnn_13ce7_00037
Traceback (most recent call last):
  File "/zfs/projects/darc/wolee_edehaan_suzienoh-exploratory-ml/kevin/venv/lib/python3.10/site-packages/ray/air/execution/_internal/event_manager.py", line 110, in resolve_future
    result = ray.get(future)
  File "/zfs/projects/darc/wolee_edehaan_suzienoh-exploratory-ml/kevin/venv/lib/python3.10/site-packages/ray/_private/auto_init_hook.py", line 21, in auto_init_wrapper
    return fn(*args, **kwargs)
  File "/zfs/projects/darc/wolee_edehaan_suzienoh-exploratory-ml/kevin/venv/lib/python3.10/site-packages/ray/_private/client_mode_hook.py", line 103, in wrapper
    return func(*args, **kwargs)
  File "/zfs/projects/darc/wolee_edehaan_suzienoh-exploratory-ml/kevin/venv/lib/python3.10/site-packages/ray/_private/worker.py", line 2613, in get
    values, debugger_breakpoint = worker.get_objects(object_refs, timeout=timeout)
  File "/zfs/projects/darc/wolee_edehaan_suzienoh-exploratory-ml/kevin/venv/lib/python3.10/site-packages/ray/_private/worker.py", line 861, in get_objects
    raise value.as_instanceof_cause()
ray.exceptions.RayTaskError(AttributeError): [36mray::ImplicitFunc.train()[39m (pid=3506493, ip=10.112.2.40, actor_id=8c17a4bd92f28fa837e63ff301000000, repr=train_fnn)
  File "/zfs/projects/darc/wolee_edehaan_suzienoh-exploratory-ml/kevin/venv/lib/python3.10/site-packages/ray/tune/trainable/trainable.py", line 331, in train
    raise skipped from exception_cause(skipped)
  File "/zfs/projects/darc/wolee_edehaan_suzienoh-exploratory-ml/kevin/venv/lib/python3.10/site-packages/ray/air/_internal/util.py", line 98, in run
    self._ret = self._target(*self._args, **self._kwargs)
  File "/zfs/projects/darc/wolee_edehaan_suzienoh-exploratory-ml/kevin/venv/lib/python3.10/site-packages/ray/tune/trainable/function_trainable.py", line 45, in <lambda>
    training_func=lambda: self._trainable_func(self.config),
  File "/zfs/projects/darc/wolee_edehaan_suzienoh-exploratory-ml/kevin/venv/lib/python3.10/site-packages/ray/tune/trainable/function_trainable.py", line 248, in _trainable_func
    output = fn()
  File "/zfs/projects/darc/wolee_edehaan_suzienoh-exploratory-ml/kevin/venv/lib/python3.10/site-packages/ray/tune/trainable/util.py", line 130, in inner
    return trainable(config, **fn_kwargs)
  File "/tmp/ray/session_2024-07-02_22-54-41_444445_3481399/runtime_resources/working_dir_files/_ray_pkg_355028f0108691b8/model_data_nn.py", line 159, in train_fnn
    loss_function = nn.MSE
AttributeError: module 'torch.nn' has no attribute 'MSE'
2024-07-02 22:56:44,597	ERROR tune_controller.py:1331 -- Trial task failed for trial train_fnn_13ce7_00038
Traceback (most recent call last):
  File "/zfs/projects/darc/wolee_edehaan_suzienoh-exploratory-ml/kevin/venv/lib/python3.10/site-packages/ray/air/execution/_internal/event_manager.py", line 110, in resolve_future
    result = ray.get(future)
  File "/zfs/projects/darc/wolee_edehaan_suzienoh-exploratory-ml/kevin/venv/lib/python3.10/site-packages/ray/_private/auto_init_hook.py", line 21, in auto_init_wrapper
    return fn(*args, **kwargs)
  File "/zfs/projects/darc/wolee_edehaan_suzienoh-exploratory-ml/kevin/venv/lib/python3.10/site-packages/ray/_private/client_mode_hook.py", line 103, in wrapper
    return func(*args, **kwargs)
  File "/zfs/projects/darc/wolee_edehaan_suzienoh-exploratory-ml/kevin/venv/lib/python3.10/site-packages/ray/_private/worker.py", line 2613, in get
    values, debugger_breakpoint = worker.get_objects(object_refs, timeout=timeout)
  File "/zfs/projects/darc/wolee_edehaan_suzienoh-exploratory-ml/kevin/venv/lib/python3.10/site-packages/ray/_private/worker.py", line 861, in get_objects
    raise value.as_instanceof_cause()
ray.exceptions.RayTaskError(AttributeError): [36mray::ImplicitFunc.train()[39m (pid=3506572, ip=10.112.2.40, actor_id=a16bf321d338be9e38392c5801000000, repr=train_fnn)
  File "/zfs/projects/darc/wolee_edehaan_suzienoh-exploratory-ml/kevin/venv/lib/python3.10/site-packages/ray/tune/trainable/trainable.py", line 331, in train
    raise skipped from exception_cause(skipped)
  File "/zfs/projects/darc/wolee_edehaan_suzienoh-exploratory-ml/kevin/venv/lib/python3.10/site-packages/ray/air/_internal/util.py", line 98, in run
    self._ret = self._target(*self._args, **self._kwargs)
  File "/zfs/projects/darc/wolee_edehaan_suzienoh-exploratory-ml/kevin/venv/lib/python3.10/site-packages/ray/tune/trainable/function_trainable.py", line 45, in <lambda>
    training_func=lambda: self._trainable_func(self.config),
  File "/zfs/projects/darc/wolee_edehaan_suzienoh-exploratory-ml/kevin/venv/lib/python3.10/site-packages/ray/tune/trainable/function_trainable.py", line 248, in _trainable_func
    output = fn()
  File "/zfs/projects/darc/wolee_edehaan_suzienoh-exploratory-ml/kevin/venv/lib/python3.10/site-packages/ray/tune/trainable/util.py", line 130, in inner
    return trainable(config, **fn_kwargs)
  File "/tmp/ray/session_2024-07-02_22-54-41_444445_3481399/runtime_resources/working_dir_files/_ray_pkg_355028f0108691b8/model_data_nn.py", line 159, in train_fnn
    loss_function = nn.MSE
AttributeError: module 'torch.nn' has no attribute 'MSE'
2024-07-02 22:56:49,501	ERROR tune_controller.py:1331 -- Trial task failed for trial train_fnn_13ce7_00039
Traceback (most recent call last):
  File "/zfs/projects/darc/wolee_edehaan_suzienoh-exploratory-ml/kevin/venv/lib/python3.10/site-packages/ray/air/execution/_internal/event_manager.py", line 110, in resolve_future
    result = ray.get(future)
  File "/zfs/projects/darc/wolee_edehaan_suzienoh-exploratory-ml/kevin/venv/lib/python3.10/site-packages/ray/_private/auto_init_hook.py", line 21, in auto_init_wrapper
    return fn(*args, **kwargs)
  File "/zfs/projects/darc/wolee_edehaan_suzienoh-exploratory-ml/kevin/venv/lib/python3.10/site-packages/ray/_private/client_mode_hook.py", line 103, in wrapper
    return func(*args, **kwargs)
  File "/zfs/projects/darc/wolee_edehaan_suzienoh-exploratory-ml/kevin/venv/lib/python3.10/site-packages/ray/_private/worker.py", line 2613, in get
    values, debugger_breakpoint = worker.get_objects(object_refs, timeout=timeout)
  File "/zfs/projects/darc/wolee_edehaan_suzienoh-exploratory-ml/kevin/venv/lib/python3.10/site-packages/ray/_private/worker.py", line 861, in get_objects
    raise value.as_instanceof_cause()
ray.exceptions.RayTaskError(AttributeError): [36mray::ImplicitFunc.train()[39m (pid=3506654, ip=10.112.2.40, actor_id=0b43db6808aced1bd4da2db301000000, repr=train_fnn)
  File "/zfs/projects/darc/wolee_edehaan_suzienoh-exploratory-ml/kevin/venv/lib/python3.10/site-packages/ray/tune/trainable/trainable.py", line 331, in train
    raise skipped from exception_cause(skipped)
  File "/zfs/projects/darc/wolee_edehaan_suzienoh-exploratory-ml/kevin/venv/lib/python3.10/site-packages/ray/air/_internal/util.py", line 98, in run
    self._ret = self._target(*self._args, **self._kwargs)
  File "/zfs/projects/darc/wolee_edehaan_suzienoh-exploratory-ml/kevin/venv/lib/python3.10/site-packages/ray/tune/trainable/function_trainable.py", line 45, in <lambda>
    training_func=lambda: self._trainable_func(self.config),
  File "/zfs/projects/darc/wolee_edehaan_suzienoh-exploratory-ml/kevin/venv/lib/python3.10/site-packages/ray/tune/trainable/function_trainable.py", line 248, in _trainable_func
    output = fn()
  File "/zfs/projects/darc/wolee_edehaan_suzienoh-exploratory-ml/kevin/venv/lib/python3.10/site-packages/ray/tune/trainable/util.py", line 130, in inner
    return trainable(config, **fn_kwargs)
  File "/tmp/ray/session_2024-07-02_22-54-41_444445_3481399/runtime_resources/working_dir_files/_ray_pkg_355028f0108691b8/model_data_nn.py", line 159, in train_fnn
    loss_function = nn.MSE
AttributeError: module 'torch.nn' has no attribute 'MSE'
2024-07-02 22:56:51,062	ERROR tune_controller.py:1331 -- Trial task failed for trial train_fnn_13ce7_00040
Traceback (most recent call last):
  File "/zfs/projects/darc/wolee_edehaan_suzienoh-exploratory-ml/kevin/venv/lib/python3.10/site-packages/ray/air/execution/_internal/event_manager.py", line 110, in resolve_future
    result = ray.get(future)
  File "/zfs/projects/darc/wolee_edehaan_suzienoh-exploratory-ml/kevin/venv/lib/python3.10/site-packages/ray/_private/auto_init_hook.py", line 21, in auto_init_wrapper
    return fn(*args, **kwargs)
  File "/zfs/projects/darc/wolee_edehaan_suzienoh-exploratory-ml/kevin/venv/lib/python3.10/site-packages/ray/_private/client_mode_hook.py", line 103, in wrapper
    return func(*args, **kwargs)
  File "/zfs/projects/darc/wolee_edehaan_suzienoh-exploratory-ml/kevin/venv/lib/python3.10/site-packages/ray/_private/worker.py", line 2613, in get
    values, debugger_breakpoint = worker.get_objects(object_refs, timeout=timeout)
  File "/zfs/projects/darc/wolee_edehaan_suzienoh-exploratory-ml/kevin/venv/lib/python3.10/site-packages/ray/_private/worker.py", line 861, in get_objects
    raise value.as_instanceof_cause()
ray.exceptions.RayTaskError(AttributeError): [36mray::ImplicitFunc.train()[39m (pid=3506680, ip=10.112.2.40, actor_id=0e65215826fe6cfca404be2501000000, repr=train_fnn)
  File "/zfs/projects/darc/wolee_edehaan_suzienoh-exploratory-ml/kevin/venv/lib/python3.10/site-packages/ray/tune/trainable/trainable.py", line 331, in train
    raise skipped from exception_cause(skipped)
  File "/zfs/projects/darc/wolee_edehaan_suzienoh-exploratory-ml/kevin/venv/lib/python3.10/site-packages/ray/air/_internal/util.py", line 98, in run
    self._ret = self._target(*self._args, **self._kwargs)
  File "/zfs/projects/darc/wolee_edehaan_suzienoh-exploratory-ml/kevin/venv/lib/python3.10/site-packages/ray/tune/trainable/function_trainable.py", line 45, in <lambda>
    training_func=lambda: self._trainable_func(self.config),
  File "/zfs/projects/darc/wolee_edehaan_suzienoh-exploratory-ml/kevin/venv/lib/python3.10/site-packages/ray/tune/trainable/function_trainable.py", line 248, in _trainable_func
    output = fn()
  File "/zfs/projects/darc/wolee_edehaan_suzienoh-exploratory-ml/kevin/venv/lib/python3.10/site-packages/ray/tune/trainable/util.py", line 130, in inner
    return trainable(config, **fn_kwargs)
  File "/tmp/ray/session_2024-07-02_22-54-41_444445_3481399/runtime_resources/working_dir_files/_ray_pkg_355028f0108691b8/model_data_nn.py", line 159, in train_fnn
    loss_function = nn.MSE
AttributeError: module 'torch.nn' has no attribute 'MSE'
2024-07-02 22:56:54,385	ERROR tune_controller.py:1331 -- Trial task failed for trial train_fnn_13ce7_00041
Traceback (most recent call last):
  File "/zfs/projects/darc/wolee_edehaan_suzienoh-exploratory-ml/kevin/venv/lib/python3.10/site-packages/ray/air/execution/_internal/event_manager.py", line 110, in resolve_future
    result = ray.get(future)
  File "/zfs/projects/darc/wolee_edehaan_suzienoh-exploratory-ml/kevin/venv/lib/python3.10/site-packages/ray/_private/auto_init_hook.py", line 21, in auto_init_wrapper
    return fn(*args, **kwargs)
  File "/zfs/projects/darc/wolee_edehaan_suzienoh-exploratory-ml/kevin/venv/lib/python3.10/site-packages/ray/_private/client_mode_hook.py", line 103, in wrapper
    return func(*args, **kwargs)
  File "/zfs/projects/darc/wolee_edehaan_suzienoh-exploratory-ml/kevin/venv/lib/python3.10/site-packages/ray/_private/worker.py", line 2613, in get
    values, debugger_breakpoint = worker.get_objects(object_refs, timeout=timeout)
  File "/zfs/projects/darc/wolee_edehaan_suzienoh-exploratory-ml/kevin/venv/lib/python3.10/site-packages/ray/_private/worker.py", line 861, in get_objects
    raise value.as_instanceof_cause()
ray.exceptions.RayTaskError(AttributeError): [36mray::ImplicitFunc.train()[39m (pid=3506815, ip=10.112.2.40, actor_id=f7104314c11dbedbe1fcafef01000000, repr=train_fnn)
  File "/zfs/projects/darc/wolee_edehaan_suzienoh-exploratory-ml/kevin/venv/lib/python3.10/site-packages/ray/tune/trainable/trainable.py", line 331, in train
    raise skipped from exception_cause(skipped)
  File "/zfs/projects/darc/wolee_edehaan_suzienoh-exploratory-ml/kevin/venv/lib/python3.10/site-packages/ray/air/_internal/util.py", line 98, in run
    self._ret = self._target(*self._args, **self._kwargs)
  File "/zfs/projects/darc/wolee_edehaan_suzienoh-exploratory-ml/kevin/venv/lib/python3.10/site-packages/ray/tune/trainable/function_trainable.py", line 45, in <lambda>
    training_func=lambda: self._trainable_func(self.config),
  File "/zfs/projects/darc/wolee_edehaan_suzienoh-exploratory-ml/kevin/venv/lib/python3.10/site-packages/ray/tune/trainable/function_trainable.py", line 248, in _trainable_func
    output = fn()
  File "/zfs/projects/darc/wolee_edehaan_suzienoh-exploratory-ml/kevin/venv/lib/python3.10/site-packages/ray/tune/trainable/util.py", line 130, in inner
    return trainable(config, **fn_kwargs)
  File "/tmp/ray/session_2024-07-02_22-54-41_444445_3481399/runtime_resources/working_dir_files/_ray_pkg_355028f0108691b8/model_data_nn.py", line 159, in train_fnn
    loss_function = nn.MSE
AttributeError: module 'torch.nn' has no attribute 'MSE'
2024-07-02 22:56:57,301	ERROR tune_controller.py:1331 -- Trial task failed for trial train_fnn_13ce7_00042
Traceback (most recent call last):
  File "/zfs/projects/darc/wolee_edehaan_suzienoh-exploratory-ml/kevin/venv/lib/python3.10/site-packages/ray/air/execution/_internal/event_manager.py", line 110, in resolve_future
    result = ray.get(future)
  File "/zfs/projects/darc/wolee_edehaan_suzienoh-exploratory-ml/kevin/venv/lib/python3.10/site-packages/ray/_private/auto_init_hook.py", line 21, in auto_init_wrapper
    return fn(*args, **kwargs)
  File "/zfs/projects/darc/wolee_edehaan_suzienoh-exploratory-ml/kevin/venv/lib/python3.10/site-packages/ray/_private/client_mode_hook.py", line 103, in wrapper
    return func(*args, **kwargs)
  File "/zfs/projects/darc/wolee_edehaan_suzienoh-exploratory-ml/kevin/venv/lib/python3.10/site-packages/ray/_private/worker.py", line 2613, in get
    values, debugger_breakpoint = worker.get_objects(object_refs, timeout=timeout)
  File "/zfs/projects/darc/wolee_edehaan_suzienoh-exploratory-ml/kevin/venv/lib/python3.10/site-packages/ray/_private/worker.py", line 861, in get_objects
    raise value.as_instanceof_cause()
ray.exceptions.RayTaskError(AttributeError): [36mray::ImplicitFunc.train()[39m (pid=3506896, ip=10.112.2.40, actor_id=b33c04b84aa5cb90df1cc3ec01000000, repr=train_fnn)
  File "/zfs/projects/darc/wolee_edehaan_suzienoh-exploratory-ml/kevin/venv/lib/python3.10/site-packages/ray/tune/trainable/trainable.py", line 331, in train
    raise skipped from exception_cause(skipped)
  File "/zfs/projects/darc/wolee_edehaan_suzienoh-exploratory-ml/kevin/venv/lib/python3.10/site-packages/ray/air/_internal/util.py", line 98, in run
    self._ret = self._target(*self._args, **self._kwargs)
  File "/zfs/projects/darc/wolee_edehaan_suzienoh-exploratory-ml/kevin/venv/lib/python3.10/site-packages/ray/tune/trainable/function_trainable.py", line 45, in <lambda>
    training_func=lambda: self._trainable_func(self.config),
  File "/zfs/projects/darc/wolee_edehaan_suzienoh-exploratory-ml/kevin/venv/lib/python3.10/site-packages/ray/tune/trainable/function_trainable.py", line 248, in _trainable_func
    output = fn()
  File "/zfs/projects/darc/wolee_edehaan_suzienoh-exploratory-ml/kevin/venv/lib/python3.10/site-packages/ray/tune/trainable/util.py", line 130, in inner
    return trainable(config, **fn_kwargs)
  File "/tmp/ray/session_2024-07-02_22-54-41_444445_3481399/runtime_resources/working_dir_files/_ray_pkg_355028f0108691b8/model_data_nn.py", line 159, in train_fnn
    loss_function = nn.MSE
AttributeError: module 'torch.nn' has no attribute 'MSE'
2024-07-02 22:56:59,769	ERROR tune_controller.py:1331 -- Trial task failed for trial train_fnn_13ce7_00043
Traceback (most recent call last):
  File "/zfs/projects/darc/wolee_edehaan_suzienoh-exploratory-ml/kevin/venv/lib/python3.10/site-packages/ray/air/execution/_internal/event_manager.py", line 110, in resolve_future
    result = ray.get(future)
  File "/zfs/projects/darc/wolee_edehaan_suzienoh-exploratory-ml/kevin/venv/lib/python3.10/site-packages/ray/_private/auto_init_hook.py", line 21, in auto_init_wrapper
    return fn(*args, **kwargs)
  File "/zfs/projects/darc/wolee_edehaan_suzienoh-exploratory-ml/kevin/venv/lib/python3.10/site-packages/ray/_private/client_mode_hook.py", line 103, in wrapper
    return func(*args, **kwargs)
  File "/zfs/projects/darc/wolee_edehaan_suzienoh-exploratory-ml/kevin/venv/lib/python3.10/site-packages/ray/_private/worker.py", line 2613, in get
    values, debugger_breakpoint = worker.get_objects(object_refs, timeout=timeout)
  File "/zfs/projects/darc/wolee_edehaan_suzienoh-exploratory-ml/kevin/venv/lib/python3.10/site-packages/ray/_private/worker.py", line 861, in get_objects
    raise value.as_instanceof_cause()
ray.exceptions.RayTaskError(AttributeError): [36mray::ImplicitFunc.train()[39m (pid=3506988, ip=10.112.2.40, actor_id=c3189b956ca01261f8d62e2d01000000, repr=train_fnn)
  File "/zfs/projects/darc/wolee_edehaan_suzienoh-exploratory-ml/kevin/venv/lib/python3.10/site-packages/ray/tune/trainable/trainable.py", line 331, in train
    raise skipped from exception_cause(skipped)
  File "/zfs/projects/darc/wolee_edehaan_suzienoh-exploratory-ml/kevin/venv/lib/python3.10/site-packages/ray/air/_internal/util.py", line 98, in run
    self._ret = self._target(*self._args, **self._kwargs)
  File "/zfs/projects/darc/wolee_edehaan_suzienoh-exploratory-ml/kevin/venv/lib/python3.10/site-packages/ray/tune/trainable/function_trainable.py", line 45, in <lambda>
    training_func=lambda: self._trainable_func(self.config),
  File "/zfs/projects/darc/wolee_edehaan_suzienoh-exploratory-ml/kevin/venv/lib/python3.10/site-packages/ray/tune/trainable/function_trainable.py", line 248, in _trainable_func
    output = fn()
  File "/zfs/projects/darc/wolee_edehaan_suzienoh-exploratory-ml/kevin/venv/lib/python3.10/site-packages/ray/tune/trainable/util.py", line 130, in inner
    return trainable(config, **fn_kwargs)
  File "/tmp/ray/session_2024-07-02_22-54-41_444445_3481399/runtime_resources/working_dir_files/_ray_pkg_355028f0108691b8/model_data_nn.py", line 159, in train_fnn
    loss_function = nn.MSE
AttributeError: module 'torch.nn' has no attribute 'MSE'
2024-07-02 22:57:03,182	ERROR tune_controller.py:1331 -- Trial task failed for trial train_fnn_13ce7_00044
Traceback (most recent call last):
  File "/zfs/projects/darc/wolee_edehaan_suzienoh-exploratory-ml/kevin/venv/lib/python3.10/site-packages/ray/air/execution/_internal/event_manager.py", line 110, in resolve_future
    result = ray.get(future)
  File "/zfs/projects/darc/wolee_edehaan_suzienoh-exploratory-ml/kevin/venv/lib/python3.10/site-packages/ray/_private/auto_init_hook.py", line 21, in auto_init_wrapper
    return fn(*args, **kwargs)
  File "/zfs/projects/darc/wolee_edehaan_suzienoh-exploratory-ml/kevin/venv/lib/python3.10/site-packages/ray/_private/client_mode_hook.py", line 103, in wrapper
    return func(*args, **kwargs)
  File "/zfs/projects/darc/wolee_edehaan_suzienoh-exploratory-ml/kevin/venv/lib/python3.10/site-packages/ray/_private/worker.py", line 2613, in get
    values, debugger_breakpoint = worker.get_objects(object_refs, timeout=timeout)
  File "/zfs/projects/darc/wolee_edehaan_suzienoh-exploratory-ml/kevin/venv/lib/python3.10/site-packages/ray/_private/worker.py", line 861, in get_objects
    raise value.as_instanceof_cause()
ray.exceptions.RayTaskError(AttributeError): [36mray::ImplicitFunc.train()[39m (pid=3507073, ip=10.112.2.40, actor_id=8bdab3c5094d4d4edffb9a4501000000, repr=train_fnn)
  File "/zfs/projects/darc/wolee_edehaan_suzienoh-exploratory-ml/kevin/venv/lib/python3.10/site-packages/ray/tune/trainable/trainable.py", line 331, in train
    raise skipped from exception_cause(skipped)
  File "/zfs/projects/darc/wolee_edehaan_suzienoh-exploratory-ml/kevin/venv/lib/python3.10/site-packages/ray/air/_internal/util.py", line 98, in run
    self._ret = self._target(*self._args, **self._kwargs)
  File "/zfs/projects/darc/wolee_edehaan_suzienoh-exploratory-ml/kevin/venv/lib/python3.10/site-packages/ray/tune/trainable/function_trainable.py", line 45, in <lambda>
    training_func=lambda: self._trainable_func(self.config),
  File "/zfs/projects/darc/wolee_edehaan_suzienoh-exploratory-ml/kevin/venv/lib/python3.10/site-packages/ray/tune/trainable/function_trainable.py", line 248, in _trainable_func
    output = fn()
  File "/zfs/projects/darc/wolee_edehaan_suzienoh-exploratory-ml/kevin/venv/lib/python3.10/site-packages/ray/tune/trainable/util.py", line 130, in inner
    return trainable(config, **fn_kwargs)
  File "/tmp/ray/session_2024-07-02_22-54-41_444445_3481399/runtime_resources/working_dir_files/_ray_pkg_355028f0108691b8/model_data_nn.py", line 159, in train_fnn
    loss_function = nn.MSE
AttributeError: module 'torch.nn' has no attribute 'MSE'
2024-07-02 22:57:05,071	ERROR tune_controller.py:1331 -- Trial task failed for trial train_fnn_13ce7_00045
Traceback (most recent call last):
  File "/zfs/projects/darc/wolee_edehaan_suzienoh-exploratory-ml/kevin/venv/lib/python3.10/site-packages/ray/air/execution/_internal/event_manager.py", line 110, in resolve_future
    result = ray.get(future)
  File "/zfs/projects/darc/wolee_edehaan_suzienoh-exploratory-ml/kevin/venv/lib/python3.10/site-packages/ray/_private/auto_init_hook.py", line 21, in auto_init_wrapper
    return fn(*args, **kwargs)
  File "/zfs/projects/darc/wolee_edehaan_suzienoh-exploratory-ml/kevin/venv/lib/python3.10/site-packages/ray/_private/client_mode_hook.py", line 103, in wrapper
    return func(*args, **kwargs)
  File "/zfs/projects/darc/wolee_edehaan_suzienoh-exploratory-ml/kevin/venv/lib/python3.10/site-packages/ray/_private/worker.py", line 2613, in get
    values, debugger_breakpoint = worker.get_objects(object_refs, timeout=timeout)
  File "/zfs/projects/darc/wolee_edehaan_suzienoh-exploratory-ml/kevin/venv/lib/python3.10/site-packages/ray/_private/worker.py", line 861, in get_objects
    raise value.as_instanceof_cause()
ray.exceptions.RayTaskError(AttributeError): [36mray::ImplicitFunc.train()[39m (pid=3507154, ip=10.112.2.40, actor_id=3e2c44cf5f940a8c3b5aed2801000000, repr=train_fnn)
  File "/zfs/projects/darc/wolee_edehaan_suzienoh-exploratory-ml/kevin/venv/lib/python3.10/site-packages/ray/tune/trainable/trainable.py", line 331, in train
    raise skipped from exception_cause(skipped)
  File "/zfs/projects/darc/wolee_edehaan_suzienoh-exploratory-ml/kevin/venv/lib/python3.10/site-packages/ray/air/_internal/util.py", line 98, in run
    self._ret = self._target(*self._args, **self._kwargs)
  File "/zfs/projects/darc/wolee_edehaan_suzienoh-exploratory-ml/kevin/venv/lib/python3.10/site-packages/ray/tune/trainable/function_trainable.py", line 45, in <lambda>
    training_func=lambda: self._trainable_func(self.config),
  File "/zfs/projects/darc/wolee_edehaan_suzienoh-exploratory-ml/kevin/venv/lib/python3.10/site-packages/ray/tune/trainable/function_trainable.py", line 248, in _trainable_func
    output = fn()
  File "/zfs/projects/darc/wolee_edehaan_suzienoh-exploratory-ml/kevin/venv/lib/python3.10/site-packages/ray/tune/trainable/util.py", line 130, in inner
    return trainable(config, **fn_kwargs)
  File "/tmp/ray/session_2024-07-02_22-54-41_444445_3481399/runtime_resources/working_dir_files/_ray_pkg_355028f0108691b8/model_data_nn.py", line 159, in train_fnn
    loss_function = nn.MSE
AttributeError: module 'torch.nn' has no attribute 'MSE'
2024-07-02 22:57:09,034	ERROR tune_controller.py:1331 -- Trial task failed for trial train_fnn_13ce7_00046
Traceback (most recent call last):
  File "/zfs/projects/darc/wolee_edehaan_suzienoh-exploratory-ml/kevin/venv/lib/python3.10/site-packages/ray/air/execution/_internal/event_manager.py", line 110, in resolve_future
    result = ray.get(future)
  File "/zfs/projects/darc/wolee_edehaan_suzienoh-exploratory-ml/kevin/venv/lib/python3.10/site-packages/ray/_private/auto_init_hook.py", line 21, in auto_init_wrapper
    return fn(*args, **kwargs)
  File "/zfs/projects/darc/wolee_edehaan_suzienoh-exploratory-ml/kevin/venv/lib/python3.10/site-packages/ray/_private/client_mode_hook.py", line 103, in wrapper
    return func(*args, **kwargs)
  File "/zfs/projects/darc/wolee_edehaan_suzienoh-exploratory-ml/kevin/venv/lib/python3.10/site-packages/ray/_private/worker.py", line 2613, in get
    values, debugger_breakpoint = worker.get_objects(object_refs, timeout=timeout)
  File "/zfs/projects/darc/wolee_edehaan_suzienoh-exploratory-ml/kevin/venv/lib/python3.10/site-packages/ray/_private/worker.py", line 861, in get_objects
    raise value.as_instanceof_cause()
ray.exceptions.RayTaskError(AttributeError): [36mray::ImplicitFunc.train()[39m (pid=3507248, ip=10.112.2.40, actor_id=fef49e341ad719e540b5e3d201000000, repr=train_fnn)
  File "/zfs/projects/darc/wolee_edehaan_suzienoh-exploratory-ml/kevin/venv/lib/python3.10/site-packages/ray/tune/trainable/trainable.py", line 331, in train
    raise skipped from exception_cause(skipped)
  File "/zfs/projects/darc/wolee_edehaan_suzienoh-exploratory-ml/kevin/venv/lib/python3.10/site-packages/ray/air/_internal/util.py", line 98, in run
    self._ret = self._target(*self._args, **self._kwargs)
  File "/zfs/projects/darc/wolee_edehaan_suzienoh-exploratory-ml/kevin/venv/lib/python3.10/site-packages/ray/tune/trainable/function_trainable.py", line 45, in <lambda>
    training_func=lambda: self._trainable_func(self.config),
  File "/zfs/projects/darc/wolee_edehaan_suzienoh-exploratory-ml/kevin/venv/lib/python3.10/site-packages/ray/tune/trainable/function_trainable.py", line 248, in _trainable_func
    output = fn()
  File "/zfs/projects/darc/wolee_edehaan_suzienoh-exploratory-ml/kevin/venv/lib/python3.10/site-packages/ray/tune/trainable/util.py", line 130, in inner
    return trainable(config, **fn_kwargs)
  File "/tmp/ray/session_2024-07-02_22-54-41_444445_3481399/runtime_resources/working_dir_files/_ray_pkg_355028f0108691b8/model_data_nn.py", line 159, in train_fnn
    loss_function = nn.MSE
AttributeError: module 'torch.nn' has no attribute 'MSE'
2024-07-02 22:57:10,209	ERROR tune_controller.py:1331 -- Trial task failed for trial train_fnn_13ce7_00047
Traceback (most recent call last):
  File "/zfs/projects/darc/wolee_edehaan_suzienoh-exploratory-ml/kevin/venv/lib/python3.10/site-packages/ray/air/execution/_internal/event_manager.py", line 110, in resolve_future
    result = ray.get(future)
  File "/zfs/projects/darc/wolee_edehaan_suzienoh-exploratory-ml/kevin/venv/lib/python3.10/site-packages/ray/_private/auto_init_hook.py", line 21, in auto_init_wrapper
    return fn(*args, **kwargs)
  File "/zfs/projects/darc/wolee_edehaan_suzienoh-exploratory-ml/kevin/venv/lib/python3.10/site-packages/ray/_private/client_mode_hook.py", line 103, in wrapper
    return func(*args, **kwargs)
  File "/zfs/projects/darc/wolee_edehaan_suzienoh-exploratory-ml/kevin/venv/lib/python3.10/site-packages/ray/_private/worker.py", line 2613, in get
    values, debugger_breakpoint = worker.get_objects(object_refs, timeout=timeout)
  File "/zfs/projects/darc/wolee_edehaan_suzienoh-exploratory-ml/kevin/venv/lib/python3.10/site-packages/ray/_private/worker.py", line 861, in get_objects
    raise value.as_instanceof_cause()
ray.exceptions.RayTaskError(AttributeError): [36mray::ImplicitFunc.train()[39m (pid=3510173, ip=10.112.2.40, actor_id=02edea0376f5f14ffe2e1bb701000000, repr=train_fnn)
  File "/zfs/projects/darc/wolee_edehaan_suzienoh-exploratory-ml/kevin/venv/lib/python3.10/site-packages/ray/tune/trainable/trainable.py", line 331, in train
    raise skipped from exception_cause(skipped)
  File "/zfs/projects/darc/wolee_edehaan_suzienoh-exploratory-ml/kevin/venv/lib/python3.10/site-packages/ray/air/_internal/util.py", line 98, in run
    self._ret = self._target(*self._args, **self._kwargs)
  File "/zfs/projects/darc/wolee_edehaan_suzienoh-exploratory-ml/kevin/venv/lib/python3.10/site-packages/ray/tune/trainable/function_trainable.py", line 45, in <lambda>
    training_func=lambda: self._trainable_func(self.config),
  File "/zfs/projects/darc/wolee_edehaan_suzienoh-exploratory-ml/kevin/venv/lib/python3.10/site-packages/ray/tune/trainable/function_trainable.py", line 248, in _trainable_func
    output = fn()
  File "/zfs/projects/darc/wolee_edehaan_suzienoh-exploratory-ml/kevin/venv/lib/python3.10/site-packages/ray/tune/trainable/util.py", line 130, in inner
    return trainable(config, **fn_kwargs)
  File "/tmp/ray/session_2024-07-02_22-54-41_444445_3481399/runtime_resources/working_dir_files/_ray_pkg_355028f0108691b8/model_data_nn.py", line 159, in train_fnn
    loss_function = nn.MSE
AttributeError: module 'torch.nn' has no attribute 'MSE'
2024-07-02 22:57:14,448	ERROR tune_controller.py:1331 -- Trial task failed for trial train_fnn_13ce7_00048
Traceback (most recent call last):
  File "/zfs/projects/darc/wolee_edehaan_suzienoh-exploratory-ml/kevin/venv/lib/python3.10/site-packages/ray/air/execution/_internal/event_manager.py", line 110, in resolve_future
    result = ray.get(future)
  File "/zfs/projects/darc/wolee_edehaan_suzienoh-exploratory-ml/kevin/venv/lib/python3.10/site-packages/ray/_private/auto_init_hook.py", line 21, in auto_init_wrapper
    return fn(*args, **kwargs)
  File "/zfs/projects/darc/wolee_edehaan_suzienoh-exploratory-ml/kevin/venv/lib/python3.10/site-packages/ray/_private/client_mode_hook.py", line 103, in wrapper
    return func(*args, **kwargs)
  File "/zfs/projects/darc/wolee_edehaan_suzienoh-exploratory-ml/kevin/venv/lib/python3.10/site-packages/ray/_private/worker.py", line 2613, in get
    values, debugger_breakpoint = worker.get_objects(object_refs, timeout=timeout)
  File "/zfs/projects/darc/wolee_edehaan_suzienoh-exploratory-ml/kevin/venv/lib/python3.10/site-packages/ray/_private/worker.py", line 861, in get_objects
    raise value.as_instanceof_cause()
ray.exceptions.RayTaskError(AttributeError): [36mray::ImplicitFunc.train()[39m (pid=3513154, ip=10.112.2.40, actor_id=748573a4119eecfc8db41ba001000000, repr=train_fnn)
  File "/zfs/projects/darc/wolee_edehaan_suzienoh-exploratory-ml/kevin/venv/lib/python3.10/site-packages/ray/tune/trainable/trainable.py", line 331, in train
    raise skipped from exception_cause(skipped)
  File "/zfs/projects/darc/wolee_edehaan_suzienoh-exploratory-ml/kevin/venv/lib/python3.10/site-packages/ray/air/_internal/util.py", line 98, in run
    self._ret = self._target(*self._args, **self._kwargs)
  File "/zfs/projects/darc/wolee_edehaan_suzienoh-exploratory-ml/kevin/venv/lib/python3.10/site-packages/ray/tune/trainable/function_trainable.py", line 45, in <lambda>
    training_func=lambda: self._trainable_func(self.config),
  File "/zfs/projects/darc/wolee_edehaan_suzienoh-exploratory-ml/kevin/venv/lib/python3.10/site-packages/ray/tune/trainable/function_trainable.py", line 248, in _trainable_func
    output = fn()
  File "/zfs/projects/darc/wolee_edehaan_suzienoh-exploratory-ml/kevin/venv/lib/python3.10/site-packages/ray/tune/trainable/util.py", line 130, in inner
    return trainable(config, **fn_kwargs)
  File "/tmp/ray/session_2024-07-02_22-54-41_444445_3481399/runtime_resources/working_dir_files/_ray_pkg_355028f0108691b8/model_data_nn.py", line 159, in train_fnn
    loss_function = nn.MSE
AttributeError: module 'torch.nn' has no attribute 'MSE'
2024-07-02 22:57:16,531	ERROR tune_controller.py:1331 -- Trial task failed for trial train_fnn_13ce7_00049
Traceback (most recent call last):
  File "/zfs/projects/darc/wolee_edehaan_suzienoh-exploratory-ml/kevin/venv/lib/python3.10/site-packages/ray/air/execution/_internal/event_manager.py", line 110, in resolve_future
    result = ray.get(future)
  File "/zfs/projects/darc/wolee_edehaan_suzienoh-exploratory-ml/kevin/venv/lib/python3.10/site-packages/ray/_private/auto_init_hook.py", line 21, in auto_init_wrapper
    return fn(*args, **kwargs)
  File "/zfs/projects/darc/wolee_edehaan_suzienoh-exploratory-ml/kevin/venv/lib/python3.10/site-packages/ray/_private/client_mode_hook.py", line 103, in wrapper
    return func(*args, **kwargs)
  File "/zfs/projects/darc/wolee_edehaan_suzienoh-exploratory-ml/kevin/venv/lib/python3.10/site-packages/ray/_private/worker.py", line 2613, in get
    values, debugger_breakpoint = worker.get_objects(object_refs, timeout=timeout)
  File "/zfs/projects/darc/wolee_edehaan_suzienoh-exploratory-ml/kevin/venv/lib/python3.10/site-packages/ray/_private/worker.py", line 861, in get_objects
    raise value.as_instanceof_cause()
ray.exceptions.RayTaskError(AttributeError): [36mray::ImplicitFunc.train()[39m (pid=3513217, ip=10.112.2.40, actor_id=9d54ed1990c518b39132638401000000, repr=train_fnn)
  File "/zfs/projects/darc/wolee_edehaan_suzienoh-exploratory-ml/kevin/venv/lib/python3.10/site-packages/ray/tune/trainable/trainable.py", line 331, in train
    raise skipped from exception_cause(skipped)
  File "/zfs/projects/darc/wolee_edehaan_suzienoh-exploratory-ml/kevin/venv/lib/python3.10/site-packages/ray/air/_internal/util.py", line 98, in run
    self._ret = self._target(*self._args, **self._kwargs)
  File "/zfs/projects/darc/wolee_edehaan_suzienoh-exploratory-ml/kevin/venv/lib/python3.10/site-packages/ray/tune/trainable/function_trainable.py", line 45, in <lambda>
    training_func=lambda: self._trainable_func(self.config),
  File "/zfs/projects/darc/wolee_edehaan_suzienoh-exploratory-ml/kevin/venv/lib/python3.10/site-packages/ray/tune/trainable/function_trainable.py", line 248, in _trainable_func
    output = fn()
  File "/zfs/projects/darc/wolee_edehaan_suzienoh-exploratory-ml/kevin/venv/lib/python3.10/site-packages/ray/tune/trainable/util.py", line 130, in inner
    return trainable(config, **fn_kwargs)
  File "/tmp/ray/session_2024-07-02_22-54-41_444445_3481399/runtime_resources/working_dir_files/_ray_pkg_355028f0108691b8/model_data_nn.py", line 159, in train_fnn
    loss_function = nn.MSE
AttributeError: module 'torch.nn' has no attribute 'MSE'
2024-07-02 22:57:16,688	INFO tune.py:1009 -- Wrote the latest version of all result files and experiment state to '/zfs/projects/darc/wolee_edehaan_suzienoh-exploratory-ml/kevin/ray_results/train_fnn_2024-07-02_22-54-45' in 0.1512s.
╭──────────────────────────────────────────────────────────────────╮
│ Configuration for experiment     train_fnn_2024-07-02_22-54-45   │
├──────────────────────────────────────────────────────────────────┤
│ Search algorithm                 BasicVariantGenerator           │
│ Scheduler                        AsyncHyperBandScheduler         │
│ Number of trials                 50                              │
╰──────────────────────────────────────────────────────────────────╯

View detailed results here: /zfs/projects/darc/wolee_edehaan_suzienoh-exploratory-ml/kevin/ray_results/train_fnn_2024-07-02_22-54-45
To visualize your results with TensorBoard, run: `tensorboard --logdir /tmp/ray/session_2024-07-02_22-54-41_444445_3481399/artifacts/2024-07-02_22-54-45/train_fnn_2024-07-02_22-54-45/driver_artifacts`

Trial status: 50 PENDING
Current time: 2024-07-02 22:54:46. Total running time: 0s
Logical resource usage: 0/40 CPUs, 0/2 GPUs (0.0/1.0 accelerator_type:A30)
╭──────────────────────────────────────────────────────────────────────────────────────────────────────────────────────────────────╮
│ Trial name              status       hidden_dim     num_layers     embedding_dim     dropout_rate            lr     weight_decay │
├──────────────────────────────────────────────────────────────────────────────────────────────────────────────────────────────────┤
│ train_fnn_13ce7_00000   PENDING              65              4                25         0.109055   0.00021831       6.17377e-05 │
│ train_fnn_13ce7_00001   PENDING             105              3                25         0.334602   0.000133112      1.1528e-06  │
│ train_fnn_13ce7_00002   PENDING             115              2                20         0.109038   8.1795e-06       3.75206e-05 │
│ train_fnn_13ce7_00003   PENDING             165              3                15         0.225925   1.38037e-06      0.000834193 │
│ train_fnn_13ce7_00004   PENDING             145              3                20         0.287687   5.98747e-05      1.37832e-06 │
╰──────────────────────────────────────────────────────────────────────────────────────────────────────────────────────────────────╯
45 more PENDING

Trial train_fnn_13ce7_00001 started with configuration:
╭────────────────────────────────────────────────╮
│ Trial train_fnn_13ce7_00001 config             │
├────────────────────────────────────────────────┤
│ continuous_dim                             102 │
│ dropout_rate                            0.3346 │
│ embedding_dim                               25 │
│ hidden_dim                                 105 │
│ lr                                     0.00013 │
│ num_embeddings                            6642 │
│ num_epochs                                  11 │
│ num_gpus                                     2 │
│ num_layers                                   3 │
│ weight_decay                                 0 │
╰────────────────────────────────────────────────╯

Trial train_fnn_13ce7_00000 started with configuration:
╭────────────────────────────────────────────────╮
│ Trial train_fnn_13ce7_00000 config             │
├────────────────────────────────────────────────┤
│ continuous_dim                             102 │
│ dropout_rate                           0.10905 │
│ embedding_dim                               25 │
│ hidden_dim                                  65 │
│ lr                                     0.00022 │
│ num_embeddings                            6642 │
│ num_epochs                                  11 │
│ num_gpus                                     2 │
│ num_layers                                   4 │
│ weight_decay                             6e-05 │
╰────────────────────────────────────────────────╯

Trial train_fnn_13ce7_00001 errored after 0 iterations at 2024-07-02 22:54:54. Total running time: 8s
Error file: /tmp/ray/session_2024-07-02_22-54-41_444445_3481399/artifacts/2024-07-02_22-54-45/train_fnn_2024-07-02_22-54-45/driver_artifacts/train_fnn_13ce7_00001_1_dropout_rate=0.3346,embedding_dim=25,hidden_dim=105,lr=0.0001,num_layers=3,weight_decay=0.0000_2024-07-02_22-54-46/error.txt

Trial train_fnn_13ce7_00000 errored after 0 iterations at 2024-07-02 22:54:54. Total running time: 8s
Error file: /tmp/ray/session_2024-07-02_22-54-41_444445_3481399/artifacts/2024-07-02_22-54-45/train_fnn_2024-07-02_22-54-45/driver_artifacts/train_fnn_13ce7_00000_0_dropout_rate=0.1091,embedding_dim=25,hidden_dim=65,lr=0.0002,num_layers=4,weight_decay=0.0001_2024-07-02_22-54-46/error.txt

Trial train_fnn_13ce7_00002 started with configuration:
╭────────────────────────────────────────────────╮
│ Trial train_fnn_13ce7_00002 config             │
├────────────────────────────────────────────────┤
│ continuous_dim                             102 │
│ dropout_rate                           0.10904 │
│ embedding_dim                               20 │
│ hidden_dim                                 115 │
│ lr                                       1e-05 │
│ num_embeddings                            6642 │
│ num_epochs                                  11 │
│ num_gpus                                     2 │
│ num_layers                                   2 │
│ weight_decay                             4e-05 │
╰────────────────────────────────────────────────╯

Trial train_fnn_13ce7_00003 started with configuration:
╭────────────────────────────────────────────────╮
│ Trial train_fnn_13ce7_00003 config             │
├────────────────────────────────────────────────┤
│ continuous_dim                             102 │
│ dropout_rate                           0.22592 │
│ embedding_dim                               15 │
│ hidden_dim                                 165 │
│ lr                                           0 │
│ num_embeddings                            6642 │
│ num_epochs                                  11 │
│ num_gpus                                     2 │
│ num_layers                                   3 │
│ weight_decay                           0.00083 │
╰────────────────────────────────────────────────╯

Trial train_fnn_13ce7_00002 errored after 0 iterations at 2024-07-02 22:54:59. Total running time: 13s
Error file: /tmp/ray/session_2024-07-02_22-54-41_444445_3481399/artifacts/2024-07-02_22-54-45/train_fnn_2024-07-02_22-54-45/driver_artifacts/train_fnn_13ce7_00002_2_dropout_rate=0.1090,embedding_dim=20,hidden_dim=115,lr=0.0000,num_layers=2,weight_decay=0.0000_2024-07-02_22-54-46/error.txt

Trial train_fnn_13ce7_00003 errored after 0 iterations at 2024-07-02 22:54:59. Total running time: 13s
Error file: /tmp/ray/session_2024-07-02_22-54-41_444445_3481399/artifacts/2024-07-02_22-54-45/train_fnn_2024-07-02_22-54-45/driver_artifacts/train_fnn_13ce7_00003_3_dropout_rate=0.2259,embedding_dim=15,hidden_dim=165,lr=0.0000,num_layers=3,weight_decay=0.0008_2024-07-02_22-54-46/error.txt

Trial train_fnn_13ce7_00005 started with configuration:
╭────────────────────────────────────────────────╮
│ Trial train_fnn_13ce7_00005 config             │
├────────────────────────────────────────────────┤
│ continuous_dim                             102 │
│ dropout_rate                           0.51879 │
│ embedding_dim                               20 │
│ hidden_dim                                  85 │
│ lr                                       5e-05 │
│ num_embeddings                            6642 │
│ num_epochs                                  11 │
│ num_gpus                                     2 │
│ num_layers                                   2 │
│ weight_decay                             1e-05 │
╰────────────────────────────────────────────────╯

Trial train_fnn_13ce7_00004 started with configuration:
╭────────────────────────────────────────────────╮
│ Trial train_fnn_13ce7_00004 config             │
├────────────────────────────────────────────────┤
│ continuous_dim                             102 │
│ dropout_rate                           0.28769 │
│ embedding_dim                               20 │
│ hidden_dim                                 145 │
│ lr                                       6e-05 │
│ num_embeddings                            6642 │
│ num_epochs                                  11 │
│ num_gpus                                     2 │
│ num_layers                                   3 │
│ weight_decay                                 0 │
╰────────────────────────────────────────────────╯

Trial train_fnn_13ce7_00005 errored after 0 iterations at 2024-07-02 22:55:05. Total running time: 20s
Error file: /tmp/ray/session_2024-07-02_22-54-41_444445_3481399/artifacts/2024-07-02_22-54-45/train_fnn_2024-07-02_22-54-45/driver_artifacts/train_fnn_13ce7_00005_5_dropout_rate=0.5188,embedding_dim=20,hidden_dim=85,lr=0.0000,num_layers=2,weight_decay=0.0000_2024-07-02_22-54-46/error.txt

Trial train_fnn_13ce7_00004 errored after 0 iterations at 2024-07-02 22:55:05. Total running time: 20s
Error file: /tmp/ray/session_2024-07-02_22-54-41_444445_3481399/artifacts/2024-07-02_22-54-45/train_fnn_2024-07-02_22-54-45/driver_artifacts/train_fnn_13ce7_00004_4_dropout_rate=0.2877,embedding_dim=20,hidden_dim=145,lr=0.0001,num_layers=3,weight_decay=0.0000_2024-07-02_22-54-46/error.txt

Trial train_fnn_13ce7_00006 started with configuration:
╭────────────────────────────────────────────────╮
│ Trial train_fnn_13ce7_00006 config             │
├────────────────────────────────────────────────┤
│ continuous_dim                             102 │
│ dropout_rate                           0.24768 │
│ embedding_dim                               20 │
│ hidden_dim                                  15 │
│ lr                                           0 │
│ num_embeddings                            6642 │
│ num_epochs                                  11 │
│ num_gpus                                     2 │
│ num_layers                                   4 │
│ weight_decay                             3e-05 │
╰────────────────────────────────────────────────╯

Trial train_fnn_13ce7_00007 started with configuration:
╭────────────────────────────────────────────────╮
│ Trial train_fnn_13ce7_00007 config             │
├────────────────────────────────────────────────┤
│ continuous_dim                             102 │
│ dropout_rate                           0.10841 │
│ embedding_dim                               20 │
│ hidden_dim                                 135 │
│ lr                                     0.00018 │
│ num_embeddings                            6642 │
│ num_epochs                                  11 │
│ num_gpus                                     2 │
│ num_layers                                   1 │
│ weight_decay                             2e-05 │
╰────────────────────────────────────────────────╯

Trial train_fnn_13ce7_00006 errored after 0 iterations at 2024-07-02 22:55:12. Total running time: 26s
Error file: /tmp/ray/session_2024-07-02_22-54-41_444445_3481399/artifacts/2024-07-02_22-54-45/train_fnn_2024-07-02_22-54-45/driver_artifacts/train_fnn_13ce7_00006_6_dropout_rate=0.2477,embedding_dim=20,hidden_dim=15,lr=0.0000,num_layers=4,weight_decay=0.0000_2024-07-02_22-54-46/error.txt

Trial train_fnn_13ce7_00007 errored after 0 iterations at 2024-07-02 22:55:12. Total running time: 26s
Error file: /tmp/ray/session_2024-07-02_22-54-41_444445_3481399/artifacts/2024-07-02_22-54-45/train_fnn_2024-07-02_22-54-45/driver_artifacts/train_fnn_13ce7_00007_7_dropout_rate=0.1084,embedding_dim=20,hidden_dim=135,lr=0.0002,num_layers=1,weight_decay=0.0000_2024-07-02_22-54-46/error.txt

Trial status: 8 ERROR | 42 PENDING
Current time: 2024-07-02 22:55:16. Total running time: 30s
Logical resource usage: 4.0/40 CPUs, 2.0/2 GPUs (0.0/1.0 accelerator_type:A30)
╭──────────────────────────────────────────────────────────────────────────────────────────────────────────────────────────────────╮
│ Trial name              status       hidden_dim     num_layers     embedding_dim     dropout_rate            lr     weight_decay │
├──────────────────────────────────────────────────────────────────────────────────────────────────────────────────────────────────┤
│ train_fnn_13ce7_00008   PENDING              35              5                10         0.428572   0.000658411      0.000483595 │
│ train_fnn_13ce7_00009   PENDING             155              4                 5         0.529033   0.000341666      0.000174566 │
│ train_fnn_13ce7_00010   PENDING             125              1                25         0.443186   1.6736e-06       0.0009134   │
│ train_fnn_13ce7_00011   PENDING             115              3                15         0.391703   0.000153823      0.000205973 │
│ train_fnn_13ce7_00012   PENDING              65              2                 5         0.504078   0.000354908      2.23024e-05 │
│ train_fnn_13ce7_00000   ERROR                65              4                25         0.109055   0.00021831       6.17377e-05 │
│ train_fnn_13ce7_00001   ERROR               105              3                25         0.334602   0.000133112      1.1528e-06  │
│ train_fnn_13ce7_00002   ERROR               115              2                20         0.109038   8.1795e-06       3.75206e-05 │
│ train_fnn_13ce7_00003   ERROR               165              3                15         0.225925   1.38037e-06      0.000834193 │
│ train_fnn_13ce7_00004   ERROR               145              3                20         0.287687   5.98747e-05      1.37832e-06 │
╰──────────────────────────────────────────────────────────────────────────────────────────────────────────────────────────────────╯
37 more PENDING, 3 more ERROR

Trial train_fnn_13ce7_00008 started with configuration:
╭────────────────────────────────────────────────╮
│ Trial train_fnn_13ce7_00008 config             │
├────────────────────────────────────────────────┤
│ continuous_dim                             102 │
│ dropout_rate                           0.42857 │
│ embedding_dim                               10 │
│ hidden_dim                                  35 │
│ lr                                     0.00066 │
│ num_embeddings                            6642 │
│ num_epochs                                  11 │
│ num_gpus                                     2 │
│ num_layers                                   5 │
│ weight_decay                           0.00048 │
╰────────────────────────────────────────────────╯

Trial train_fnn_13ce7_00009 started with configuration:
╭────────────────────────────────────────────────╮
│ Trial train_fnn_13ce7_00009 config             │
├────────────────────────────────────────────────┤
│ continuous_dim                             102 │
│ dropout_rate                           0.52903 │
│ embedding_dim                                5 │
│ hidden_dim                                 155 │
│ lr                                     0.00034 │
│ num_embeddings                            6642 │
│ num_epochs                                  11 │
│ num_gpus                                     2 │
│ num_layers                                   4 │
│ weight_decay                           0.00017 │
╰────────────────────────────────────────────────╯

Trial train_fnn_13ce7_00009 errored after 0 iterations at 2024-07-02 22:55:17. Total running time: 31s
Error file: /tmp/ray/session_2024-07-02_22-54-41_444445_3481399/artifacts/2024-07-02_22-54-45/train_fnn_2024-07-02_22-54-45/driver_artifacts/train_fnn_13ce7_00009_9_dropout_rate=0.5290,embedding_dim=5,hidden_dim=155,lr=0.0003,num_layers=4,weight_decay=0.0002_2024-07-02_22-54-46/error.txt

Trial train_fnn_13ce7_00008 errored after 0 iterations at 2024-07-02 22:55:17. Total running time: 31s
Error file: /tmp/ray/session_2024-07-02_22-54-41_444445_3481399/artifacts/2024-07-02_22-54-45/train_fnn_2024-07-02_22-54-45/driver_artifacts/train_fnn_13ce7_00008_8_dropout_rate=0.4286,embedding_dim=10,hidden_dim=35,lr=0.0007,num_layers=5,weight_decay=0.0005_2024-07-02_22-54-46/error.txt

Trial train_fnn_13ce7_00011 started with configuration:
╭────────────────────────────────────────────────╮
│ Trial train_fnn_13ce7_00011 config             │
├────────────────────────────────────────────────┤
│ continuous_dim                             102 │
│ dropout_rate                            0.3917 │
│ embedding_dim                               15 │
│ hidden_dim                                 115 │
│ lr                                     0.00015 │
│ num_embeddings                            6642 │
│ num_epochs                                  11 │
│ num_gpus                                     2 │
│ num_layers                                   3 │
│ weight_decay                           0.00021 │
╰────────────────────────────────────────────────╯

Trial train_fnn_13ce7_00010 started with configuration:
╭────────────────────────────────────────────────╮
│ Trial train_fnn_13ce7_00010 config             │
├────────────────────────────────────────────────┤
│ continuous_dim                             102 │
│ dropout_rate                           0.44319 │
│ embedding_dim                               25 │
│ hidden_dim                                 125 │
│ lr                                           0 │
│ num_embeddings                            6642 │
│ num_epochs                                  11 │
│ num_gpus                                     2 │
│ num_layers                                   1 │
│ weight_decay                           0.00091 │
╰────────────────────────────────────────────────╯

Trial train_fnn_13ce7_00010 errored after 0 iterations at 2024-07-02 22:55:24. Total running time: 38s
Error file: /tmp/ray/session_2024-07-02_22-54-41_444445_3481399/artifacts/2024-07-02_22-54-45/train_fnn_2024-07-02_22-54-45/driver_artifacts/train_fnn_13ce7_00010_10_dropout_rate=0.4432,embedding_dim=25,hidden_dim=125,lr=0.0000,num_layers=1,weight_decay=0.0009_2024-07-02_22-54-46/error.txt

Trial train_fnn_13ce7_00011 errored after 0 iterations at 2024-07-02 22:55:24. Total running time: 38s
Error file: /tmp/ray/session_2024-07-02_22-54-41_444445_3481399/artifacts/2024-07-02_22-54-45/train_fnn_2024-07-02_22-54-45/driver_artifacts/train_fnn_13ce7_00011_11_dropout_rate=0.3917,embedding_dim=15,hidden_dim=115,lr=0.0002,num_layers=3,weight_decay=0.0002_2024-07-02_22-54-46/error.txt

Trial train_fnn_13ce7_00012 started with configuration:
╭────────────────────────────────────────────────╮
│ Trial train_fnn_13ce7_00012 config             │
├────────────────────────────────────────────────┤
│ continuous_dim                             102 │
│ dropout_rate                           0.50408 │
│ embedding_dim                                5 │
│ hidden_dim                                  65 │
│ lr                                     0.00035 │
│ num_embeddings                            6642 │
│ num_epochs                                  11 │
│ num_gpus                                     2 │
│ num_layers                                   2 │
│ weight_decay                             2e-05 │
╰────────────────────────────────────────────────╯

Trial train_fnn_13ce7_00013 started with configuration:
╭────────────────────────────────────────────────╮
│ Trial train_fnn_13ce7_00013 config             │
├────────────────────────────────────────────────┤
│ continuous_dim                             102 │
│ dropout_rate                           0.35428 │
│ embedding_dim                               20 │
│ hidden_dim                                  45 │
│ lr                                     0.00046 │
│ num_embeddings                            6642 │
│ num_epochs                                  11 │
│ num_gpus                                     2 │
│ num_layers                                   3 │
│ weight_decay                             3e-05 │
╰────────────────────────────────────────────────╯

Trial train_fnn_13ce7_00012 errored after 0 iterations at 2024-07-02 22:55:30. Total running time: 44s
Error file: /tmp/ray/session_2024-07-02_22-54-41_444445_3481399/artifacts/2024-07-02_22-54-45/train_fnn_2024-07-02_22-54-45/driver_artifacts/train_fnn_13ce7_00012_12_dropout_rate=0.5041,embedding_dim=5,hidden_dim=65,lr=0.0004,num_layers=2,weight_decay=0.0000_2024-07-02_22-54-46/error.txt

Trial train_fnn_13ce7_00013 errored after 0 iterations at 2024-07-02 22:55:30. Total running time: 44s
Error file: /tmp/ray/session_2024-07-02_22-54-41_444445_3481399/artifacts/2024-07-02_22-54-45/train_fnn_2024-07-02_22-54-45/driver_artifacts/train_fnn_13ce7_00013_13_dropout_rate=0.3543,embedding_dim=20,hidden_dim=45,lr=0.0005,num_layers=3,weight_decay=0.0000_2024-07-02_22-54-46/error.txt

Trial train_fnn_13ce7_00015 started with configuration:
╭────────────────────────────────────────────────╮
│ Trial train_fnn_13ce7_00015 config             │
├────────────────────────────────────────────────┤
│ continuous_dim                             102 │
│ dropout_rate                           0.24724 │
│ embedding_dim                               10 │
│ hidden_dim                                 145 │
│ lr                                           0 │
│ num_embeddings                            6642 │
│ num_epochs                                  11 │
│ num_gpus                                     2 │
│ num_layers                                   2 │
│ weight_decay                           0.00049 │
╰────────────────────────────────────────────────╯

Trial train_fnn_13ce7_00014 started with configuration:
╭────────────────────────────────────────────────╮
│ Trial train_fnn_13ce7_00014 config             │
├────────────────────────────────────────────────┤
│ continuous_dim                             102 │
│ dropout_rate                           0.39973 │
│ embedding_dim                                5 │
│ hidden_dim                                 135 │
│ lr                                       1e-05 │
│ num_embeddings                            6642 │
│ num_epochs                                  11 │
│ num_gpus                                     2 │
│ num_layers                                   3 │
│ weight_decay                             1e-05 │
╰────────────────────────────────────────────────╯

Trial train_fnn_13ce7_00015 errored after 0 iterations at 2024-07-02 22:55:37. Total running time: 51s
Error file: /tmp/ray/session_2024-07-02_22-54-41_444445_3481399/artifacts/2024-07-02_22-54-45/train_fnn_2024-07-02_22-54-45/driver_artifacts/train_fnn_13ce7_00015_15_dropout_rate=0.2472,embedding_dim=10,hidden_dim=145,lr=0.0000,num_layers=2,weight_decay=0.0005_2024-07-02_22-54-46/error.txt

Trial train_fnn_13ce7_00014 errored after 0 iterations at 2024-07-02 22:55:37. Total running time: 51s
Error file: /tmp/ray/session_2024-07-02_22-54-41_444445_3481399/artifacts/2024-07-02_22-54-45/train_fnn_2024-07-02_22-54-45/driver_artifacts/train_fnn_13ce7_00014_14_dropout_rate=0.3997,embedding_dim=5,hidden_dim=135,lr=0.0000,num_layers=3,weight_decay=0.0000_2024-07-02_22-54-46/error.txt

Trial train_fnn_13ce7_00016 started with configuration:
╭────────────────────────────────────────────────╮
│ Trial train_fnn_13ce7_00016 config             │
├────────────────────────────────────────────────┤
│ continuous_dim                             102 │
│ dropout_rate                           0.30151 │
│ embedding_dim                               25 │
│ hidden_dim                                  35 │
│ lr                                           0 │
│ num_embeddings                            6642 │
│ num_epochs                                  11 │
│ num_gpus                                     2 │
│ num_layers                                   5 │
│ weight_decay                           0.00067 │
╰────────────────────────────────────────────────╯

Trial train_fnn_13ce7_00017 started with configuration:
╭────────────────────────────────────────────────╮
│ Trial train_fnn_13ce7_00017 config             │
├────────────────────────────────────────────────┤
│ continuous_dim                             102 │
│ dropout_rate                           0.34715 │
│ embedding_dim                               10 │
│ hidden_dim                                 185 │
│ lr                                       1e-05 │
│ num_embeddings                            6642 │
│ num_epochs                                  11 │
│ num_gpus                                     2 │
│ num_layers                                   4 │
│ weight_decay                                 0 │
╰────────────────────────────────────────────────╯

Trial train_fnn_13ce7_00016 errored after 0 iterations at 2024-07-02 22:55:42. Total running time: 56s
Error file: /tmp/ray/session_2024-07-02_22-54-41_444445_3481399/artifacts/2024-07-02_22-54-45/train_fnn_2024-07-02_22-54-45/driver_artifacts/train_fnn_13ce7_00016_16_dropout_rate=0.3015,embedding_dim=25,hidden_dim=35,lr=0.0000,num_layers=5,weight_decay=0.0007_2024-07-02_22-54-46/error.txt

Trial train_fnn_13ce7_00017 errored after 0 iterations at 2024-07-02 22:55:42. Total running time: 56s
Error file: /tmp/ray/session_2024-07-02_22-54-41_444445_3481399/artifacts/2024-07-02_22-54-45/train_fnn_2024-07-02_22-54-45/driver_artifacts/train_fnn_13ce7_00017_17_dropout_rate=0.3472,embedding_dim=10,hidden_dim=185,lr=0.0000,num_layers=4,weight_decay=0.0000_2024-07-02_22-54-46/error.txt

Trial status: 18 ERROR | 32 PENDING
Current time: 2024-07-02 22:55:46. Total running time: 1min 0s
Logical resource usage: 4.0/40 CPUs, 2.0/2 GPUs (0.0/1.0 accelerator_type:A30)
╭──────────────────────────────────────────────────────────────────────────────────────────────────────────────────────────────────╮
│ Trial name              status       hidden_dim     num_layers     embedding_dim     dropout_rate            lr     weight_decay │
├──────────────────────────────────────────────────────────────────────────────────────────────────────────────────────────────────┤
│ train_fnn_13ce7_00018   PENDING             115              4                20        0.491982    4.1498e-05       0.000264436 │
│ train_fnn_13ce7_00019   PENDING              65              1                 5        0.133085    1.91128e-05      0.000284475 │
│ train_fnn_13ce7_00020   PENDING              65              3                 5        0.271808    0.000119484      6.43039e-06 │
│ train_fnn_13ce7_00021   PENDING              85              4                 5        0.0450418   5.77758e-06      5.50336e-06 │
│ train_fnn_13ce7_00022   PENDING              25              1                25        0.163814    1.29021e-06      6.74051e-05 │
│ train_fnn_13ce7_00000   ERROR                65              4                25        0.109055    0.00021831       6.17377e-05 │
│ train_fnn_13ce7_00001   ERROR               105              3                25        0.334602    0.000133112      1.1528e-06  │
│ train_fnn_13ce7_00002   ERROR               115              2                20        0.109038    8.1795e-06       3.75206e-05 │
│ train_fnn_13ce7_00003   ERROR               165              3                15        0.225925    1.38037e-06      0.000834193 │
│ train_fnn_13ce7_00004   ERROR               145              3                20        0.287687    5.98747e-05      1.37832e-06 │
╰──────────────────────────────────────────────────────────────────────────────────────────────────────────────────────────────────╯
27 more PENDING, 13 more ERROR

Trial train_fnn_13ce7_00018 started with configuration:
╭────────────────────────────────────────────────╮
│ Trial train_fnn_13ce7_00018 config             │
├────────────────────────────────────────────────┤
│ continuous_dim                             102 │
│ dropout_rate                           0.49198 │
│ embedding_dim                               20 │
│ hidden_dim                                 115 │
│ lr                                       4e-05 │
│ num_embeddings                            6642 │
│ num_epochs                                  11 │
│ num_gpus                                     2 │
│ num_layers                                   4 │
│ weight_decay                           0.00026 │
╰────────────────────────────────────────────────╯

Trial train_fnn_13ce7_00019 started with configuration:
╭────────────────────────────────────────────────╮
│ Trial train_fnn_13ce7_00019 config             │
├────────────────────────────────────────────────┤
│ continuous_dim                             102 │
│ dropout_rate                           0.13308 │
│ embedding_dim                                5 │
│ hidden_dim                                  65 │
│ lr                                       2e-05 │
│ num_embeddings                            6642 │
│ num_epochs                                  11 │
│ num_gpus                                     2 │
│ num_layers                                   1 │
│ weight_decay                           0.00028 │
╰────────────────────────────────────────────────╯

Trial train_fnn_13ce7_00018 errored after 0 iterations at 2024-07-02 22:55:48. Total running time: 1min 2s
Error file: /tmp/ray/session_2024-07-02_22-54-41_444445_3481399/artifacts/2024-07-02_22-54-45/train_fnn_2024-07-02_22-54-45/driver_artifacts/train_fnn_13ce7_00018_18_dropout_rate=0.4920,embedding_dim=20,hidden_dim=115,lr=0.0000,num_layers=4,weight_decay=0.0003_2024-07-02_22-54-46/error.txt

Trial train_fnn_13ce7_00019 errored after 0 iterations at 2024-07-02 22:55:48. Total running time: 1min 2s
Error file: /tmp/ray/session_2024-07-02_22-54-41_444445_3481399/artifacts/2024-07-02_22-54-45/train_fnn_2024-07-02_22-54-45/driver_artifacts/train_fnn_13ce7_00019_19_dropout_rate=0.1331,embedding_dim=5,hidden_dim=65,lr=0.0000,num_layers=1,weight_decay=0.0003_2024-07-02_22-54-46/error.txt

Trial train_fnn_13ce7_00021 started with configuration:
╭────────────────────────────────────────────────╮
│ Trial train_fnn_13ce7_00021 config             │
├────────────────────────────────────────────────┤
│ continuous_dim                             102 │
│ dropout_rate                           0.04504 │
│ embedding_dim                                5 │
│ hidden_dim                                  85 │
│ lr                                       1e-05 │
│ num_embeddings                            6642 │
│ num_epochs                                  11 │
│ num_gpus                                     2 │
│ num_layers                                   4 │
│ weight_decay                             1e-05 │
╰────────────────────────────────────────────────╯

Trial train_fnn_13ce7_00021 errored after 0 iterations at 2024-07-02 22:55:53. Total running time: 1min 7s
Error file: /tmp/ray/session_2024-07-02_22-54-41_444445_3481399/artifacts/2024-07-02_22-54-45/train_fnn_2024-07-02_22-54-45/driver_artifacts/train_fnn_13ce7_00021_21_dropout_rate=0.0450,embedding_dim=5,hidden_dim=85,lr=0.0000,num_layers=4,weight_decay=0.0000_2024-07-02_22-54-46/error.txt

Trial train_fnn_13ce7_00020 started with configuration:
╭────────────────────────────────────────────────╮
│ Trial train_fnn_13ce7_00020 config             │
├────────────────────────────────────────────────┤
│ continuous_dim                             102 │
│ dropout_rate                           0.27181 │
│ embedding_dim                                5 │
│ hidden_dim                                  65 │
│ lr                                     0.00012 │
│ num_embeddings                            6642 │
│ num_epochs                                  11 │
│ num_gpus                                     2 │
│ num_layers                                   3 │
│ weight_decay                             1e-05 │
╰────────────────────────────────────────────────╯

Trial train_fnn_13ce7_00020 errored after 0 iterations at 2024-07-02 22:55:54. Total running time: 1min 8s
Error file: /tmp/ray/session_2024-07-02_22-54-41_444445_3481399/artifacts/2024-07-02_22-54-45/train_fnn_2024-07-02_22-54-45/driver_artifacts/train_fnn_13ce7_00020_20_dropout_rate=0.2718,embedding_dim=5,hidden_dim=65,lr=0.0001,num_layers=3,weight_decay=0.0000_2024-07-02_22-54-46/error.txt

Trial train_fnn_13ce7_00022 started with configuration:
╭────────────────────────────────────────────────╮
│ Trial train_fnn_13ce7_00022 config             │
├────────────────────────────────────────────────┤
│ continuous_dim                             102 │
│ dropout_rate                           0.16381 │
│ embedding_dim                               25 │
│ hidden_dim                                  25 │
│ lr                                           0 │
│ num_embeddings                            6642 │
│ num_epochs                                  11 │
│ num_gpus                                     2 │
│ num_layers                                   1 │
│ weight_decay                             7e-05 │
╰────────────────────────────────────────────────╯

Trial train_fnn_13ce7_00022 errored after 0 iterations at 2024-07-02 22:55:59. Total running time: 1min 13s
Error file: /tmp/ray/session_2024-07-02_22-54-41_444445_3481399/artifacts/2024-07-02_22-54-45/train_fnn_2024-07-02_22-54-45/driver_artifacts/train_fnn_13ce7_00022_22_dropout_rate=0.1638,embedding_dim=25,hidden_dim=25,lr=0.0000,num_layers=1,weight_decay=0.0001_2024-07-02_22-54-46/error.txt

Trial train_fnn_13ce7_00023 started with configuration:
╭────────────────────────────────────────────────╮
│ Trial train_fnn_13ce7_00023 config             │
├────────────────────────────────────────────────┤
│ continuous_dim                             102 │
│ dropout_rate                           0.13936 │
│ embedding_dim                                5 │
│ hidden_dim                                  45 │
│ lr                                           0 │
│ num_embeddings                            6642 │
│ num_epochs                                  11 │
│ num_gpus                                     2 │
│ num_layers                                   1 │
│ weight_decay                             3e-05 │
╰────────────────────────────────────────────────╯

Trial train_fnn_13ce7_00023 errored after 0 iterations at 2024-07-02 22:56:01. Total running time: 1min 15s
Error file: /tmp/ray/session_2024-07-02_22-54-41_444445_3481399/artifacts/2024-07-02_22-54-45/train_fnn_2024-07-02_22-54-45/driver_artifacts/train_fnn_13ce7_00023_23_dropout_rate=0.1394,embedding_dim=5,hidden_dim=45,lr=0.0000,num_layers=1,weight_decay=0.0000_2024-07-02_22-54-46/error.txt

Trial train_fnn_13ce7_00024 started with configuration:
╭────────────────────────────────────────────────╮
│ Trial train_fnn_13ce7_00024 config             │
├────────────────────────────────────────────────┤
│ continuous_dim                             102 │
│ dropout_rate                           0.14077 │
│ embedding_dim                               15 │
│ hidden_dim                                  35 │
│ lr                                     0.00026 │
│ num_embeddings                            6642 │
│ num_epochs                                  11 │
│ num_gpus                                     2 │
│ num_layers                                   3 │
│ weight_decay                             3e-05 │
╰────────────────────────────────────────────────╯

Trial train_fnn_13ce7_00024 errored after 0 iterations at 2024-07-02 22:56:05. Total running time: 1min 19s
Error file: /tmp/ray/session_2024-07-02_22-54-41_444445_3481399/artifacts/2024-07-02_22-54-45/train_fnn_2024-07-02_22-54-45/driver_artifacts/train_fnn_13ce7_00024_24_dropout_rate=0.1408,embedding_dim=15,hidden_dim=35,lr=0.0003,num_layers=3,weight_decay=0.0000_2024-07-02_22-54-46/error.txt

Trial train_fnn_13ce7_00025 started with configuration:
╭────────────────────────────────────────────────╮
│ Trial train_fnn_13ce7_00025 config             │
├────────────────────────────────────────────────┤
│ continuous_dim                             102 │
│ dropout_rate                           0.18322 │
│ embedding_dim                                5 │
│ hidden_dim                                 105 │
│ lr                                           0 │
│ num_embeddings                            6642 │
│ num_epochs                                  11 │
│ num_gpus                                     2 │
│ num_layers                                   1 │
│ weight_decay                                 0 │
╰────────────────────────────────────────────────╯

Trial train_fnn_13ce7_00025 errored after 0 iterations at 2024-07-02 22:56:07. Total running time: 1min 21s
Error file: /tmp/ray/session_2024-07-02_22-54-41_444445_3481399/artifacts/2024-07-02_22-54-45/train_fnn_2024-07-02_22-54-45/driver_artifacts/train_fnn_13ce7_00025_25_dropout_rate=0.1832,embedding_dim=5,hidden_dim=105,lr=0.0000,num_layers=1,weight_decay=0.0000_2024-07-02_22-54-46/error.txt

Trial train_fnn_13ce7_00026 started with configuration:
╭────────────────────────────────────────────────╮
│ Trial train_fnn_13ce7_00026 config             │
├────────────────────────────────────────────────┤
│ continuous_dim                             102 │
│ dropout_rate                           0.28653 │
│ embedding_dim                               10 │
│ hidden_dim                                  35 │
│ lr                                           0 │
│ num_embeddings                            6642 │
│ num_epochs                                  11 │
│ num_gpus                                     2 │
│ num_layers                                   3 │
│ weight_decay                             9e-05 │
╰────────────────────────────────────────────────╯

Trial train_fnn_13ce7_00026 errored after 0 iterations at 2024-07-02 22:56:11. Total running time: 1min 25s
Error file: /tmp/ray/session_2024-07-02_22-54-41_444445_3481399/artifacts/2024-07-02_22-54-45/train_fnn_2024-07-02_22-54-45/driver_artifacts/train_fnn_13ce7_00026_26_dropout_rate=0.2865,embedding_dim=10,hidden_dim=35,lr=0.0000,num_layers=3,weight_decay=0.0001_2024-07-02_22-54-46/error.txt

Trial train_fnn_13ce7_00027 started with configuration:
╭────────────────────────────────────────────────╮
│ Trial train_fnn_13ce7_00027 config             │
├────────────────────────────────────────────────┤
│ continuous_dim                             102 │
│ dropout_rate                           0.37487 │
│ embedding_dim                                5 │
│ hidden_dim                                   5 │
│ lr                                     0.00016 │
│ num_embeddings                            6642 │
│ num_epochs                                  11 │
│ num_gpus                                     2 │
│ num_layers                                   2 │
│ weight_decay                                 0 │
╰────────────────────────────────────────────────╯

Trial train_fnn_13ce7_00027 errored after 0 iterations at 2024-07-02 22:56:12. Total running time: 1min 26s
Error file: /tmp/ray/session_2024-07-02_22-54-41_444445_3481399/artifacts/2024-07-02_22-54-45/train_fnn_2024-07-02_22-54-45/driver_artifacts/train_fnn_13ce7_00027_27_dropout_rate=0.3749,embedding_dim=5,hidden_dim=5,lr=0.0002,num_layers=2,weight_decay=0.0000_2024-07-02_22-54-46/error.txt

Trial train_fnn_13ce7_00028 started with configuration:
╭────────────────────────────────────────────────╮
│ Trial train_fnn_13ce7_00028 config             │
├────────────────────────────────────────────────┤
│ continuous_dim                             102 │
│ dropout_rate                           0.10448 │
│ embedding_dim                               20 │
│ hidden_dim                                  95 │
│ lr                                     0.00088 │
│ num_embeddings                            6642 │
│ num_epochs                                  11 │
│ num_gpus                                     2 │
│ num_layers                                   3 │
│ weight_decay                             4e-05 │
╰────────────────────────────────────────────────╯

Trial status: 28 ERROR | 1 RUNNING | 21 PENDING
Current time: 2024-07-02 22:56:16. Total running time: 1min 30s
Logical resource usage: 4.0/40 CPUs, 2.0/2 GPUs (0.0/1.0 accelerator_type:A30)
╭──────────────────────────────────────────────────────────────────────────────────────────────────────────────────────────────────╮
│ Trial name              status       hidden_dim     num_layers     embedding_dim     dropout_rate            lr     weight_decay │
├──────────────────────────────────────────────────────────────────────────────────────────────────────────────────────────────────┤
│ train_fnn_13ce7_00028   RUNNING              95              3                20         0.104476   0.000884107      3.54738e-05 │
│ train_fnn_13ce7_00029   PENDING               5              4                25         0.496226   7.93057e-05      1.04013e-05 │
│ train_fnn_13ce7_00030   PENDING             155              3                20         0.489027   0.000218588      8.43519e-05 │
│ train_fnn_13ce7_00031   PENDING              75              4                30         0.371254   5.52154e-05      1.30872e-05 │
│ train_fnn_13ce7_00032   PENDING             175              2                10         0.383623   9.03408e-05      4.70769e-06 │
│ train_fnn_13ce7_00033   PENDING               5              5                20         0.207893   0.000170809      0.000145486 │
│ train_fnn_13ce7_00000   ERROR                65              4                25         0.109055   0.00021831       6.17377e-05 │
│ train_fnn_13ce7_00001   ERROR               105              3                25         0.334602   0.000133112      1.1528e-06  │
│ train_fnn_13ce7_00002   ERROR               115              2                20         0.109038   8.1795e-06       3.75206e-05 │
│ train_fnn_13ce7_00003   ERROR               165              3                15         0.225925   1.38037e-06      0.000834193 │
│ train_fnn_13ce7_00004   ERROR               145              3                20         0.287687   5.98747e-05      1.37832e-06 │
╰──────────────────────────────────────────────────────────────────────────────────────────────────────────────────────────────────╯
16 more PENDING, 23 more ERROR

Trial train_fnn_13ce7_00028 errored after 0 iterations at 2024-07-02 22:56:16. Total running time: 1min 30s
Error file: /tmp/ray/session_2024-07-02_22-54-41_444445_3481399/artifacts/2024-07-02_22-54-45/train_fnn_2024-07-02_22-54-45/driver_artifacts/train_fnn_13ce7_00028_28_dropout_rate=0.1045,embedding_dim=20,hidden_dim=95,lr=0.0009,num_layers=3,weight_decay=0.0000_2024-07-02_22-54-46/error.txt

Trial train_fnn_13ce7_00029 started with configuration:
╭────────────────────────────────────────────────╮
│ Trial train_fnn_13ce7_00029 config             │
├────────────────────────────────────────────────┤
│ continuous_dim                             102 │
│ dropout_rate                           0.49623 │
│ embedding_dim                               25 │
│ hidden_dim                                   5 │
│ lr                                       8e-05 │
│ num_embeddings                            6642 │
│ num_epochs                                  11 │
│ num_gpus                                     2 │
│ num_layers                                   4 │
│ weight_decay                             1e-05 │
╰────────────────────────────────────────────────╯

Trial train_fnn_13ce7_00029 errored after 0 iterations at 2024-07-02 22:56:18. Total running time: 1min 32s
Error file: /tmp/ray/session_2024-07-02_22-54-41_444445_3481399/artifacts/2024-07-02_22-54-45/train_fnn_2024-07-02_22-54-45/driver_artifacts/train_fnn_13ce7_00029_29_dropout_rate=0.4962,embedding_dim=25,hidden_dim=5,lr=0.0001,num_layers=4,weight_decay=0.0000_2024-07-02_22-54-46/error.txt

Trial train_fnn_13ce7_00030 started with configuration:
╭────────────────────────────────────────────────╮
│ Trial train_fnn_13ce7_00030 config             │
├────────────────────────────────────────────────┤
│ continuous_dim                             102 │
│ dropout_rate                           0.48903 │
│ embedding_dim                               20 │
│ hidden_dim                                 155 │
│ lr                                     0.00022 │
│ num_embeddings                            6642 │
│ num_epochs                                  11 │
│ num_gpus                                     2 │
│ num_layers                                   3 │
│ weight_decay                             8e-05 │
╰────────────────────────────────────────────────╯

Trial train_fnn_13ce7_00030 errored after 0 iterations at 2024-07-02 22:56:22. Total running time: 1min 37s
Error file: /tmp/ray/session_2024-07-02_22-54-41_444445_3481399/artifacts/2024-07-02_22-54-45/train_fnn_2024-07-02_22-54-45/driver_artifacts/train_fnn_13ce7_00030_30_dropout_rate=0.4890,embedding_dim=20,hidden_dim=155,lr=0.0002,num_layers=3,weight_decay=0.0001_2024-07-02_22-54-46/error.txt

Trial train_fnn_13ce7_00031 started with configuration:
╭────────────────────────────────────────────────╮
│ Trial train_fnn_13ce7_00031 config             │
├────────────────────────────────────────────────┤
│ continuous_dim                             102 │
│ dropout_rate                           0.37125 │
│ embedding_dim                               30 │
│ hidden_dim                                  75 │
│ lr                                       6e-05 │
│ num_embeddings                            6642 │
│ num_epochs                                  11 │
│ num_gpus                                     2 │
│ num_layers                                   4 │
│ weight_decay                             1e-05 │
╰────────────────────────────────────────────────╯

Trial train_fnn_13ce7_00031 errored after 0 iterations at 2024-07-02 22:56:25. Total running time: 1min 39s
Error file: /tmp/ray/session_2024-07-02_22-54-41_444445_3481399/artifacts/2024-07-02_22-54-45/train_fnn_2024-07-02_22-54-45/driver_artifacts/train_fnn_13ce7_00031_31_dropout_rate=0.3713,embedding_dim=30,hidden_dim=75,lr=0.0001,num_layers=4,weight_decay=0.0000_2024-07-02_22-54-46/error.txt

Trial train_fnn_13ce7_00032 started with configuration:
╭────────────────────────────────────────────────╮
│ Trial train_fnn_13ce7_00032 config             │
├────────────────────────────────────────────────┤
│ continuous_dim                             102 │
│ dropout_rate                           0.38362 │
│ embedding_dim                               10 │
│ hidden_dim                                 175 │
│ lr                                       9e-05 │
│ num_embeddings                            6642 │
│ num_epochs                                  11 │
│ num_gpus                                     2 │
│ num_layers                                   2 │
│ weight_decay                                 0 │
╰────────────────────────────────────────────────╯

Trial train_fnn_13ce7_00032 errored after 0 iterations at 2024-07-02 22:56:28. Total running time: 1min 42s
Error file: /tmp/ray/session_2024-07-02_22-54-41_444445_3481399/artifacts/2024-07-02_22-54-45/train_fnn_2024-07-02_22-54-45/driver_artifacts/train_fnn_13ce7_00032_32_dropout_rate=0.3836,embedding_dim=10,hidden_dim=175,lr=0.0001,num_layers=2,weight_decay=0.0000_2024-07-02_22-54-46/error.txt

Trial train_fnn_13ce7_00033 started with configuration:
╭────────────────────────────────────────────────╮
│ Trial train_fnn_13ce7_00033 config             │
├────────────────────────────────────────────────┤
│ continuous_dim                             102 │
│ dropout_rate                           0.20789 │
│ embedding_dim                               20 │
│ hidden_dim                                   5 │
│ lr                                     0.00017 │
│ num_embeddings                            6642 │
│ num_epochs                                  11 │
│ num_gpus                                     2 │
│ num_layers                                   5 │
│ weight_decay                           0.00015 │
╰────────────────────────────────────────────────╯

Trial train_fnn_13ce7_00033 errored after 0 iterations at 2024-07-02 22:56:31. Total running time: 1min 45s
Error file: /tmp/ray/session_2024-07-02_22-54-41_444445_3481399/artifacts/2024-07-02_22-54-45/train_fnn_2024-07-02_22-54-45/driver_artifacts/train_fnn_13ce7_00033_33_dropout_rate=0.2079,embedding_dim=20,hidden_dim=5,lr=0.0002,num_layers=5,weight_decay=0.0001_2024-07-02_22-54-46/error.txt

Trial train_fnn_13ce7_00034 started with configuration:
╭────────────────────────────────────────────────╮
│ Trial train_fnn_13ce7_00034 config             │
├────────────────────────────────────────────────┤
│ continuous_dim                             102 │
│ dropout_rate                           0.20857 │
│ embedding_dim                               15 │
│ hidden_dim                                 155 │
│ lr                                       1e-05 │
│ num_embeddings                            6642 │
│ num_epochs                                  11 │
│ num_gpus                                     2 │
│ num_layers                                   4 │
│ weight_decay                             1e-05 │
╰────────────────────────────────────────────────╯

Trial train_fnn_13ce7_00034 errored after 0 iterations at 2024-07-02 22:56:34. Total running time: 1min 48s
Error file: /tmp/ray/session_2024-07-02_22-54-41_444445_3481399/artifacts/2024-07-02_22-54-45/train_fnn_2024-07-02_22-54-45/driver_artifacts/train_fnn_13ce7_00034_34_dropout_rate=0.2086,embedding_dim=15,hidden_dim=155,lr=0.0000,num_layers=4,weight_decay=0.0000_2024-07-02_22-54-46/error.txt

Trial train_fnn_13ce7_00035 started with configuration:
╭────────────────────────────────────────────────╮
│ Trial train_fnn_13ce7_00035 config             │
├────────────────────────────────────────────────┤
│ continuous_dim                             102 │
│ dropout_rate                           0.49929 │
│ embedding_dim                               30 │
│ hidden_dim                                 125 │
│ lr                                       2e-05 │
│ num_embeddings                            6642 │
│ num_epochs                                  11 │
│ num_gpus                                     2 │
│ num_layers                                   3 │
│ weight_decay                             1e-05 │
╰────────────────────────────────────────────────╯

Trial train_fnn_13ce7_00035 errored after 0 iterations at 2024-07-02 22:56:37. Total running time: 1min 51s
Error file: /tmp/ray/session_2024-07-02_22-54-41_444445_3481399/artifacts/2024-07-02_22-54-45/train_fnn_2024-07-02_22-54-45/driver_artifacts/train_fnn_13ce7_00035_35_dropout_rate=0.4993,embedding_dim=30,hidden_dim=125,lr=0.0000,num_layers=3,weight_decay=0.0000_2024-07-02_22-54-46/error.txt

Trial train_fnn_13ce7_00036 started with configuration:
╭───────────────────────────────────────────────╮
│ Trial train_fnn_13ce7_00036 config            │
├───────────────────────────────────────────────┤
│ continuous_dim                            102 │
│ dropout_rate                           0.1343 │
│ embedding_dim                              25 │
│ hidden_dim                                145 │
│ lr                                      3e-05 │
│ num_embeddings                           6642 │
│ num_epochs                                 11 │
│ num_gpus                                    2 │
│ num_layers                                  1 │
│ weight_decay                            5e-05 │
╰───────────────────────────────────────────────╯

Trial train_fnn_13ce7_00036 errored after 0 iterations at 2024-07-02 22:56:39. Total running time: 1min 53s
Error file: /tmp/ray/session_2024-07-02_22-54-41_444445_3481399/artifacts/2024-07-02_22-54-45/train_fnn_2024-07-02_22-54-45/driver_artifacts/train_fnn_13ce7_00036_36_dropout_rate=0.1343,embedding_dim=25,hidden_dim=145,lr=0.0000,num_layers=1,weight_decay=0.0001_2024-07-02_22-54-46/error.txt

Trial train_fnn_13ce7_00037 started with configuration:
╭────────────────────────────────────────────────╮
│ Trial train_fnn_13ce7_00037 config             │
├────────────────────────────────────────────────┤
│ continuous_dim                             102 │
│ dropout_rate                           0.26377 │
│ embedding_dim                               20 │
│ hidden_dim                                 165 │
│ lr                                       1e-05 │
│ num_embeddings                            6642 │
│ num_epochs                                  11 │
│ num_gpus                                     2 │
│ num_layers                                   4 │
│ weight_decay                           0.00045 │
╰────────────────────────────────────────────────╯

Trial train_fnn_13ce7_00037 errored after 0 iterations at 2024-07-02 22:56:43. Total running time: 1min 57s
Error file: /tmp/ray/session_2024-07-02_22-54-41_444445_3481399/artifacts/2024-07-02_22-54-45/train_fnn_2024-07-02_22-54-45/driver_artifacts/train_fnn_13ce7_00037_37_dropout_rate=0.2638,embedding_dim=20,hidden_dim=165,lr=0.0000,num_layers=4,weight_decay=0.0004_2024-07-02_22-54-46/error.txt

Trial train_fnn_13ce7_00038 started with configuration:
╭────────────────────────────────────────────────╮
│ Trial train_fnn_13ce7_00038 config             │
├────────────────────────────────────────────────┤
│ continuous_dim                             102 │
│ dropout_rate                           0.30849 │
│ embedding_dim                                5 │
│ hidden_dim                                  45 │
│ lr                                       5e-05 │
│ num_embeddings                            6642 │
│ num_epochs                                  11 │
│ num_gpus                                     2 │
│ num_layers                                   5 │
│ weight_decay                           0.00087 │
╰────────────────────────────────────────────────╯

Trial train_fnn_13ce7_00038 errored after 0 iterations at 2024-07-02 22:56:44. Total running time: 1min 58s
Error file: /tmp/ray/session_2024-07-02_22-54-41_444445_3481399/artifacts/2024-07-02_22-54-45/train_fnn_2024-07-02_22-54-45/driver_artifacts/train_fnn_13ce7_00038_38_dropout_rate=0.3085,embedding_dim=5,hidden_dim=45,lr=0.0001,num_layers=5,weight_decay=0.0009_2024-07-02_22-54-46/error.txt

Trial status: 39 ERROR | 11 PENDING
Current time: 2024-07-02 22:56:46. Total running time: 2min 0s
Logical resource usage: 4.0/40 CPUs, 2.0/2 GPUs (0.0/1.0 accelerator_type:A30)
╭──────────────────────────────────────────────────────────────────────────────────────────────────────────────────────────────────╮
│ Trial name              status       hidden_dim     num_layers     embedding_dim     dropout_rate            lr     weight_decay │
├──────────────────────────────────────────────────────────────────────────────────────────────────────────────────────────────────┤
│ train_fnn_13ce7_00039   PENDING               5              3                10         0.310673   0.000643375      0.000122487 │
│ train_fnn_13ce7_00040   PENDING             175              2                15         0.169457   9.28223e-06      0.000351568 │
│ train_fnn_13ce7_00041   PENDING             155              5                10         0.447055   0.000269364      0.000399224 │
│ train_fnn_13ce7_00042   PENDING              65              1                20         0.441079   8.91029e-05      0.000127615 │
│ train_fnn_13ce7_00043   PENDING             115              3                20         0.322587   2.06739e-05      0.000103772 │
│ train_fnn_13ce7_00000   ERROR                65              4                25         0.109055   0.00021831       6.17377e-05 │
│ train_fnn_13ce7_00001   ERROR               105              3                25         0.334602   0.000133112      1.1528e-06  │
│ train_fnn_13ce7_00002   ERROR               115              2                20         0.109038   8.1795e-06       3.75206e-05 │
│ train_fnn_13ce7_00003   ERROR               165              3                15         0.225925   1.38037e-06      0.000834193 │
│ train_fnn_13ce7_00004   ERROR               145              3                20         0.287687   5.98747e-05      1.37832e-06 │
╰──────────────────────────────────────────────────────────────────────────────────────────────────────────────────────────────────╯
6 more PENDING, 34 more ERROR

Trial train_fnn_13ce7_00039 started with configuration:
╭────────────────────────────────────────────────╮
│ Trial train_fnn_13ce7_00039 config             │
├────────────────────────────────────────────────┤
│ continuous_dim                             102 │
│ dropout_rate                           0.31067 │
│ embedding_dim                               10 │
│ hidden_dim                                   5 │
│ lr                                     0.00064 │
│ num_embeddings                            6642 │
│ num_epochs                                  11 │
│ num_gpus                                     2 │
│ num_layers                                   3 │
│ weight_decay                           0.00012 │
╰────────────────────────────────────────────────╯

Trial train_fnn_13ce7_00039 errored after 0 iterations at 2024-07-02 22:56:49. Total running time: 2min 3s
Error file: /tmp/ray/session_2024-07-02_22-54-41_444445_3481399/artifacts/2024-07-02_22-54-45/train_fnn_2024-07-02_22-54-45/driver_artifacts/train_fnn_13ce7_00039_39_dropout_rate=0.3107,embedding_dim=10,hidden_dim=5,lr=0.0006,num_layers=3,weight_decay=0.0001_2024-07-02_22-54-46/error.txt

Trial train_fnn_13ce7_00040 started with configuration:
╭────────────────────────────────────────────────╮
│ Trial train_fnn_13ce7_00040 config             │
├────────────────────────────────────────────────┤
│ continuous_dim                             102 │
│ dropout_rate                           0.16946 │
│ embedding_dim                               15 │
│ hidden_dim                                 175 │
│ lr                                       1e-05 │
│ num_embeddings                            6642 │
│ num_epochs                                  11 │
│ num_gpus                                     2 │
│ num_layers                                   2 │
│ weight_decay                           0.00035 │
╰────────────────────────────────────────────────╯

Trial train_fnn_13ce7_00040 errored after 0 iterations at 2024-07-02 22:56:51. Total running time: 2min 5s
Error file: /tmp/ray/session_2024-07-02_22-54-41_444445_3481399/artifacts/2024-07-02_22-54-45/train_fnn_2024-07-02_22-54-45/driver_artifacts/train_fnn_13ce7_00040_40_dropout_rate=0.1695,embedding_dim=15,hidden_dim=175,lr=0.0000,num_layers=2,weight_decay=0.0004_2024-07-02_22-54-46/error.txt

Trial train_fnn_13ce7_00041 started with configuration:
╭────────────────────────────────────────────────╮
│ Trial train_fnn_13ce7_00041 config             │
├────────────────────────────────────────────────┤
│ continuous_dim                             102 │
│ dropout_rate                           0.44706 │
│ embedding_dim                               10 │
│ hidden_dim                                 155 │
│ lr                                     0.00027 │
│ num_embeddings                            6642 │
│ num_epochs                                  11 │
│ num_gpus                                     2 │
│ num_layers                                   5 │
│ weight_decay                            0.0004 │
╰────────────────────────────────────────────────╯

Trial train_fnn_13ce7_00041 errored after 0 iterations at 2024-07-02 22:56:54. Total running time: 2min 8s
Error file: /tmp/ray/session_2024-07-02_22-54-41_444445_3481399/artifacts/2024-07-02_22-54-45/train_fnn_2024-07-02_22-54-45/driver_artifacts/train_fnn_13ce7_00041_41_dropout_rate=0.4471,embedding_dim=10,hidden_dim=155,lr=0.0003,num_layers=5,weight_decay=0.0004_2024-07-02_22-54-46/error.txt

Trial train_fnn_13ce7_00042 started with configuration:
╭────────────────────────────────────────────────╮
│ Trial train_fnn_13ce7_00042 config             │
├────────────────────────────────────────────────┤
│ continuous_dim                             102 │
│ dropout_rate                           0.44108 │
│ embedding_dim                               20 │
│ hidden_dim                                  65 │
│ lr                                       9e-05 │
│ num_embeddings                            6642 │
│ num_epochs                                  11 │
│ num_gpus                                     2 │
│ num_layers                                   1 │
│ weight_decay                           0.00013 │
╰────────────────────────────────────────────────╯

Trial train_fnn_13ce7_00042 errored after 0 iterations at 2024-07-02 22:56:57. Total running time: 2min 11s
Error file: /tmp/ray/session_2024-07-02_22-54-41_444445_3481399/artifacts/2024-07-02_22-54-45/train_fnn_2024-07-02_22-54-45/driver_artifacts/train_fnn_13ce7_00042_42_dropout_rate=0.4411,embedding_dim=20,hidden_dim=65,lr=0.0001,num_layers=1,weight_decay=0.0001_2024-07-02_22-54-46/error.txt

Trial train_fnn_13ce7_00043 started with configuration:
╭────────────────────────────────────────────────╮
│ Trial train_fnn_13ce7_00043 config             │
├────────────────────────────────────────────────┤
│ continuous_dim                             102 │
│ dropout_rate                           0.32259 │
│ embedding_dim                               20 │
│ hidden_dim                                 115 │
│ lr                                       2e-05 │
│ num_embeddings                            6642 │
│ num_epochs                                  11 │
│ num_gpus                                     2 │
│ num_layers                                   3 │
│ weight_decay                            0.0001 │
╰────────────────────────────────────────────────╯

Trial train_fnn_13ce7_00043 errored after 0 iterations at 2024-07-02 22:56:59. Total running time: 2min 13s
Error file: /tmp/ray/session_2024-07-02_22-54-41_444445_3481399/artifacts/2024-07-02_22-54-45/train_fnn_2024-07-02_22-54-45/driver_artifacts/train_fnn_13ce7_00043_43_dropout_rate=0.3226,embedding_dim=20,hidden_dim=115,lr=0.0000,num_layers=3,weight_decay=0.0001_2024-07-02_22-54-46/error.txt

Trial train_fnn_13ce7_00044 started with configuration:
╭───────────────────────────────────────────────╮
│ Trial train_fnn_13ce7_00044 config            │
├───────────────────────────────────────────────┤
│ continuous_dim                            102 │
│ dropout_rate                           0.4542 │
│ embedding_dim                              10 │
│ hidden_dim                                165 │
│ lr                                      1e-05 │
│ num_embeddings                           6642 │
│ num_epochs                                 11 │
│ num_gpus                                    2 │
│ num_layers                                  4 │
│ weight_decay                                0 │
╰───────────────────────────────────────────────╯

Trial train_fnn_13ce7_00044 errored after 0 iterations at 2024-07-02 22:57:03. Total running time: 2min 17s
Error file: /tmp/ray/session_2024-07-02_22-54-41_444445_3481399/artifacts/2024-07-02_22-54-45/train_fnn_2024-07-02_22-54-45/driver_artifacts/train_fnn_13ce7_00044_44_dropout_rate=0.4542,embedding_dim=10,hidden_dim=165,lr=0.0000,num_layers=4,weight_decay=0.0000_2024-07-02_22-54-46/error.txt

Trial train_fnn_13ce7_00045 started with configuration:
╭────────────────────────────────────────────────╮
│ Trial train_fnn_13ce7_00045 config             │
├────────────────────────────────────────────────┤
│ continuous_dim                             102 │
│ dropout_rate                           0.25692 │
│ embedding_dim                               25 │
│ hidden_dim                                 115 │
│ lr                                     0.00034 │
│ num_embeddings                            6642 │
│ num_epochs                                  11 │
│ num_gpus                                     2 │
│ num_layers                                   4 │
│ weight_decay                                 0 │
╰────────────────────────────────────────────────╯

Trial train_fnn_13ce7_00045 errored after 0 iterations at 2024-07-02 22:57:05. Total running time: 2min 19s
Error file: /tmp/ray/session_2024-07-02_22-54-41_444445_3481399/artifacts/2024-07-02_22-54-45/train_fnn_2024-07-02_22-54-45/driver_artifacts/train_fnn_13ce7_00045_45_dropout_rate=0.2569,embedding_dim=25,hidden_dim=115,lr=0.0003,num_layers=4,weight_decay=0.0000_2024-07-02_22-54-46/error.txt

Trial train_fnn_13ce7_00046 started with configuration:
╭────────────────────────────────────────────────╮
│ Trial train_fnn_13ce7_00046 config             │
├────────────────────────────────────────────────┤
│ continuous_dim                             102 │
│ dropout_rate                           0.53355 │
│ embedding_dim                               25 │
│ hidden_dim                                  25 │
│ lr                                     0.00014 │
│ num_embeddings                            6642 │
│ num_epochs                                  11 │
│ num_gpus                                     2 │
│ num_layers                                   4 │
│ weight_decay                                 0 │
╰────────────────────────────────────────────────╯

Trial train_fnn_13ce7_00046 errored after 0 iterations at 2024-07-02 22:57:09. Total running time: 2min 23s
Error file: /tmp/ray/session_2024-07-02_22-54-41_444445_3481399/artifacts/2024-07-02_22-54-45/train_fnn_2024-07-02_22-54-45/driver_artifacts/train_fnn_13ce7_00046_46_dropout_rate=0.5335,embedding_dim=25,hidden_dim=25,lr=0.0001,num_layers=4,weight_decay=0.0000_2024-07-02_22-54-46/error.txt

Trial train_fnn_13ce7_00047 started with configuration:
╭────────────────────────────────────────────────╮
│ Trial train_fnn_13ce7_00047 config             │
├────────────────────────────────────────────────┤
│ continuous_dim                             102 │
│ dropout_rate                           0.05237 │
│ embedding_dim                               10 │
│ hidden_dim                                 185 │
│ lr                                           0 │
│ num_embeddings                            6642 │
│ num_epochs                                  11 │
│ num_gpus                                     2 │
│ num_layers                                   4 │
│ weight_decay                           0.00077 │
╰────────────────────────────────────────────────╯

Trial train_fnn_13ce7_00047 errored after 0 iterations at 2024-07-02 22:57:10. Total running time: 2min 24s
Error file: /tmp/ray/session_2024-07-02_22-54-41_444445_3481399/artifacts/2024-07-02_22-54-45/train_fnn_2024-07-02_22-54-45/driver_artifacts/train_fnn_13ce7_00047_47_dropout_rate=0.0524,embedding_dim=10,hidden_dim=185,lr=0.0000,num_layers=4,weight_decay=0.0008_2024-07-02_22-54-46/error.txt

Trial train_fnn_13ce7_00048 started with configuration:
╭────────────────────────────────────────────────╮
│ Trial train_fnn_13ce7_00048 config             │
├────────────────────────────────────────────────┤
│ continuous_dim                             102 │
│ dropout_rate                           0.04142 │
│ embedding_dim                               25 │
│ hidden_dim                                  85 │
│ lr                                     0.00056 │
│ num_embeddings                            6642 │
│ num_epochs                                  11 │
│ num_gpus                                     2 │
│ num_layers                                   4 │
│ weight_decay                             2e-05 │
╰────────────────────────────────────────────────╯

Trial train_fnn_13ce7_00048 errored after 0 iterations at 2024-07-02 22:57:14. Total running time: 2min 28s
Error file: /tmp/ray/session_2024-07-02_22-54-41_444445_3481399/artifacts/2024-07-02_22-54-45/train_fnn_2024-07-02_22-54-45/driver_artifacts/train_fnn_13ce7_00048_48_dropout_rate=0.0414,embedding_dim=25,hidden_dim=85,lr=0.0006,num_layers=4,weight_decay=0.0000_2024-07-02_22-54-46/error.txt

Trial train_fnn_13ce7_00049 started with configuration:
╭────────────────────────────────────────────────╮
│ Trial train_fnn_13ce7_00049 config             │
├────────────────────────────────────────────────┤
│ continuous_dim                             102 │
│ dropout_rate                           0.16116 │
│ embedding_dim                               25 │
│ hidden_dim                                 155 │
│ lr                                     0.00073 │
│ num_embeddings                            6642 │
│ num_epochs                                  11 │
│ num_gpus                                     2 │
│ num_layers                                   1 │
│ weight_decay                           0.00016 │
╰────────────────────────────────────────────────╯

Trial train_fnn_13ce7_00049 errored after 0 iterations at 2024-07-02 22:57:16. Total running time: 2min 30s
Error file: /tmp/ray/session_2024-07-02_22-54-41_444445_3481399/artifacts/2024-07-02_22-54-45/train_fnn_2024-07-02_22-54-45/driver_artifacts/train_fnn_13ce7_00049_49_dropout_rate=0.1612,embedding_dim=25,hidden_dim=155,lr=0.0007,num_layers=1,weight_decay=0.0002_2024-07-02_22-54-46/error.txt

Trial status: 50 ERROR
Current time: 2024-07-02 22:57:16. Total running time: 2min 30s
Logical resource usage: 2.0/40 CPUs, 1.0/2 GPUs (0.0/1.0 accelerator_type:A30)
╭──────────────────────────────────────────────────────────────────────────────────────────────────────────────────────────────────╮
│ Trial name              status       hidden_dim     num_layers     embedding_dim     dropout_rate            lr     weight_decay │
├──────────────────────────────────────────────────────────────────────────────────────────────────────────────────────────────────┤
│ train_fnn_13ce7_00000   ERROR                65              4                25        0.109055    0.00021831       6.17377e-05 │
│ train_fnn_13ce7_00001   ERROR               105              3                25        0.334602    0.000133112      1.1528e-06  │
│ train_fnn_13ce7_00002   ERROR               115              2                20        0.109038    8.1795e-06       3.75206e-05 │
│ train_fnn_13ce7_00003   ERROR               165              3                15        0.225925    1.38037e-06      0.000834193 │
│ train_fnn_13ce7_00004   ERROR               145              3                20        0.287687    5.98747e-05      1.37832e-06 │
│ train_fnn_13ce7_00005   ERROR                85              2                20        0.518789    4.89626e-05      1.43301e-05 │
│ train_fnn_13ce7_00006   ERROR                15              4                20        0.247682    2.32335e-06      3.05866e-05 │
│ train_fnn_13ce7_00007   ERROR               135              1                20        0.108407    0.000184537      1.88568e-05 │
│ train_fnn_13ce7_00008   ERROR                35              5                10        0.428572    0.000658411      0.000483595 │
│ train_fnn_13ce7_00009   ERROR               155              4                 5        0.529033    0.000341666      0.000174566 │
│ train_fnn_13ce7_00010   ERROR               125              1                25        0.443186    1.6736e-06       0.0009134   │
│ train_fnn_13ce7_00011   ERROR               115              3                15        0.391703    0.000153823      0.000205973 │
│ train_fnn_13ce7_00012   ERROR                65              2                 5        0.504078    0.000354908      2.23024e-05 │
│ train_fnn_13ce7_00013   ERROR                45              3                20        0.354281    0.000458816      2.61003e-05 │
│ train_fnn_13ce7_00014   ERROR               135              3                 5        0.399734    5.10452e-06      5.86415e-06 │
│ train_fnn_13ce7_00015   ERROR               145              2                10        0.247242    4.02863e-06      0.000486733 │
│ train_fnn_13ce7_00016   ERROR                35              5                25        0.301514    4.06615e-06      0.000673846 │
│ train_fnn_13ce7_00017   ERROR               185              4                10        0.347151    7.70728e-06      2.07244e-06 │
│ train_fnn_13ce7_00018   ERROR               115              4                20        0.491982    4.1498e-05       0.000264436 │
│ train_fnn_13ce7_00019   ERROR                65              1                 5        0.133085    1.91128e-05      0.000284475 │
│ train_fnn_13ce7_00020   ERROR                65              3                 5        0.271808    0.000119484      6.43039e-06 │
│ train_fnn_13ce7_00021   ERROR                85              4                 5        0.0450418   5.77758e-06      5.50336e-06 │
│ train_fnn_13ce7_00022   ERROR                25              1                25        0.163814    1.29021e-06      6.74051e-05 │
│ train_fnn_13ce7_00023   ERROR                45              1                 5        0.139363    2.72072e-06      2.94007e-05 │
│ train_fnn_13ce7_00024   ERROR                35              3                15        0.140766    0.000256696      2.57574e-05 │
│ train_fnn_13ce7_00025   ERROR               105              1                 5        0.183221    3.62707e-06      1.32533e-06 │
│ train_fnn_13ce7_00026   ERROR                35              3                10        0.28653     4.78065e-06      8.62022e-05 │
│ train_fnn_13ce7_00027   ERROR                 5              2                 5        0.374873    0.000160564      4.23853e-06 │
│ train_fnn_13ce7_00028   ERROR                95              3                20        0.104476    0.000884107      3.54738e-05 │
│ train_fnn_13ce7_00029   ERROR                 5              4                25        0.496226    7.93057e-05      1.04013e-05 │
│ train_fnn_13ce7_00030   ERROR               155              3                20        0.489027    0.000218588      8.43519e-05 │
│ train_fnn_13ce7_00031   ERROR                75              4                30        0.371254    5.52154e-05      1.30872e-05 │
│ train_fnn_13ce7_00032   ERROR               175              2                10        0.383623    9.03408e-05      4.70769e-06 │
│ train_fnn_13ce7_00033   ERROR                 5              5                20        0.207893    0.000170809      0.000145486 │
│ train_fnn_13ce7_00034   ERROR               155              4                15        0.208567    6.24607e-06      5.39472e-06 │
│ train_fnn_13ce7_00035   ERROR               125              3                30        0.499293    2.00994e-05      1.12263e-05 │
│ train_fnn_13ce7_00036   ERROR               145              1                25        0.1343      3.14471e-05      5.20011e-05 │
│ train_fnn_13ce7_00037   ERROR               165              4                20        0.26377     6.89733e-06      0.00044718  │
│ train_fnn_13ce7_00038   ERROR                45              5                 5        0.308493    5.21048e-05      0.000872961 │
│ train_fnn_13ce7_00039   ERROR                 5              3                10        0.310673    0.000643375      0.000122487 │
│ train_fnn_13ce7_00040   ERROR               175              2                15        0.169457    9.28223e-06      0.000351568 │
│ train_fnn_13ce7_00041   ERROR               155              5                10        0.447055    0.000269364      0.000399224 │
│ train_fnn_13ce7_00042   ERROR                65              1                20        0.441079    8.91029e-05      0.000127615 │
│ train_fnn_13ce7_00043   ERROR               115              3                20        0.322587    2.06739e-05      0.000103772 │
│ train_fnn_13ce7_00044   ERROR               165              4                10        0.454204    1.20385e-05      2.40537e-06 │
│ train_fnn_13ce7_00045   ERROR               115              4                25        0.256923    0.000335791      3.82948e-06 │
│ train_fnn_13ce7_00046   ERROR                25              4                25        0.53355     0.000139247      1.32801e-06 │
│ train_fnn_13ce7_00047   ERROR               185              4                10        0.0523664   1.19139e-06      0.000772583 │
│ train_fnn_13ce7_00048   ERROR                85              4                25        0.0414245   0.000556726      2.12352e-05 │
│ train_fnn_13ce7_00049   ERROR               155              1                25        0.161164    0.000732143      0.000163565 │
╰──────────────────────────────────────────────────────────────────────────────────────────────────────────────────────────────────╯

Number of errored trials: 50
╭───────────────────────────────────────────────────────────────────────────────────────────────────────────────────────────────────────────────────────────────────────────────────────────────────────────────────────────────────────────────────────────────────────────────────────────────────────────────────────────────╮
│ Trial name                # failures   error file                                                                                                                                                                                                                                                                             │
├───────────────────────────────────────────────────────────────────────────────────────────────────────────────────────────────────────────────────────────────────────────────────────────────────────────────────────────────────────────────────────────────────────────────────────────────────────────────────────────────┤
│ train_fnn_13ce7_00000              1   /tmp/ray/session_2024-07-02_22-54-41_444445_3481399/artifacts/2024-07-02_22-54-45/train_fnn_2024-07-02_22-54-45/driver_artifacts/train_fnn_13ce7_00000_0_dropout_rate=0.1091,embedding_dim=25,hidden_dim=65,lr=0.0002,num_layers=4,weight_decay=0.0001_2024-07-02_22-54-46/error.txt   │
│ train_fnn_13ce7_00001              1   /tmp/ray/session_2024-07-02_22-54-41_444445_3481399/artifacts/2024-07-02_22-54-45/train_fnn_2024-07-02_22-54-45/driver_artifacts/train_fnn_13ce7_00001_1_dropout_rate=0.3346,embedding_dim=25,hidden_dim=105,lr=0.0001,num_layers=3,weight_decay=0.0000_2024-07-02_22-54-46/error.txt  │
│ train_fnn_13ce7_00002              1   /tmp/ray/session_2024-07-02_22-54-41_444445_3481399/artifacts/2024-07-02_22-54-45/train_fnn_2024-07-02_22-54-45/driver_artifacts/train_fnn_13ce7_00002_2_dropout_rate=0.1090,embedding_dim=20,hidden_dim=115,lr=0.0000,num_layers=2,weight_decay=0.0000_2024-07-02_22-54-46/error.txt  │
│ train_fnn_13ce7_00003              1   /tmp/ray/session_2024-07-02_22-54-41_444445_3481399/artifacts/2024-07-02_22-54-45/train_fnn_2024-07-02_22-54-45/driver_artifacts/train_fnn_13ce7_00003_3_dropout_rate=0.2259,embedding_dim=15,hidden_dim=165,lr=0.0000,num_layers=3,weight_decay=0.0008_2024-07-02_22-54-46/error.txt  │
│ train_fnn_13ce7_00004              1   /tmp/ray/session_2024-07-02_22-54-41_444445_3481399/artifacts/2024-07-02_22-54-45/train_fnn_2024-07-02_22-54-45/driver_artifacts/train_fnn_13ce7_00004_4_dropout_rate=0.2877,embedding_dim=20,hidden_dim=145,lr=0.0001,num_layers=3,weight_decay=0.0000_2024-07-02_22-54-46/error.txt  │
│ train_fnn_13ce7_00005              1   /tmp/ray/session_2024-07-02_22-54-41_444445_3481399/artifacts/2024-07-02_22-54-45/train_fnn_2024-07-02_22-54-45/driver_artifacts/train_fnn_13ce7_00005_5_dropout_rate=0.5188,embedding_dim=20,hidden_dim=85,lr=0.0000,num_layers=2,weight_decay=0.0000_2024-07-02_22-54-46/error.txt   │
│ train_fnn_13ce7_00006              1   /tmp/ray/session_2024-07-02_22-54-41_444445_3481399/artifacts/2024-07-02_22-54-45/train_fnn_2024-07-02_22-54-45/driver_artifacts/train_fnn_13ce7_00006_6_dropout_rate=0.2477,embedding_dim=20,hidden_dim=15,lr=0.0000,num_layers=4,weight_decay=0.0000_2024-07-02_22-54-46/error.txt   │
│ train_fnn_13ce7_00007              1   /tmp/ray/session_2024-07-02_22-54-41_444445_3481399/artifacts/2024-07-02_22-54-45/train_fnn_2024-07-02_22-54-45/driver_artifacts/train_fnn_13ce7_00007_7_dropout_rate=0.1084,embedding_dim=20,hidden_dim=135,lr=0.0002,num_layers=1,weight_decay=0.0000_2024-07-02_22-54-46/error.txt  │
│ train_fnn_13ce7_00008              1   /tmp/ray/session_2024-07-02_22-54-41_444445_3481399/artifacts/2024-07-02_22-54-45/train_fnn_2024-07-02_22-54-45/driver_artifacts/train_fnn_13ce7_00008_8_dropout_rate=0.4286,embedding_dim=10,hidden_dim=35,lr=0.0007,num_layers=5,weight_decay=0.0005_2024-07-02_22-54-46/error.txt   │
│ train_fnn_13ce7_00009              1   /tmp/ray/session_2024-07-02_22-54-41_444445_3481399/artifacts/2024-07-02_22-54-45/train_fnn_2024-07-02_22-54-45/driver_artifacts/train_fnn_13ce7_00009_9_dropout_rate=0.5290,embedding_dim=5,hidden_dim=155,lr=0.0003,num_layers=4,weight_decay=0.0002_2024-07-02_22-54-46/error.txt   │
│ train_fnn_13ce7_00010              1   /tmp/ray/session_2024-07-02_22-54-41_444445_3481399/artifacts/2024-07-02_22-54-45/train_fnn_2024-07-02_22-54-45/driver_artifacts/train_fnn_13ce7_00010_10_dropout_rate=0.4432,embedding_dim=25,hidden_dim=125,lr=0.0000,num_layers=1,weight_decay=0.0009_2024-07-02_22-54-46/error.txt │
│ train_fnn_13ce7_00011              1   /tmp/ray/session_2024-07-02_22-54-41_444445_3481399/artifacts/2024-07-02_22-54-45/train_fnn_2024-07-02_22-54-45/driver_artifacts/train_fnn_13ce7_00011_11_dropout_rate=0.3917,embedding_dim=15,hidden_dim=115,lr=0.0002,num_layers=3,weight_decay=0.0002_2024-07-02_22-54-46/error.txt │
│ train_fnn_13ce7_00012              1   /tmp/ray/session_2024-07-02_22-54-41_444445_3481399/artifacts/2024-07-02_22-54-45/train_fnn_2024-07-02_22-54-45/driver_artifacts/train_fnn_13ce7_00012_12_dropout_rate=0.5041,embedding_dim=5,hidden_dim=65,lr=0.0004,num_layers=2,weight_decay=0.0000_2024-07-02_22-54-46/error.txt   │
│ train_fnn_13ce7_00013              1   /tmp/ray/session_2024-07-02_22-54-41_444445_3481399/artifacts/2024-07-02_22-54-45/train_fnn_2024-07-02_22-54-45/driver_artifacts/train_fnn_13ce7_00013_13_dropout_rate=0.3543,embedding_dim=20,hidden_dim=45,lr=0.0005,num_layers=3,weight_decay=0.0000_2024-07-02_22-54-46/error.txt  │
│ train_fnn_13ce7_00014              1   /tmp/ray/session_2024-07-02_22-54-41_444445_3481399/artifacts/2024-07-02_22-54-45/train_fnn_2024-07-02_22-54-45/driver_artifacts/train_fnn_13ce7_00014_14_dropout_rate=0.3997,embedding_dim=5,hidden_dim=135,lr=0.0000,num_layers=3,weight_decay=0.0000_2024-07-02_22-54-46/error.txt  │
│ train_fnn_13ce7_00015              1   /tmp/ray/session_2024-07-02_22-54-41_444445_3481399/artifacts/2024-07-02_22-54-45/train_fnn_2024-07-02_22-54-45/driver_artifacts/train_fnn_13ce7_00015_15_dropout_rate=0.2472,embedding_dim=10,hidden_dim=145,lr=0.0000,num_layers=2,weight_decay=0.0005_2024-07-02_22-54-46/error.txt │
│ train_fnn_13ce7_00016              1   /tmp/ray/session_2024-07-02_22-54-41_444445_3481399/artifacts/2024-07-02_22-54-45/train_fnn_2024-07-02_22-54-45/driver_artifacts/train_fnn_13ce7_00016_16_dropout_rate=0.3015,embedding_dim=25,hidden_dim=35,lr=0.0000,num_layers=5,weight_decay=0.0007_2024-07-02_22-54-46/error.txt  │
│ train_fnn_13ce7_00017              1   /tmp/ray/session_2024-07-02_22-54-41_444445_3481399/artifacts/2024-07-02_22-54-45/train_fnn_2024-07-02_22-54-45/driver_artifacts/train_fnn_13ce7_00017_17_dropout_rate=0.3472,embedding_dim=10,hidden_dim=185,lr=0.0000,num_layers=4,weight_decay=0.0000_2024-07-02_22-54-46/error.txt │
│ train_fnn_13ce7_00018              1   /tmp/ray/session_2024-07-02_22-54-41_444445_3481399/artifacts/2024-07-02_22-54-45/train_fnn_2024-07-02_22-54-45/driver_artifacts/train_fnn_13ce7_00018_18_dropout_rate=0.4920,embedding_dim=20,hidden_dim=115,lr=0.0000,num_layers=4,weight_decay=0.0003_2024-07-02_22-54-46/error.txt │
│ train_fnn_13ce7_00019              1   /tmp/ray/session_2024-07-02_22-54-41_444445_3481399/artifacts/2024-07-02_22-54-45/train_fnn_2024-07-02_22-54-45/driver_artifacts/train_fnn_13ce7_00019_19_dropout_rate=0.1331,embedding_dim=5,hidden_dim=65,lr=0.0000,num_layers=1,weight_decay=0.0003_2024-07-02_22-54-46/error.txt   │
│ train_fnn_13ce7_00020              1   /tmp/ray/session_2024-07-02_22-54-41_444445_3481399/artifacts/2024-07-02_22-54-45/train_fnn_2024-07-02_22-54-45/driver_artifacts/train_fnn_13ce7_00020_20_dropout_rate=0.2718,embedding_dim=5,hidden_dim=65,lr=0.0001,num_layers=3,weight_decay=0.0000_2024-07-02_22-54-46/error.txt   │
│ train_fnn_13ce7_00021              1   /tmp/ray/session_2024-07-02_22-54-41_444445_3481399/artifacts/2024-07-02_22-54-45/train_fnn_2024-07-02_22-54-45/driver_artifacts/train_fnn_13ce7_00021_21_dropout_rate=0.0450,embedding_dim=5,hidden_dim=85,lr=0.0000,num_layers=4,weight_decay=0.0000_2024-07-02_22-54-46/error.txt   │
│ train_fnn_13ce7_00022              1   /tmp/ray/session_2024-07-02_22-54-41_444445_3481399/artifacts/2024-07-02_22-54-45/train_fnn_2024-07-02_22-54-45/driver_artifacts/train_fnn_13ce7_00022_22_dropout_rate=0.1638,embedding_dim=25,hidden_dim=25,lr=0.0000,num_layers=1,weight_decay=0.0001_2024-07-02_22-54-46/error.txt  │
│ train_fnn_13ce7_00023              1   /tmp/ray/session_2024-07-02_22-54-41_444445_3481399/artifacts/2024-07-02_22-54-45/train_fnn_2024-07-02_22-54-45/driver_artifacts/train_fnn_13ce7_00023_23_dropout_rate=0.1394,embedding_dim=5,hidden_dim=45,lr=0.0000,num_layers=1,weight_decay=0.0000_2024-07-02_22-54-46/error.txt   │
│ train_fnn_13ce7_00024              1   /tmp/ray/session_2024-07-02_22-54-41_444445_3481399/artifacts/2024-07-02_22-54-45/train_fnn_2024-07-02_22-54-45/driver_artifacts/train_fnn_13ce7_00024_24_dropout_rate=0.1408,embedding_dim=15,hidden_dim=35,lr=0.0003,num_layers=3,weight_decay=0.0000_2024-07-02_22-54-46/error.txt  │
│ train_fnn_13ce7_00025              1   /tmp/ray/session_2024-07-02_22-54-41_444445_3481399/artifacts/2024-07-02_22-54-45/train_fnn_2024-07-02_22-54-45/driver_artifacts/train_fnn_13ce7_00025_25_dropout_rate=0.1832,embedding_dim=5,hidden_dim=105,lr=0.0000,num_layers=1,weight_decay=0.0000_2024-07-02_22-54-46/error.txt  │
│ train_fnn_13ce7_00026              1   /tmp/ray/session_2024-07-02_22-54-41_444445_3481399/artifacts/2024-07-02_22-54-45/train_fnn_2024-07-02_22-54-45/driver_artifacts/train_fnn_13ce7_00026_26_dropout_rate=0.2865,embedding_dim=10,hidden_dim=35,lr=0.0000,num_layers=3,weight_decay=0.0001_2024-07-02_22-54-46/error.txt  │
│ train_fnn_13ce7_00027              1   /tmp/ray/session_2024-07-02_22-54-41_444445_3481399/artifacts/2024-07-02_22-54-45/train_fnn_2024-07-02_22-54-45/driver_artifacts/train_fnn_13ce7_00027_27_dropout_rate=0.3749,embedding_dim=5,hidden_dim=5,lr=0.0002,num_layers=2,weight_decay=0.0000_2024-07-02_22-54-46/error.txt    │
│ train_fnn_13ce7_00028              1   /tmp/ray/session_2024-07-02_22-54-41_444445_3481399/artifacts/2024-07-02_22-54-45/train_fnn_2024-07-02_22-54-45/driver_artifacts/train_fnn_13ce7_00028_28_dropout_rate=0.1045,embedding_dim=20,hidden_dim=95,lr=0.0009,num_layers=3,weight_decay=0.0000_2024-07-02_22-54-46/error.txt  │
│ train_fnn_13ce7_00029              1   /tmp/ray/session_2024-07-02_22-54-41_444445_3481399/artifacts/2024-07-02_22-54-45/train_fnn_2024-07-02_22-54-45/driver_artifacts/train_fnn_13ce7_00029_29_dropout_rate=0.4962,embedding_dim=25,hidden_dim=5,lr=0.0001,num_layers=4,weight_decay=0.0000_2024-07-02_22-54-46/error.txt   │
│ train_fnn_13ce7_00030              1   /tmp/ray/session_2024-07-02_22-54-41_444445_3481399/artifacts/2024-07-02_22-54-45/train_fnn_2024-07-02_22-54-45/driver_artifacts/train_fnn_13ce7_00030_30_dropout_rate=0.4890,embedding_dim=20,hidden_dim=155,lr=0.0002,num_layers=3,weight_decay=0.0001_2024-07-02_22-54-46/error.txt │
│ train_fnn_13ce7_00031              1   /tmp/ray/session_2024-07-02_22-54-41_444445_3481399/artifacts/2024-07-02_22-54-45/train_fnn_2024-07-02_22-54-45/driver_artifacts/train_fnn_13ce7_00031_31_dropout_rate=0.3713,embedding_dim=30,hidden_dim=75,lr=0.0001,num_layers=4,weight_decay=0.0000_2024-07-02_22-54-46/error.txt  │
│ train_fnn_13ce7_00032              1   /tmp/ray/session_2024-07-02_22-54-41_444445_3481399/artifacts/2024-07-02_22-54-45/train_fnn_2024-07-02_22-54-45/driver_artifacts/train_fnn_13ce7_00032_32_dropout_rate=0.3836,embedding_dim=10,hidden_dim=175,lr=0.0001,num_layers=2,weight_decay=0.0000_2024-07-02_22-54-46/error.txt │
│ train_fnn_13ce7_00033              1   /tmp/ray/session_2024-07-02_22-54-41_444445_3481399/artifacts/2024-07-02_22-54-45/train_fnn_2024-07-02_22-54-45/driver_artifacts/train_fnn_13ce7_00033_33_dropout_rate=0.2079,embedding_dim=20,hidden_dim=5,lr=0.0002,num_layers=5,weight_decay=0.0001_2024-07-02_22-54-46/error.txt   │
│ train_fnn_13ce7_00034              1   /tmp/ray/session_2024-07-02_22-54-41_444445_3481399/artifacts/2024-07-02_22-54-45/train_fnn_2024-07-02_22-54-45/driver_artifacts/train_fnn_13ce7_00034_34_dropout_rate=0.2086,embedding_dim=15,hidden_dim=155,lr=0.0000,num_layers=4,weight_decay=0.0000_2024-07-02_22-54-46/error.txt │
│ train_fnn_13ce7_00035              1   /tmp/ray/session_2024-07-02_22-54-41_444445_3481399/artifacts/2024-07-02_22-54-45/train_fnn_2024-07-02_22-54-45/driver_artifacts/train_fnn_13ce7_00035_35_dropout_rate=0.4993,embedding_dim=30,hidden_dim=125,lr=0.0000,num_layers=3,weight_decay=0.0000_2024-07-02_22-54-46/error.txt │
│ train_fnn_13ce7_00036              1   /tmp/ray/session_2024-07-02_22-54-41_444445_3481399/artifacts/2024-07-02_22-54-45/train_fnn_2024-07-02_22-54-45/driver_artifacts/train_fnn_13ce7_00036_36_dropout_rate=0.1343,embedding_dim=25,hidden_dim=145,lr=0.0000,num_layers=1,weight_decay=0.0001_2024-07-02_22-54-46/error.txt │
│ train_fnn_13ce7_00037              1   /tmp/ray/session_2024-07-02_22-54-41_444445_3481399/artifacts/2024-07-02_22-54-45/train_fnn_2024-07-02_22-54-45/driver_artifacts/train_fnn_13ce7_00037_37_dropout_rate=0.2638,embedding_dim=20,hidden_dim=165,lr=0.0000,num_layers=4,weight_decay=0.0004_2024-07-02_22-54-46/error.txt │
│ train_fnn_13ce7_00038              1   /tmp/ray/session_2024-07-02_22-54-41_444445_3481399/artifacts/2024-07-02_22-54-45/train_fnn_2024-07-02_22-54-45/driver_artifacts/train_fnn_13ce7_00038_38_dropout_rate=0.3085,embedding_dim=5,hidden_dim=45,lr=0.0001,num_layers=5,weight_decay=0.0009_2024-07-02_22-54-46/error.txt   │
│ train_fnn_13ce7_00039              1   /tmp/ray/session_2024-07-02_22-54-41_444445_3481399/artifacts/2024-07-02_22-54-45/train_fnn_2024-07-02_22-54-45/driver_artifacts/train_fnn_13ce7_00039_39_dropout_rate=0.3107,embedding_dim=10,hidden_dim=5,lr=0.0006,num_layers=3,weight_decay=0.0001_2024-07-02_22-54-46/error.txt   │
│ train_fnn_13ce7_00040              1   /tmp/ray/session_2024-07-02_22-54-41_444445_3481399/artifacts/2024-07-02_22-54-45/train_fnn_2024-07-02_22-54-45/driver_artifacts/train_fnn_13ce7_00040_40_dropout_rate=0.1695,embedding_dim=15,hidden_dim=175,lr=0.0000,num_layers=2,weight_decay=0.0004_2024-07-02_22-54-46/error.txt │
│ train_fnn_13ce7_00041              1   /tmp/ray/session_2024-07-02_22-54-41_444445_3481399/artifacts/2024-07-02_22-54-45/train_fnn_2024-07-02_22-54-45/driver_artifacts/train_fnn_13ce7_00041_41_dropout_rate=0.4471,embedding_dim=10,hidden_dim=155,lr=0.0003,num_layers=5,weight_decay=0.0004_2024-07-02_22-54-46/error.txt │
│ train_fnn_13ce7_00042              1   /tmp/ray/session_2024-07-02_22-54-41_444445_3481399/artifacts/2024-07-02_22-54-45/train_fnn_2024-07-02_22-54-45/driver_artifacts/train_fnn_13ce7_00042_42_dropout_rate=0.4411,embedding_dim=20,hidden_dim=65,lr=0.0001,num_layers=1,weight_decay=0.0001_2024-07-02_22-54-46/error.txt  │
│ train_fnn_13ce7_00043              1   /tmp/ray/session_2024-07-02_22-54-41_444445_3481399/artifacts/2024-07-02_22-54-45/train_fnn_2024-07-02_22-54-45/driver_artifacts/train_fnn_13ce7_00043_43_dropout_rate=0.3226,embedding_dim=20,hidden_dim=115,lr=0.0000,num_layers=3,weight_decay=0.0001_2024-07-02_22-54-46/error.txt │
│ train_fnn_13ce7_00044              1   /tmp/ray/session_2024-07-02_22-54-41_444445_3481399/artifacts/2024-07-02_22-54-45/train_fnn_2024-07-02_22-54-45/driver_artifacts/train_fnn_13ce7_00044_44_dropout_rate=0.4542,embedding_dim=10,hidden_dim=165,lr=0.0000,num_layers=4,weight_decay=0.0000_2024-07-02_22-54-46/error.txt │
│ train_fnn_13ce7_00045              1   /tmp/ray/session_2024-07-02_22-54-41_444445_3481399/artifacts/2024-07-02_22-54-45/train_fnn_2024-07-02_22-54-45/driver_artifacts/train_fnn_13ce7_00045_45_dropout_rate=0.2569,embedding_dim=25,hidden_dim=115,lr=0.0003,num_layers=4,weight_decay=0.0000_2024-07-02_22-54-46/error.txt │
│ train_fnn_13ce7_00046              1   /tmp/ray/session_2024-07-02_22-54-41_444445_3481399/artifacts/2024-07-02_22-54-45/train_fnn_2024-07-02_22-54-45/driver_artifacts/train_fnn_13ce7_00046_46_dropout_rate=0.5335,embedding_dim=25,hidden_dim=25,lr=0.0001,num_layers=4,weight_decay=0.0000_2024-07-02_22-54-46/error.txt  │
│ train_fnn_13ce7_00047              1   /tmp/ray/session_2024-07-02_22-54-41_444445_3481399/artifacts/2024-07-02_22-54-45/train_fnn_2024-07-02_22-54-45/driver_artifacts/train_fnn_13ce7_00047_47_dropout_rate=0.0524,embedding_dim=10,hidden_dim=185,lr=0.0000,num_layers=4,weight_decay=0.0008_2024-07-02_22-54-46/error.txt │
│ train_fnn_13ce7_00048              1   /tmp/ray/session_2024-07-02_22-54-41_444445_3481399/artifacts/2024-07-02_22-54-45/train_fnn_2024-07-02_22-54-45/driver_artifacts/train_fnn_13ce7_00048_48_dropout_rate=0.0414,embedding_dim=25,hidden_dim=85,lr=0.0006,num_layers=4,weight_decay=0.0000_2024-07-02_22-54-46/error.txt  │
│ train_fnn_13ce7_00049              1   /tmp/ray/session_2024-07-02_22-54-41_444445_3481399/artifacts/2024-07-02_22-54-45/train_fnn_2024-07-02_22-54-45/driver_artifacts/train_fnn_13ce7_00049_49_dropout_rate=0.1612,embedding_dim=25,hidden_dim=155,lr=0.0007,num_layers=1,weight_decay=0.0002_2024-07-02_22-54-46/error.txt │
╰───────────────────────────────────────────────────────────────────────────────────────────────────────────────────────────────────────────────────────────────────────────────────────────────────────────────────────────────────────────────────────────────────────────────────────────────────────────────────────────────╯

Traceback (most recent call last):
  File "/zfs/projects/darc/wolee_edehaan_suzienoh-exploratory-ml/kevin/src/main.py", line 350, in <module>
    main()
  File "/zfs/projects/darc/wolee_edehaan_suzienoh-exploratory-ml/kevin/src/main.py", line 303, in main
    best_trial = data_modeler.get_best_trial(
  File "/zfs/projects/darc/wolee_edehaan_suzienoh-exploratory-ml/kevin/src/model_data_nn.py", line 233, in get_best_trial
    result = tune.run(
  File "/zfs/projects/darc/wolee_edehaan_suzienoh-exploratory-ml/kevin/venv/lib/python3.10/site-packages/ray/tune/tune.py", line 1035, in run
    raise TuneError("Trials did not complete", incomplete_trials)
ray.tune.error.TuneError: ('Trials did not complete', [train_fnn_13ce7_00000, train_fnn_13ce7_00001, train_fnn_13ce7_00002, train_fnn_13ce7_00003, train_fnn_13ce7_00004, train_fnn_13ce7_00005, train_fnn_13ce7_00006, train_fnn_13ce7_00007, train_fnn_13ce7_00008, train_fnn_13ce7_00009, train_fnn_13ce7_00010, train_fnn_13ce7_00011, train_fnn_13ce7_00012, train_fnn_13ce7_00013, train_fnn_13ce7_00014, train_fnn_13ce7_00015, train_fnn_13ce7_00016, train_fnn_13ce7_00017, train_fnn_13ce7_00018, train_fnn_13ce7_00019, train_fnn_13ce7_00020, train_fnn_13ce7_00021, train_fnn_13ce7_00022, train_fnn_13ce7_00023, train_fnn_13ce7_00024, train_fnn_13ce7_00025, train_fnn_13ce7_00026, train_fnn_13ce7_00027, train_fnn_13ce7_00028, train_fnn_13ce7_00029, train_fnn_13ce7_00030, train_fnn_13ce7_00031, train_fnn_13ce7_00032, train_fnn_13ce7_00033, train_fnn_13ce7_00034, train_fnn_13ce7_00035, train_fnn_13ce7_00036, train_fnn_13ce7_00037, train_fnn_13ce7_00038, train_fnn_13ce7_00039, train_fnn_13ce7_00040, train_fnn_13ce7_00041, train_fnn_13ce7_00042, train_fnn_13ce7_00043, train_fnn_13ce7_00044, train_fnn_13ce7_00045, train_fnn_13ce7_00046, train_fnn_13ce7_00047, train_fnn_13ce7_00048, train_fnn_13ce7_00049])
